# Alphabetical file listing
# Host:      sunup.math.utah.edu
# Directory: /pub/uuthesis/samplethesis2e
# Date:      Mon Aug 23 21:26:21 MDT 2004
# PROTECTION  BYTES  LAST-WRITE  FILENAME
-rw-rw-r--      849 Dec  2  2003 00dir.cmd
-rw-r--r--     7730 May 30 21:26 00dir.html
-rw-rw-r--     2660 May 30 21:26 00dir.lst
-rw-rw-r--      849 Jun  1 21:26 00tdir.cmd
-rw-r--r--     7740 May 30 21:26 00tdir.html
-rw-rw-r--     2668 May 30 21:26 00tdir.lst
-rw-rw-r--     4248 May 28  2001 Makefile
-rw-rw-r--     4236 May 28  2001 README
-rw-rw-r--      157 Oct 24  1993 abstract.tex
-rw-rw-r--      480 Oct 25  1993 acknowledge.tex
-rw-rw-r--      881 May 28  2001 appendix.aux
-rw-rw-r--     6531 Oct 26  1993 appendix.tex
-rw-rw-r--     5320 Jun 19  1992 auxdefs.sty
-rw-rw-r--      599 Oct 24  1993 box.tex
-rw-rw-r--     2051 May 28  2001 chap1.aux
-rw-rw-r--    12402 Nov 21  1993 chap1.tex
-rw-rw-r--     1813 May 28  2001 chap2.aux
-rw-rw-r--     3543 Nov 21  1993 chap2.tex
-rw-rw-r--     2956 May 28  2001 chap3.aux
-rw-rw-r--     8382 May 28  2001 chap3.tex
-rwxrwxr-x       63 May 28  2001 configure
-rw-rw-r--     6438 Jun 21  1992 diag_examples.tex
-rw-rw-r--    18713 Jun 21  1992 diag_manual.tex
-rw-rw-r--    34079 Oct 25  1993 diagram.sty
-rw-rw-r--    19625 Jul  8  1993 fig1.tex
-rw-rw-r--    23805 Jul  8  1993 fig2.tex
-rw-rw-r--    17203 Jul  8  1993 fig3.tex
-rw-rw-r--     2039 Feb 10  2000 index
-rw-rw-r--     3929 Sep 30  2003 index.html
-rw-rw-r--    19801 Apr 20  1992 lams1.mf
-rw-rw-r--    18956 Apr 20  1992 lams2.mf
-rw-rw-r--    27913 Apr 20  1992 lams3.mf
-rw-rw-r--    18229 Apr 20  1992 lams4.mf
-rw-rw-r--    15782 Apr 20  1992 lams5.mf
-rw-rw-r--    22980 Jul 29  1993 lamsarrow.sty
-rw-rw-r--    22510 Jun 14  1998 multicol.tex
-rw-rw-r--     1881 Jul  8  1993 notation.tex
-rw-rw-r--     4145 Jul  8  1993 rhs.tex
-rw-rw-r--     4148 Jul  8  1993 rhs_mod.tex
-rw-rw-r--      831 Jul  8  1993 tgrind.sty
-rw-rw-r--    10301 Jul 14  1995 tgrindex.tex
-rw-rw-r--    10689 Jul 14  1995 tgrindmac.tex
-rw-rw-r--      774 May 28  2001 thesis.aux
-rw-r--r--     1387 May 28  2001 thesis.bbl
-rw-rw-r--    95138 Jul  8  1993 thesis.bib
-rw-rw-r--   101744 Dec  4  2001 thesis.dvi
-rw-r--r--     1629 May 28  2001 thesis.lof
-rw-r--r--      186 May 28  2001 thesis.lot
-rw-rw-r--   281839 May 28  2001 thesis.pdf
-rw-rw-r--   390399 May 28  2001 thesis.ps
-rw-rw-r--      811 Jul  9  1993 thesis.spell-okay
-rw-rw-r--      723 Oct 23  1993 thesis.sty
-rw-rw-r--     3880 May 28  2001 thesis.tex
-rw-r--r--     2093 May 28  2001 thesis.toc
-rw-rw-r--    69175 Mar 31  1998 uuthesis2e.cls
