This is pdfTeX, Version 3.1415926-2.5-1.40.14 (MiKTeX 2.9) (preloaded format=pdflatex 2015.6.9)  16 SEP 2015 03:56
entering extended mode
**scbEditOneDiss01.tex

("C:\Users\Steve\Documents\GitHub\publish\intropaper\LaTeX Dissertation Files\L
aTeX Dissertation\Dissertation - LaTeX - Final\scbEditOneDiss01.tex"
LaTeX2e <2011/06/27>
Babel <v3.8m> and hyphenation patterns for english, afrikaans, ancientgreek, ar
abic, armenian, assamese, basque, bengali, bokmal, bulgarian, catalan, coptic, 
croatian, czech, danish, dutch, esperanto, estonian, farsi, finnish, french, ga
lician, german, german-x-2013-05-26, greek, gujarati, hindi, hungarian, iceland
ic, indonesian, interlingua, irish, italian, kannada, kurmanji, latin, latvian,
 lithuanian, malayalam, marathi, mongolian, mongolianlmc, monogreek, ngerman, n
german-x-2013-05-26, nynorsk, oriya, panjabi, pinyin, polish, portuguese, roman
ian, russian, sanskrit, serbian, slovak, slovenian, spanish, swedish, swissgerm
an, tamil, telugu, turkish, turkmen, ukenglish, ukrainian, uppersorbian, usengl
ishmax, welsh, loaded.

("C:\Users\Steve\Documents\GitHub\publish\intropaper\LaTeX Dissertation Files\L
aTeX Dissertation\Dissertation - LaTeX - Final\uuthesis2e.cls"
Document Class: uuthesis2e 1998/04/01 v1.3 University of Utah Thesis Class
Document Style `uuthesis2e'. Version 1.8d - 6 Apr 1996

("C:\Users\Steve\Documents\GitHub\publish\intropaper\LaTeX Dissertation Files\L
aTeX Dissertation\Dissertation - LaTeX - Final\Turabian.clo")
("C:\Program Files (x86)\MiKTeX 2.9\tex\latex\base\size12.clo"
File: size12.clo 2007/10/19 v1.4h Standard LaTeX file (size option)
)
Using 12pt option
\footheight=\dimen102
\numberofappendices=\count79
\c@part=\count80
\c@chapter=\count81
\@titlesize=\dimen103
\@maxsize=\dimen104
\c@figure=\count82
\c@table=\count83
\descriptionmargin=\dimen105
\minilength=\skip41
\c@oldchapter=\count84
\c@oldtocdepth=\count85
)
("C:\Users\Steve\Documents\GitHub\publish\intropaper\LaTeX Dissertation Files\L
aTeX Dissertation\Dissertation - LaTeX - Final\amssymb.sty"
Package: amssymb 1996/11/03 v2.2b

("C:\Program Files (x86)\MiKTeX 2.9\tex\latex\amsfonts\amsfonts.sty"
Package: amsfonts 2013/01/14 v3.01 Basic AMSFonts support
\@emptytoks=\toks14
\symAMSa=\mathgroup4
\symAMSb=\mathgroup5
LaTeX Font Info:    Overwriting math alphabet `\mathfrak' in version `bold'
(Font)                  U/euf/m/n --> U/euf/b/n on input line 106.
))
("C:\Program Files (x86)\MiKTeX 2.9\tex\latex\amsmath\amsmath.sty"
Package: amsmath 2013/01/14 v2.14 AMS math features
\@mathmargin=\skip42

For additional information on amsmath, use the `?' option.
("C:\Program Files (x86)\MiKTeX 2.9\tex\latex\amsmath\amstext.sty"
Package: amstext 2000/06/29 v2.01

("C:\Program Files (x86)\MiKTeX 2.9\tex\latex\amsmath\amsgen.sty"
File: amsgen.sty 1999/11/30 v2.0
\@emptytoks=\toks15
\ex@=\dimen106
))
("C:\Program Files (x86)\MiKTeX 2.9\tex\latex\amsmath\amsbsy.sty"
Package: amsbsy 1999/11/29 v1.2d
\pmbraise@=\dimen107
)
("C:\Program Files (x86)\MiKTeX 2.9\tex\latex\amsmath\amsopn.sty"
Package: amsopn 1999/12/14 v2.01 operator names
)
\inf@bad=\count86
LaTeX Info: Redefining \frac on input line 210.
\uproot@=\count87
\leftroot@=\count88
LaTeX Info: Redefining \overline on input line 306.
\classnum@=\count89
\DOTSCASE@=\count90
LaTeX Info: Redefining \ldots on input line 378.
LaTeX Info: Redefining \dots on input line 381.
LaTeX Info: Redefining \cdots on input line 466.
\Mathstrutbox@=\box26
\strutbox@=\box27
\big@size=\dimen108
LaTeX Font Info:    Redeclaring font encoding OML on input line 566.
LaTeX Font Info:    Redeclaring font encoding OMS on input line 567.
\macc@depth=\count91
\c@MaxMatrixCols=\count92
\dotsspace@=\muskip10
\c@parentequation=\count93
\dspbrk@lvl=\count94
\tag@help=\toks16
\row@=\count95
\column@=\count96
\maxfields@=\count97
\andhelp@=\toks17
\eqnshift@=\dimen109
\alignsep@=\dimen110
\tagshift@=\dimen111
\tagwidth@=\dimen112
\totwidth@=\dimen113
\lineht@=\dimen114
\@envbody=\toks18
\multlinegap=\skip43
\multlinetaggap=\skip44
\mathdisplay@stack=\toks19
LaTeX Info: Redefining \[ on input line 2665.
LaTeX Info: Redefining \] on input line 2666.
)
("C:\Users\Steve\Documents\GitHub\publish\intropaper\LaTeX Dissertation Files\L
aTeX Dissertation\Dissertation - LaTeX - Final\thesis.sty"
\c@thrm=\count98
)
("C:\Program Files (x86)\MiKTeX 2.9\tex\latex\graphics\lscape.sty"
Package: lscape 2000/10/22 v3.01 Landscape Pages (DPC)

("C:\Program Files (x86)\MiKTeX 2.9\tex\latex\graphics\graphics.sty"
Package: graphics 2009/02/05 v1.0o Standard LaTeX Graphics (DPC,SPQR)

("C:\Program Files (x86)\MiKTeX 2.9\tex\latex\graphics\trig.sty"
Package: trig 1999/03/16 v1.09 sin cos tan (DPC)
)
("C:\Program Files (x86)\MiKTeX 2.9\tex\latex\00miktex\graphics.cfg"
File: graphics.cfg 2007/01/18 v1.5 graphics configuration of teTeX/TeXLive
)
Package graphics Info: Driver file: pdftex.def on input line 91.

("C:\Program Files (x86)\MiKTeX 2.9\tex\latex\pdftex-def\pdftex.def"
File: pdftex.def 2011/05/27 v0.06d Graphics/color for pdfTeX

("C:\Program Files (x86)\MiKTeX 2.9\tex\generic\oberdiek\infwarerr.sty"
Package: infwarerr 2010/04/08 v1.3 Providing info/warning/error messages (HO)
)
("C:\Program Files (x86)\MiKTeX 2.9\tex\generic\oberdiek\ltxcmds.sty"
Package: ltxcmds 2011/11/09 v1.22 LaTeX kernel commands for general use (HO)
)
\Gread@gobject=\count99
)))
("C:\Program Files (x86)\MiKTeX 2.9\tex\latex\graphics\graphicx.sty"
Package: graphicx 1999/02/16 v1.0f Enhanced LaTeX Graphics (DPC,SPQR)

("C:\Program Files (x86)\MiKTeX 2.9\tex\latex\graphics\keyval.sty"
Package: keyval 1999/03/16 v1.13 key=value parser (DPC)
\KV@toks@=\toks20
)
\Gin@req@height=\dimen115
\Gin@req@width=\dimen116
)
("C:\Program Files (x86)\MiKTeX 2.9\tex\latex\eepic\epic.sty"
Enhancements to Picture Environment. Version 1.2 - Released June 1, 1986
\@@multicnt=\count100
\d@lta=\count101
\@delta=\dimen117
\@@delta=\dimen118
\@gridcnt=\count102
\@joinkind=\count103
\@dotgap=\dimen119
\@ddotgap=\dimen120
\@x@diff=\count104
\@y@diff=\count105
\x@diff=\dimen121
\y@diff=\dimen122
\@dotbox=\box28
\num@segments=\count106
\num@segmentsi=\count107
\@datafile=\read1
) ("C:\Program Files (x86)\MiKTeX 2.9\tex\latex\eepic\eepic.sty"
Extension to Epic and LaTeX. Version 1.1e - Released Dec 21, 1999
\@gphlinewidth=\count108
\@eepictcnt=\count109
\@tempdimc=\dimen123
\maxovaldiam=\dimen124
\@filltype=\box29
) ("C:\Program Files (x86)\MiKTeX 2.9\tex\latex\rotating\rotating.sty"
Package: rotating 2009/03/28 v2.16a rotated objects in LaTeX

("C:\Program Files (x86)\MiKTeX 2.9\tex\latex\base\ifthen.sty"
Package: ifthen 2001/05/26 v1.1c Standard LaTeX ifthen package (DPC)
)
\c@r@tfl@t=\count110
\rotFPtop=\skip45
\rotFPbot=\skip46
\rot@float@box=\box30
\rot@mess@toks=\toks21
)
("C:\Program Files (x86)\MiKTeX 2.9\tex\latex\tools\verbatim.sty"
Package: verbatim 2003/08/22 v1.5q LaTeX2e package for verbatim enhancements
\every@verbatim=\toks22
\verbatim@line=\toks23
\verbatim@in@stream=\read2
)
("C:\Program Files (x86)\MiKTeX 2.9\tex\latex\pdfpages\pdfpages.sty"
Package: pdfpages 2015/05/11 v0.4x Insert pages of external PDF documents (AM)

("C:\Program Files (x86)\MiKTeX 2.9\tex\latex\tools\calc.sty"
Package: calc 2007/08/22 v4.3 Infix arithmetic (KKT,FJ)
\calc@Acount=\count111
\calc@Bcount=\count112
\calc@Adimen=\dimen125
\calc@Bdimen=\dimen126
\calc@Askip=\skip47
\calc@Bskip=\skip48
LaTeX Info: Redefining \setlength on input line 76.
LaTeX Info: Redefining \addtolength on input line 77.
\calc@Ccount=\count113
\calc@Cskip=\skip49
)
("C:\Program Files (x86)\MiKTeX 2.9\tex\latex\eso-pic\eso-pic.sty"
Package: eso-pic 2015/04/20 v2.0e eso-pic (RN)

("C:\Program Files (x86)\MiKTeX 2.9\tex\generic\oberdiek\atbegshi.sty"
Package: atbegshi 2011/10/05 v1.16 At begin shipout hook (HO)

("C:\Program Files (x86)\MiKTeX 2.9\tex\generic\oberdiek\ifpdf.sty"
Package: ifpdf 2011/01/30 v2.3 Provides the ifpdf switch (HO)
Package ifpdf Info: pdfTeX in PDF mode is detected.
))
("C:\Program Files (x86)\MiKTeX 2.9\tex\latex\xcolor\xcolor.sty"
Package: xcolor 2007/01/21 v2.11 LaTeX color extensions (UK)

("C:\Program Files (x86)\MiKTeX 2.9\tex\latex\00miktex\color.cfg"
File: color.cfg 2007/01/18 v1.5 color configuration of teTeX/TeXLive
)
Package xcolor Info: Driver file: pdftex.def on input line 225.
Package xcolor Info: Model `cmy' substituted by `cmy0' on input line 1337.
Package xcolor Info: Model `hsb' substituted by `rgb' on input line 1341.
Package xcolor Info: Model `RGB' extended on input line 1353.
Package xcolor Info: Model `HTML' substituted by `rgb' on input line 1355.
Package xcolor Info: Model `Hsb' substituted by `hsb' on input line 1356.
Package xcolor Info: Model `tHsb' substituted by `hsb' on input line 1357.
Package xcolor Info: Model `HSB' substituted by `hsb' on input line 1358.
Package xcolor Info: Model `Gray' substituted by `gray' on input line 1359.
Package xcolor Info: Model `wave' substituted by `hsb' on input line 1360.
))
\AM@pagewidth=\dimen127
\AM@pageheight=\dimen128

("C:\Program Files (x86)\MiKTeX 2.9\tex\latex\pdfpages\pppdftex.def"
File: pppdftex.def 2015/05/11 v0.4x Pdfpages driver for pdfTeX (AM)
)
\AM@pagebox=\box31
\AM@toc@title=\toks24
\c@AM@survey=\count114
\AM@templatesizebox=\box32
)
("C:\Program Files (x86)\MiKTeX 2.9\tex\latex\txfonts\txfonts.sty"
Package: txfonts 2008/01/22 v3.2.1
LaTeX Font Info:    Redeclaring symbol font `operators' on input line 21.
LaTeX Font Info:    Overwriting symbol font `operators' in version `normal'
(Font)                  OT1/cmr/m/n --> OT1/txr/m/n on input line 21.
LaTeX Font Info:    Overwriting symbol font `operators' in version `bold'
(Font)                  OT1/cmr/bx/n --> OT1/txr/m/n on input line 21.
LaTeX Font Info:    Overwriting symbol font `operators' in version `bold'
(Font)                  OT1/txr/m/n --> OT1/txr/bx/n on input line 22.
\symitalic=\mathgroup6
LaTeX Font Info:    Overwriting symbol font `italic' in version `bold'
(Font)                  OT1/txr/m/it --> OT1/txr/bx/it on input line 26.
LaTeX Font Info:    Redeclaring math alphabet \mathbf on input line 29.
LaTeX Font Info:    Overwriting math alphabet `\mathbf' in version `normal'
(Font)                  OT1/cmr/bx/n --> OT1/txr/bx/n on input line 29.
LaTeX Font Info:    Overwriting math alphabet `\mathbf' in version `bold'
(Font)                  OT1/cmr/bx/n --> OT1/txr/bx/n on input line 29.
LaTeX Font Info:    Redeclaring math alphabet \mathit on input line 30.
LaTeX Font Info:    Overwriting math alphabet `\mathit' in version `normal'
(Font)                  OT1/cmr/m/it --> OT1/txr/m/it on input line 30.
LaTeX Font Info:    Overwriting math alphabet `\mathit' in version `bold'
(Font)                  OT1/cmr/bx/it --> OT1/txr/m/it on input line 30.
LaTeX Font Info:    Overwriting math alphabet `\mathit' in version `bold'
(Font)                  OT1/txr/m/it --> OT1/txr/bx/it on input line 31.
LaTeX Font Info:    Redeclaring math alphabet \mathsf on input line 40.
LaTeX Font Info:    Overwriting math alphabet `\mathsf' in version `normal'
(Font)                  OT1/cmss/m/n --> OT1/txss/m/n on input line 40.
LaTeX Font Info:    Overwriting math alphabet `\mathsf' in version `bold'
(Font)                  OT1/cmss/bx/n --> OT1/txss/m/n on input line 40.
LaTeX Font Info:    Overwriting math alphabet `\mathsf' in version `bold'
(Font)                  OT1/txss/m/n --> OT1/txss/b/n on input line 41.
LaTeX Font Info:    Redeclaring math alphabet \mathtt on input line 50.
LaTeX Font Info:    Overwriting math alphabet `\mathtt' in version `normal'
(Font)                  OT1/cmtt/m/n --> OT1/txtt/m/n on input line 50.
LaTeX Font Info:    Overwriting math alphabet `\mathtt' in version `bold'
(Font)                  OT1/cmtt/m/n --> OT1/txtt/m/n on input line 50.
LaTeX Font Info:    Overwriting math alphabet `\mathtt' in version `bold'
(Font)                  OT1/txtt/m/n --> OT1/txtt/b/n on input line 51.
LaTeX Font Info:    Redeclaring symbol font `letters' on input line 58.
LaTeX Font Info:    Overwriting symbol font `letters' in version `normal'
(Font)                  OML/cmm/m/it --> OML/txmi/m/it on input line 58.
LaTeX Font Info:    Overwriting symbol font `letters' in version `bold'
(Font)                  OML/cmm/b/it --> OML/txmi/m/it on input line 58.
LaTeX Font Info:    Overwriting symbol font `letters' in version `bold'
(Font)                  OML/txmi/m/it --> OML/txmi/bx/it on input line 59.
\symlettersA=\mathgroup7
LaTeX Font Info:    Overwriting symbol font `lettersA' in version `bold'
(Font)                  U/txmia/m/it --> U/txmia/bx/it on input line 67.
LaTeX Font Info:    Redeclaring math alphabet \mathfrak on input line 70.
LaTeX Font Info:    Redeclaring symbol font `symbols' on input line 77.
LaTeX Font Info:    Overwriting symbol font `symbols' in version `normal'
(Font)                  OMS/cmsy/m/n --> OMS/txsy/m/n on input line 77.
LaTeX Font Info:    Overwriting symbol font `symbols' in version `bold'
(Font)                  OMS/cmsy/b/n --> OMS/txsy/m/n on input line 77.
LaTeX Font Info:    Overwriting symbol font `symbols' in version `bold'
(Font)                  OMS/txsy/m/n --> OMS/txsy/bx/n on input line 78.
LaTeX Font Info:    Redeclaring symbol font `AMSa' on input line 93.
LaTeX Font Info:    Overwriting symbol font `AMSa' in version `normal'
(Font)                  U/msa/m/n --> U/txsya/m/n on input line 93.
LaTeX Font Info:    Overwriting symbol font `AMSa' in version `bold'
(Font)                  U/msa/m/n --> U/txsya/m/n on input line 93.
LaTeX Font Info:    Overwriting symbol font `AMSa' in version `bold'
(Font)                  U/txsya/m/n --> U/txsya/bx/n on input line 94.
LaTeX Font Info:    Redeclaring symbol font `AMSb' on input line 102.
LaTeX Font Info:    Overwriting symbol font `AMSb' in version `normal'
(Font)                  U/msb/m/n --> U/txsyb/m/n on input line 102.
LaTeX Font Info:    Overwriting symbol font `AMSb' in version `bold'
(Font)                  U/msb/m/n --> U/txsyb/m/n on input line 102.
LaTeX Font Info:    Overwriting symbol font `AMSb' in version `bold'
(Font)                  U/txsyb/m/n --> U/txsyb/bx/n on input line 103.
\symsymbolsC=\mathgroup8
LaTeX Font Info:    Overwriting symbol font `symbolsC' in version `bold'
(Font)                  U/txsyc/m/n --> U/txsyc/bx/n on input line 113.
LaTeX Font Info:    Redeclaring symbol font `largesymbols' on input line 120.
LaTeX Font Info:    Overwriting symbol font `largesymbols' in version `normal'
(Font)                  OMX/cmex/m/n --> OMX/txex/m/n on input line 120.
LaTeX Font Info:    Overwriting symbol font `largesymbols' in version `bold'
(Font)                  OMX/cmex/m/n --> OMX/txex/m/n on input line 120.
LaTeX Font Info:    Overwriting symbol font `largesymbols' in version `bold'
(Font)                  OMX/txex/m/n --> OMX/txex/bx/n on input line 121.
\symlargesymbolsA=\mathgroup9
LaTeX Font Info:    Overwriting symbol font `largesymbolsA' in version `bold'
(Font)                  U/txexa/m/n --> U/txexa/bx/n on input line 129.
LaTeX Info: Redefining \not on input line 1043.
)
("C:\Program Files (x86)\MiKTeX 2.9\tex\latex\pgf\utilities\pgfpages.sty"
Package: pgfpages 2011/01/05 ver 0.02

("C:\Program Files (x86)\MiKTeX 2.9\tex\latex\pgf\basiclayer\pgfcore.sty"
("C:\Program Files (x86)\MiKTeX 2.9\tex\latex\pgf\systemlayer\pgfsys.sty"
("C:\Program Files (x86)\MiKTeX 2.9\tex\latex\pgf\utilities\pgfrcs.sty"
("C:\Program Files (x86)\MiKTeX 2.9\tex\generic\pgf\utilities\pgfutil-common.te
x"
\pgfutil@everybye=\toks25
\pgfutil@tempdima=\dimen129
\pgfutil@tempdimb=\dimen130

("C:\Program Files (x86)\MiKTeX 2.9\tex\generic\pgf\utilities\pgfutil-common-li
sts.tex"))
("C:\Program Files (x86)\MiKTeX 2.9\tex\generic\pgf\utilities\pgfutil-latex.def
"
\pgfutil@abb=\box33
 ("C:\Program Files (x86)\MiKTeX 2.9\tex\latex\ms\everyshi.sty"
Package: everyshi 2001/05/15 v3.00 EveryShipout Package (MS)
))
("C:\Program Files (x86)\MiKTeX 2.9\tex\generic\pgf\utilities\pgfrcs.code.tex"
Package: pgfrcs 2013/12/20 v3.0.0 (rcs-revision 1.28)
))
("C:\Program Files (x86)\MiKTeX 2.9\tex\generic\pgf\systemlayer\pgfsys.code.tex
"
Package: pgfsys 2013/11/30 v3.0.0 (rcs-revision 1.47)
 ("C:\Program Files (x86)\MiKTeX 2.9\tex\generic\pgf\utilities\pgfkeys.code.tex
"
\pgfkeys@pathtoks=\toks26
\pgfkeys@temptoks=\toks27

("C:\Program Files (x86)\MiKTeX 2.9\tex\generic\pgf\utilities\pgfkeysfiltered.c
ode.tex"
\pgfkeys@tmptoks=\toks28
))
\pgf@x=\dimen131
\pgf@y=\dimen132
\pgf@xa=\dimen133
\pgf@ya=\dimen134
\pgf@xb=\dimen135
\pgf@yb=\dimen136
\pgf@xc=\dimen137
\pgf@yc=\dimen138
\w@pgf@writea=\write3
\r@pgf@reada=\read3
\c@pgf@counta=\count115
\c@pgf@countb=\count116
\c@pgf@countc=\count117
\c@pgf@countd=\count118
\t@pgf@toka=\toks29
\t@pgf@tokb=\toks30
\t@pgf@tokc=\toks31

("C:\Program Files (x86)\MiKTeX 2.9\tex\generic\pgf\systemlayer\pgf.cfg"
File: pgf.cfg 2008/05/14  (rcs-revision 1.7)
)
Driver file for pgf: pgfsys-pdftex.def

("C:\Program Files (x86)\MiKTeX 2.9\tex\generic\pgf\systemlayer\pgfsys-pdftex.d
ef"
File: pgfsys-pdftex.def 2013/07/18  (rcs-revision 1.33)

("C:\Program Files (x86)\MiKTeX 2.9\tex\generic\pgf\systemlayer\pgfsys-common-p
df.def"
File: pgfsys-common-pdf.def 2013/10/10  (rcs-revision 1.13)
)))
("C:\Program Files (x86)\MiKTeX 2.9\tex\generic\pgf\systemlayer\pgfsyssoftpath.
code.tex"
File: pgfsyssoftpath.code.tex 2013/09/09  (rcs-revision 1.9)
\pgfsyssoftpath@smallbuffer@items=\count119
\pgfsyssoftpath@bigbuffer@items=\count120
)
("C:\Program Files (x86)\MiKTeX 2.9\tex\generic\pgf\systemlayer\pgfsysprotocol.
code.tex"
File: pgfsysprotocol.code.tex 2006/10/16  (rcs-revision 1.4)
))
("C:\Program Files (x86)\MiKTeX 2.9\tex\generic\pgf\basiclayer\pgfcore.code.tex
"
Package: pgfcore 2010/04/11 v3.0.0 (rcs-revision 1.7)
 ("C:\Program Files (x86)\MiKTeX 2.9\tex\generic\pgf\math\pgfmath.code.tex"
("C:\Program Files (x86)\MiKTeX 2.9\tex\generic\pgf\math\pgfmathcalc.code.tex"
("C:\Program Files (x86)\MiKTeX 2.9\tex\generic\pgf\math\pgfmathutil.code.tex")
("C:\Program Files (x86)\MiKTeX 2.9\tex\generic\pgf\math\pgfmathparser.code.tex
"
\pgfmath@dimen=\dimen139
\pgfmath@count=\count121
\pgfmath@box=\box34
\pgfmath@toks=\toks32
\pgfmath@stack@operand=\toks33
\pgfmath@stack@operation=\toks34
)
("C:\Program Files (x86)\MiKTeX 2.9\tex\generic\pgf\math\pgfmathfunctions.code.
tex"
("C:\Program Files (x86)\MiKTeX 2.9\tex\generic\pgf\math\pgfmathfunctions.basic
.code.tex")
("C:\Program Files (x86)\MiKTeX 2.9\tex\generic\pgf\math\pgfmathfunctions.trigo
nometric.code.tex")
("C:\Program Files (x86)\MiKTeX 2.9\tex\generic\pgf\math\pgfmathfunctions.rando
m.code.tex")
("C:\Program Files (x86)\MiKTeX 2.9\tex\generic\pgf\math\pgfmathfunctions.compa
rison.code.tex")
("C:\Program Files (x86)\MiKTeX 2.9\tex\generic\pgf\math\pgfmathfunctions.base.
code.tex")
("C:\Program Files (x86)\MiKTeX 2.9\tex\generic\pgf\math\pgfmathfunctions.round
.code.tex")
("C:\Program Files (x86)\MiKTeX 2.9\tex\generic\pgf\math\pgfmathfunctions.misc.
code.tex")
("C:\Program Files (x86)\MiKTeX 2.9\tex\generic\pgf\math\pgfmathfunctions.integ
erarithmetics.code.tex")))
("C:\Program Files (x86)\MiKTeX 2.9\tex\generic\pgf\math\pgfmathfloat.code.tex"
\c@pgfmathroundto@lastzeros=\count122
))
("C:\Program Files (x86)\MiKTeX 2.9\tex\generic\pgf\basiclayer\pgfcorepoints.co
de.tex"
File: pgfcorepoints.code.tex 2013/10/07  (rcs-revision 1.27)
\pgf@picminx=\dimen140
\pgf@picmaxx=\dimen141
\pgf@picminy=\dimen142
\pgf@picmaxy=\dimen143
\pgf@pathminx=\dimen144
\pgf@pathmaxx=\dimen145
\pgf@pathminy=\dimen146
\pgf@pathmaxy=\dimen147
\pgf@xx=\dimen148
\pgf@xy=\dimen149
\pgf@yx=\dimen150
\pgf@yy=\dimen151
\pgf@zx=\dimen152
\pgf@zy=\dimen153
)
("C:\Program Files (x86)\MiKTeX 2.9\tex\generic\pgf\basiclayer\pgfcorepathconst
ruct.code.tex"
File: pgfcorepathconstruct.code.tex 2013/10/07  (rcs-revision 1.29)
\pgf@path@lastx=\dimen154
\pgf@path@lasty=\dimen155
)
("C:\Program Files (x86)\MiKTeX 2.9\tex\generic\pgf\basiclayer\pgfcorepathusage
.code.tex"
File: pgfcorepathusage.code.tex 2013/12/13  (rcs-revision 1.23)
\pgf@shorten@end@additional=\dimen156
\pgf@shorten@start@additional=\dimen157
)
("C:\Program Files (x86)\MiKTeX 2.9\tex\generic\pgf\basiclayer\pgfcorescopes.co
de.tex"
File: pgfcorescopes.code.tex 2013/10/09  (rcs-revision 1.44)
\pgfpic=\box35
\pgf@hbox=\box36
\pgf@layerbox@main=\box37
\pgf@picture@serial@count=\count123
)
("C:\Program Files (x86)\MiKTeX 2.9\tex\generic\pgf\basiclayer\pgfcoregraphicst
ate.code.tex"
File: pgfcoregraphicstate.code.tex 2013/09/19  (rcs-revision 1.11)
\pgflinewidth=\dimen158
)
("C:\Program Files (x86)\MiKTeX 2.9\tex\generic\pgf\basiclayer\pgfcoretransform
ations.code.tex"
File: pgfcoretransformations.code.tex 2013/10/10  (rcs-revision 1.17)
\pgf@pt@x=\dimen159
\pgf@pt@y=\dimen160
\pgf@pt@temp=\dimen161
)
("C:\Program Files (x86)\MiKTeX 2.9\tex\generic\pgf\basiclayer\pgfcorequick.cod
e.tex"
File: pgfcorequick.code.tex 2008/10/09  (rcs-revision 1.3)
)
("C:\Program Files (x86)\MiKTeX 2.9\tex\generic\pgf\basiclayer\pgfcoreobjects.c
ode.tex"
File: pgfcoreobjects.code.tex 2006/10/11  (rcs-revision 1.2)
)
("C:\Program Files (x86)\MiKTeX 2.9\tex\generic\pgf\basiclayer\pgfcorepathproce
ssing.code.tex"
File: pgfcorepathprocessing.code.tex 2013/09/09  (rcs-revision 1.9)
)
("C:\Program Files (x86)\MiKTeX 2.9\tex\generic\pgf\basiclayer\pgfcorearrows.co
de.tex"
File: pgfcorearrows.code.tex 2013/11/07  (rcs-revision 1.40)
\pgfarrowsep=\dimen162
)
("C:\Program Files (x86)\MiKTeX 2.9\tex\generic\pgf\basiclayer\pgfcoreshade.cod
e.tex"
File: pgfcoreshade.code.tex 2013/07/15  (rcs-revision 1.15)
\pgf@max=\dimen163
\pgf@sys@shading@range@num=\count124
)
("C:\Program Files (x86)\MiKTeX 2.9\tex\generic\pgf\basiclayer\pgfcoreimage.cod
e.tex"
File: pgfcoreimage.code.tex 2013/07/15  (rcs-revision 1.18)

("C:\Program Files (x86)\MiKTeX 2.9\tex\generic\pgf\basiclayer\pgfcoreexternal.
code.tex"
File: pgfcoreexternal.code.tex 2013/07/15  (rcs-revision 1.20)
\pgfexternal@startupbox=\box38
))
("C:\Program Files (x86)\MiKTeX 2.9\tex\generic\pgf\basiclayer\pgfcorelayers.co
de.tex"
File: pgfcorelayers.code.tex 2013/07/18  (rcs-revision 1.7)
)
("C:\Program Files (x86)\MiKTeX 2.9\tex\generic\pgf\basiclayer\pgfcoretranspare
ncy.code.tex"
File: pgfcoretransparency.code.tex 2013/09/30  (rcs-revision 1.5)
)
("C:\Program Files (x86)\MiKTeX 2.9\tex\generic\pgf\basiclayer\pgfcorepatterns.
code.tex"
File: pgfcorepatterns.code.tex 2013/11/07  (rcs-revision 1.5)
)))
\pgf@logicalpages=\count125
\pgf@firstshipout=\count126
\pgf@lastshipout=\count127
\pgf@currentshipout=\count128
\pgf@cpn=\count129
\pgf@shipoutnextto=\count130
\pgfphysicalheight=\dimen164
\pgfphysicalwidth=\dimen165
\pgfpages@shipoutbox=\box39
)
("C:\Program Files (x86)\MiKTeX 2.9\tex\latex\booktabs\booktabs.sty"
Package: booktabs 2005/04/14 v1.61803 publication quality tables
\heavyrulewidth=\dimen166
\lightrulewidth=\dimen167
\cmidrulewidth=\dimen168
\belowrulesep=\dimen169
\belowbottomsep=\dimen170
\aboverulesep=\dimen171
\abovetopsep=\dimen172
\cmidrulesep=\dimen173
\cmidrulekern=\dimen174
\defaultaddspace=\dimen175
\@cmidla=\count131
\@cmidlb=\count132
\@aboverulesep=\dimen176
\@belowrulesep=\dimen177
\@thisruleclass=\count133
\@lastruleclass=\count134
\@thisrulewidth=\dimen178
)
("C:\Program Files (x86)\MiKTeX 2.9\tex\latex\tools\longtable.sty"
Package: longtable 2004/02/01 v4.11 Multi-page Table package (DPC)
\LTleft=\skip50
\LTright=\skip51
\LTpre=\skip52
\LTpost=\skip53
\LTchunksize=\count135
\LTcapwidth=\dimen179
\LT@head=\box40
\LT@firsthead=\box41
\LT@foot=\box42
\LT@lastfoot=\box43
\LT@cols=\count136
\LT@rows=\count137
\c@LT@tables=\count138
\c@LT@chunks=\count139
\LT@p@ftn=\toks35
)
("C:\Program Files (x86)\MiKTeX 2.9\tex\latex\ltxmisc\chngpage.sty"
Package: chngpage 2003/08/10 v1.2 change page layout
\c@cp@cnt=\count140
\c@cp@tempcnt=\count141
)
("C:\Program Files (x86)\MiKTeX 2.9\tex\latex\subfig\subfig.sty"
Package: subfig 2005/06/28 ver: 1.3 subfig package


Package subfig Warning: Your document class has a bad definition
 of \endfigure, most likely
 \let\endfigure=\end@float
 which has now been changed to
 \def\endfigure{\end@float}
 because otherwise subsequent changes to \end@float
 (like done by several packages changing float behaviour)
 can't take effect on \endfigure.
 Please complain to your document class author.


Package subfig Warning: Your document class has a bad definition
 of \endtable, most likely
 \let\endtable=\end@float
 which has now been changed to
 \def\endtable{\end@float}
 because otherwise subsequent changes to \end@float
 (like done by several packages changing float behaviour)
 can't take effect on \endtable.
 Please complain to your document class author.

("C:\Program Files (x86)\MiKTeX 2.9\tex\latex\caption\caption.sty"
Package: caption 2013/05/02 v3.3-89 Customizing captions (AR)

("C:\Program Files (x86)\MiKTeX 2.9\tex\latex\caption\caption3.sty"
Package: caption3 2013/05/02 v1.6-88 caption3 kernel (AR)
Package caption3 Info: TeX engine: e-TeX on input line 57.
\captionmargin=\dimen180
\captionmargin@=\dimen181
\captionwidth=\dimen182
\caption@tempdima=\dimen183
\caption@indent=\dimen184
\caption@parindent=\dimen185
\caption@hangindent=\dimen186
\abovecaptionskip=\skip54
\belowcaptionskip=\skip55
Package caption Info: Unknown document class (or package),
(caption)             standard defaults will be used.
)

Package caption Warning: Unsupported document class (or package) detected,
(caption)                usage of the caption package is not recommended.
See the caption package documentation for explanation.

Package caption Info: \@makecaption = \long macro:#1#2-> \vskip \captionlineski
p \baselineskip =\captionlineskip \setbox \@tempboxa \hbox {{#1}. #2}\ifdim \wd
 \@tempboxa >\hsize \unhbox \@tempboxa \par \else \centering {#1}. #2 \fi .
\c@ContinuedFloat=\count142
Package caption Info: longtable package is loaded.
("C:\Program Files (x86)\MiKTeX 2.9\tex\latex\caption\ltcaption.sty"
Package: ltcaption 2013/02/03 v1.3-62 longtable captions (AR)
)
Package caption Info: rotating package is loaded.
)
\c@KVtest=\count143
\sf@farskip=\skip56
\sf@captopadj=\dimen187
\sf@capskip=\skip57
\sf@nearskip=\skip58
\c@subfigure=\count144
\c@subfigure@save=\count145
\c@lofdepth=\count146
\c@subtable=\count147
\c@subtable@save=\count148
\c@lotdepth=\count149
\sf@top=\skip59
\sf@bottom=\skip60
)
("C:\Program Files (x86)\MiKTeX 2.9\tex\latex\float\float.sty"
Package: float 2001/11/08 v1.3d Float enhancements (AL)
\c@float@type=\count150
\float@exts=\toks36
\float@box=\box44
\@float@everytoks=\toks37
\@floatcapt=\box45
)
("C:\Program Files (x86)\MiKTeX 2.9\tex\latex\geometry\geometry.sty"
Package: geometry 2010/09/12 v5.6 Page Geometry

("C:\Program Files (x86)\MiKTeX 2.9\tex\generic\oberdiek\ifvtex.sty"
Package: ifvtex 2010/03/01 v1.5 Detect VTeX and its facilities (HO)
Package ifvtex Info: VTeX not detected.
)
("C:\Program Files (x86)\MiKTeX 2.9\tex\generic\ifxetex\ifxetex.sty"
Package: ifxetex 2010/09/12 v0.6 Provides ifxetex conditional
)
\Gm@cnth=\count151
\Gm@cntv=\count152
\c@Gm@tempcnt=\count153
\Gm@bindingoffset=\dimen188
\Gm@wd@mp=\dimen189
\Gm@odd@mp=\dimen190
\Gm@even@mp=\dimen191
\Gm@layoutwidth=\dimen192
\Gm@layoutheight=\dimen193
\Gm@layouthoffset=\dimen194
\Gm@layoutvoffset=\dimen195
\Gm@dimlist=\toks38

("C:\Program Files (x86)\MiKTeX 2.9\tex\latex\geometry\geometry.cfg"))
("C:\Program Files (x86)\MiKTeX 2.9\tex\latex\tools\afterpage.sty"
Package: afterpage 1995/10/27 v1.08 After-Page Package (DPC)
\AP@output=\toks39
\AP@partial=\box46
\AP@footins=\box47
)
\c@section=\count154
\c@subsection=\count155
\c@paragraph=\count156
\c@subsubsection=\count157

("C:\Users\Steve\Documents\GitHub\publish\intropaper\LaTeX Dissertation Files\L
aTeX Dissertation\Dissertation - LaTeX - Final\scbEditOneDiss01.aux"
("C:\Users\Steve\Documents\GitHub\publish\intropaper\LaTeX Dissertation Files\L
aTeX Dissertation\Dissertation - LaTeX - Final\scbEditOneintropaper.aux")
("C:\Users\Steve\Documents\GitHub\publish\intropaper\LaTeX Dissertation Files\L
aTeX Dissertation\Dissertation - LaTeX - Final\scbEditOnepaper1.aux"

LaTeX Warning: Label `eq:mrp1' multiply defined.

)
("C:\Users\Steve\Documents\GitHub\publish\intropaper\LaTeX Dissertation Files\L
aTeX Dissertation\Dissertation - LaTeX - Final\scbEditOnepaper2.aux")
("C:\Users\Steve\Documents\GitHub\publish\intropaper\LaTeX Dissertation Files\L
aTeX Dissertation\Dissertation - LaTeX - Final\scbappendix1.aux"

LaTeX Warning: Label `chineseDynasties' multiply defined.

)

LaTeX Warning: Label `eq:mrp1' multiply defined.

)
LaTeX Font Info:    Checking defaults for OML/txmi/m/it on input line 106.
LaTeX Font Info:    Try loading font information for OML+txmi on input line 106
.
 ("C:\Program Files (x86)\MiKTeX 2.9\tex\latex\txfonts\omltxmi.fd"
File: omltxmi.fd 2000/12/15 v3.1
)
LaTeX Font Info:    ... okay on input line 106.
LaTeX Font Info:    Checking defaults for T1/cmr/m/n on input line 106.
LaTeX Font Info:    ... okay on input line 106.
LaTeX Font Info:    Checking defaults for OT1/cmr/m/n on input line 106.
LaTeX Font Info:    ... okay on input line 106.
LaTeX Font Info:    Checking defaults for OMS/txsy/m/n on input line 106.
LaTeX Font Info:    Try loading font information for OMS+txsy on input line 106
.

("C:\Program Files (x86)\MiKTeX 2.9\tex\latex\txfonts\omstxsy.fd"
File: omstxsy.fd 2000/12/15 v3.1
)
LaTeX Font Info:    ... okay on input line 106.
LaTeX Font Info:    Checking defaults for OMX/txex/m/n on input line 106.
LaTeX Font Info:    Try loading font information for OMX+txex on input line 106
.

("C:\Program Files (x86)\MiKTeX 2.9\tex\latex\txfonts\omxtxex.fd"
File: omxtxex.fd 2000/12/15 v3.1
)
LaTeX Font Info:    ... okay on input line 106.
LaTeX Font Info:    Checking defaults for U/txexa/m/n on input line 106.
LaTeX Font Info:    Try loading font information for U+txexa on input line 106.


("C:\Program Files (x86)\MiKTeX 2.9\tex\latex\txfonts\utxexa.fd"
File: utxexa.fd 2000/12/15 v3.1
)
LaTeX Font Info:    ... okay on input line 106.
LaTeX Font Info:    Try loading font information for OT1+txr on input line 106.


("C:\Program Files (x86)\MiKTeX 2.9\tex\latex\txfonts\ot1txr.fd"
File: ot1txr.fd 2000/12/15 v3.1
)
("C:\Program Files (x86)\MiKTeX 2.9\tex\context\base\supp-pdf.mkii"
[Loading MPS to PDF converter (version 2006.09.02).]
\scratchcounter=\count158
\scratchdimen=\dimen196
\scratchbox=\box48
\nofMPsegments=\count159
\nofMParguments=\count160
\everyMPshowfont=\toks40
\MPscratchCnt=\count161
\MPscratchDim=\dimen197
\MPnumerator=\count162
\makeMPintoPDFobject=\count163
\everyMPtoPDFconversion=\toks41
)
\AtBeginShipoutBox=\box49
 ABD: EveryShipout initializing macros
Package caption Info: Begin \AtBeginDocument code.
Package caption Info: subfig package v1.3 is loaded.
Package caption Info: float package is loaded.
Package caption Info: End \AtBeginDocument code.

*geometry* driver: auto-detecting
*geometry* detected driver: pdftex
*geometry* verbose mode - [ preamble ] result:
* driver: pdftex
* paper: custom
* layout: <same size as paper>
* layoutoffset:(h,v)=(0.0pt,0.0pt)
* modes: includehead 
* h-part:(L,W,R)=(90.3375pt, 433.62pt, 90.33751pt)
* v-part:(T,H,B)=(72.26999pt, 614.295pt, 108.405pt)
* \paperwidth=614.295pt
* \paperheight=794.96999pt
* \textwidth=433.62pt
* \textheight=579.04536pt
* \oddsidemargin=18.0675pt
* \evensidemargin=18.0675pt
* \topmargin=0.0pt
* \headheight=11.74988pt
* \headsep=23.49976pt
* \topskip=10.0pt
* \footskip=10.0pt
* \marginparwidth=0.0pt
* \marginparsep=10.0pt
* \columnsep=0.0pt
* \skip\footins=11.74988pt plus 4.0pt minus 2.0pt
* \hoffset=0.0pt
* \voffset=0.0pt
* \mag=1000
* \@twocolumnfalse
* \@twosidefalse
* \@mparswitchfalse
* \@reversemarginfalse
* (1in=72.27pt=25.4mm, 1cm=28.453pt)

LaTeX Font Info:    Try loading font information for U+txsya on input line 113.

("C:\Program Files (x86)\MiKTeX 2.9\tex\latex\txfonts\utxsya.fd"
File: utxsya.fd 2000/12/15 v3.1
)
LaTeX Font Info:    Try loading font information for U+txsyb on input line 113.


("C:\Program Files (x86)\MiKTeX 2.9\tex\latex\txfonts\utxsyb.fd"
File: utxsyb.fd 2000/12/15 v3.1
)
LaTeX Font Info:    Try loading font information for U+txmia on input line 113.


("C:\Program Files (x86)\MiKTeX 2.9\tex\latex\txfonts\utxmia.fd"
File: utxmia.fd 2000/12/15 v3.1
)
LaTeX Font Info:    Try loading font information for U+txsyc on input line 113.


("C:\Program Files (x86)\MiKTeX 2.9\tex\latex\txfonts\utxsyc.fd"
File: utxsyc.fd 2000/12/15 v3.1
)
Title.
[-1

]
Overfull \vbox (13.22661pt too high) has occurred while \output is active []


[0{C:/ProgramData/MiKTeX/2.9/pdftex/config/pdftex.map}]
LaTeX Font Info:    Try loading font information for OMS+txr on input line 114.


("C:\Program Files (x86)\MiKTeX 2.9\tex\latex\txfonts\omstxr.fd"
File: omstxr.fd 2000/12/15 v3.1
)
LaTeX Font Info:    Font shape `OMS/txr/m/n' in size <12> not available
(Font)              Font shape `OMS/txsy/m/n' tried instead on input line 114.

Copyright.
[0]
<C:/Users/Steve/Desktop/VAT/Projects/Research/Dissertation/Statement-of-Approva
l-PhD1-2.pdf, id=17, 614.295pt x 794.97pt>
File: C:/Users/Steve/Desktop/VAT/Projects/Research/Dissertation/Statement-of-Ap
proval-PhD1-2.pdf Graphic file (type pdf)

<use C:/Users/Steve/Desktop/VAT/Projects/Research/Dissertation/Statement-of-App
roval-PhD1-2.pdf>
Package pdftex.def Info: C:/Users/Steve/Desktop/VAT/Projects/Research/Dissertat
ion/Statement-of-Approval-PhD1-2.pdf used on input line 116.
(pdftex.def)             Requested size: 614.29349pt x 794.96806pt.
File: C:/Users/Steve/Desktop/VAT/Projects/Research/Dissertation/Statement-of-Ap
proval-PhD1-2.pdf Graphic file (type pdf)

<use C:/Users/Steve/Desktop/VAT/Projects/Research/Dissertation/Statement-of-App
roval-PhD1-2.pdf>
Package pdftex.def Info: C:/Users/Steve/Desktop/VAT/Projects/Research/Dissertat
ion/Statement-of-Approval-PhD1-2.pdf used on input line 116.
(pdftex.def)             Requested size: 614.29349pt x 794.96806pt.

<C:/Users/Steve/Desktop/VAT/Projects/Research/Dissertation/Statement-of-Approva
l-PhD1-2.pdf, id=20, page=1, 614.295pt x 794.97pt>
File: C:/Users/Steve/Desktop/VAT/Projects/Research/Dissertation/Statement-of-Ap
proval-PhD1-2.pdf Graphic file (type pdf)

<use C:/Users/Steve/Desktop/VAT/Projects/Research/Dissertation/Statement-of-App
roval-PhD1-2.pdf, page 1>
Package pdftex.def Info: C:/Users/Steve/Desktop/VAT/Projects/Research/Dissertat
ion/Statement-of-Approval-PhD1-2.pdf, page1 used on input line 116.
(pdftex.def)             Requested size: 614.29349pt x 794.96806pt.
File: C:/Users/Steve/Desktop/VAT/Projects/Research/Dissertation/Statement-of-Ap
proval-PhD1-2.pdf Graphic file (type pdf)

<use C:/Users/Steve/Desktop/VAT/Projects/Research/Dissertation/Statement-of-App
roval-PhD1-2.pdf, page 1>
Package pdftex.def Info: C:/Users/Steve/Desktop/VAT/Projects/Research/Dissertat
ion/Statement-of-Approval-PhD1-2.pdf, page1 used on input line 116.
(pdftex.def)             Requested size: 614.58406pt x 795.3441pt.
File: C:/Users/Steve/Desktop/VAT/Projects/Research/Dissertation/Statement-of-Ap
proval-PhD1-2.pdf Graphic file (type pdf)

<use C:/Users/Steve/Desktop/VAT/Projects/Research/Dissertation/Statement-of-App
roval-PhD1-2.pdf, page 1>
Package pdftex.def Info: C:/Users/Steve/Desktop/VAT/Projects/Research/Dissertat
ion/Statement-of-Approval-PhD1-2.pdf, page1 used on input line 116.
(pdftex.def)             Requested size: 614.58406pt x 795.3441pt.
File: C:/Users/Steve/Desktop/VAT/Projects/Research/Dissertation/Statement-of-Ap
proval-PhD1-2.pdf Graphic file (type pdf)

<use C:/Users/Steve/Desktop/VAT/Projects/Research/Dissertation/Statement-of-App
roval-PhD1-2.pdf, page 1>
Package pdftex.def Info: C:/Users/Steve/Desktop/VAT/Projects/Research/Dissertat
ion/Statement-of-Approval-PhD1-2.pdf, page1 used on input line 116.
(pdftex.def)             Requested size: 614.58406pt x 795.3441pt.
File: C:/Users/Steve/Desktop/VAT/Projects/Research/Dissertation/Statement-of-Ap
proval-PhD1-2.pdf Graphic file (type pdf)

<use C:/Users/Steve/Desktop/VAT/Projects/Research/Dissertation/Statement-of-App
roval-PhD1-2.pdf, page 1>
Package pdftex.def Info: C:/Users/Steve/Desktop/VAT/Projects/Research/Dissertat
ion/Statement-of-Approval-PhD1-2.pdf, page1 used on input line 116.
(pdftex.def)             Requested size: 614.58406pt x 795.3441pt.
 [1 <C:/Users/Steve/Desktop/VAT/Projects/Research/Dissertation/Statement-of-App
roval-PhD1-2.pdf>]
("C:\Users\Steve\Documents\GitHub\publish\intropaper\LaTeX Dissertation Files\L
aTeX Dissertation\Dissertation - LaTeX - Final\abstract.tex" [3])
Abstract.
[4]
Dedication.
[5]
("C:\Users\Steve\Documents\GitHub\publish\intropaper\LaTeX Dissertation Files\L
aTeX Dissertation\Dissertation - LaTeX - Final\scbEditOneDiss01.toc"
Underfull \hbox (badness 10000) in paragraph at lines 62--62

 []

[6])
\tf@toc=\write4

Contents.
[7]
List of Figures.

("C:\Users\Steve\Documents\GitHub\publish\intropaper\LaTeX Dissertation Files\L
aTeX Dissertation\Dissertation - LaTeX - Final\scbEditOneDiss01.lof" [8])
\tf@lof=\write5

[9]
List of Tables.

("C:\Users\Steve\Documents\GitHub\publish\intropaper\LaTeX Dissertation Files\L
aTeX Dissertation\Dissertation - LaTeX - Final\scbEditOneDiss01.lot"
Overfull \hbox (15.36009pt too wide) in paragraph at lines 9--9
 [] []\OT1/txr/m/n/12 Chinese pop-u-la-tion dy-nam-ics 742--1064 CE. \OT1/txr/m
/it/12 Source: \OT1/txr/m/n/12 data from Robert Hartwell 
 []

)
\tf@lot=\write6
 [10]
("C:\Users\Steve\Documents\GitHub\publish\intropaper\LaTeX Dissertation Files\L
aTeX Dissertation\Dissertation - LaTeX - Final\acknowledge.tex")
Acknowledgments.
[11]
("C:\Users\Steve\Documents\GitHub\publish\intropaper\LaTeX Dissertation Files\L
aTeX Dissertation\Dissertation - LaTeX - Final\scbEditOneintropaper.tex"
CHAPTER 1.
[1


]
Title Error: (522.02747pt too wide)
Page 2, Title="Chapter 2 -- ``Energy and institutions: What really happened in 
the English Industrial Revolution? What did not happen in China?''"

[2] [3] [4]
Title Error: (139.40582pt too wide)
Page 5, Title="Chapter 3 --- ``The rise of industrial capitalism. What happens 
next?''"

) [5] [6]
("C:\Users\Steve\Documents\GitHub\publish\intropaper\LaTeX Dissertation Files\L
aTeX Dissertation\Dissertation - LaTeX - Final\scbEditOnepaper1.tex"
CHAPTER 2.

Overfull \hbox (1.1488pt too wide) in paragraph at lines 15--17
[]\OT1/txr/m/n/12 The out-come should pro-vide in-sights into eco-nomic de-vel-
op-ment for growth economists
 []

[7



] [8] [9] [10] [11] [12] [13] [14] [15]
Overfull \hbox (3.43207pt too wide) in paragraph at lines 89--90
\OT1/txr/m/n/12 through any-where. In-stead, all these core ar-eas were ex-pe-r
i-enc-ing mod-est per-capita growth,
 []

[16] [17] [18] [19] [20] [21] [22]
<C:/Users/Steve/Documents/GitHub/publish/diss2/images/overallLevels.png, id=132
, 481.8pt x 481.8pt>
File: C:/Users/Steve/Documents/GitHub/publish/diss2/images/overallLevels.png Gr
aphic file (type png)

<use C:/Users/Steve/Documents/GitHub/publish/diss2/images/overallLevels.png>
Package pdftex.def Info: C:/Users/Steve/Documents/GitHub/publish/diss2/images/o
verallLevels.png used on input line 198.
(pdftex.def)             Requested size: 390.25534pt x 390.2632pt.

[23]
<C:/Users/Steve/Documents/GitHub/publish/diss2/images/ggdp.png, id=136, 505.649
1pt x 505.6491pt>
File: C:/Users/Steve/Documents/GitHub/publish/diss2/images/ggdp.png Graphic fil
e (type png)

<use C:/Users/Steve/Documents/GitHub/publish/diss2/images/ggdp.png>
Package pdftex.def Info: C:/Users/Steve/Documents/GitHub/publish/diss2/images/g
gdp.png used on input line 213.
(pdftex.def)             Requested size: 216.81pt x 216.80762pt.

<C:/Users/Steve/Documents/GitHub/publish/diss2/images/ggdppop.png, id=137, 505.
6491pt x 505.6491pt>
File: C:/Users/Steve/Documents/GitHub/publish/diss2/images/ggdppop.png Graphic 
file (type png)

<use C:/Users/Steve/Documents/GitHub/publish/diss2/images/ggdppop.png>
Package pdftex.def Info: C:/Users/Steve/Documents/GitHub/publish/diss2/images/g
gdppop.png used on input line 213.
(pdftex.def)             Requested size: 216.81pt x 216.80762pt.
 [24 <C:/Users/Steve/Documents/GitHub/publish/diss2/images/overallLevels.png>]
<C:/Users/Steve/Documents/GitHub/publish/diss2/images/gdpLog.png, id=143, 505.6
491pt x 505.6491pt>
File: C:/Users/Steve/Documents/GitHub/publish/diss2/images/gdpLog.png Graphic f
ile (type png)

<use C:/Users/Steve/Documents/GitHub/publish/diss2/images/gdpLog.png>
Package pdftex.def Info: C:/Users/Steve/Documents/GitHub/publish/diss2/images/g
dpLog.png used on input line 231.
(pdftex.def)             Requested size: 216.81pt x 216.80762pt.

<C:/Users/Steve/Documents/GitHub/publish/diss2/images/gdpPopLog.png, id=144, 50
5.6491pt x 505.6491pt>
File: C:/Users/Steve/Documents/GitHub/publish/diss2/images/gdpPopLog.png Graphi
c file (type png)

<use C:/Users/Steve/Documents/GitHub/publish/diss2/images/gdpPopLog.png>
Package pdftex.def Info: C:/Users/Steve/Documents/GitHub/publish/diss2/images/g
dpPopLog.png used on input line 231.
(pdftex.def)             Requested size: 216.81pt x 216.80762pt.

[25 <C:/Users/Steve/Documents/GitHub/publish/diss2/images/ggdp.png> <C:/Users/S
teve/Documents/GitHub/publish/diss2/images/ggdppop.png>]
Overfull \hbox (1.3794pt too wide) in paragraph at lines 245--263
[][]
 []


Underfull \hbox (badness 10000) in paragraph at lines 245--263

 []


<C:/Users/Steve/Documents/GitHub/publish/diss2/images/popLog.png, id=150, 491.4
36pt x 491.436pt>
File: C:/Users/Steve/Documents/GitHub/publish/diss2/images/popLog.png Graphic f
ile (type png)

<use C:/Users/Steve/Documents/GitHub/publish/diss2/images/popLog.png>
Package pdftex.def Info: C:/Users/Steve/Documents/GitHub/publish/diss2/images/p
opLog.png used on input line 273.
(pdftex.def)             Requested size: 346.89731pt x 346.91235pt.
 [26 <C:/Users/Steve/Documents/GitHub/publish/diss2/images/gdpLog.png> <C:/User
s/Steve/Documents/GitHub/publish/diss2/images/gdpPopLog.png>] [27] [28 <C:/User
s/Steve/Documents/GitHub/publish/diss2/images/popLog.png>]
<C:/Users/Steve/Documents/GitHub/publish/diss2/images/energyLog1.png, id=163, 5
05.6491pt x 505.6491pt>
File: C:/Users/Steve/Documents/GitHub/publish/diss2/images/energyLog1.png Graph
ic file (type png)

<use C:/Users/Steve/Documents/GitHub/publish/diss2/images/energyLog1.png>
Package pdftex.def Info: C:/Users/Steve/Documents/GitHub/publish/diss2/images/e
nergyLog1.png used on input line 290.
(pdftex.def)             Requested size: 346.89731pt x 346.90762pt.

<C:/Users/Steve/Documents/GitHub/publish/diss2/images/energyVsGdp.png, id=164, 
481.8pt x 481.8pt>
File: C:/Users/Steve/Documents/GitHub/publish/diss2/images/energyVsGdp.png Grap
hic file (type png)

<use C:/Users/Steve/Documents/GitHub/publish/diss2/images/energyVsGdp.png>
Package pdftex.def Info: C:/Users/Steve/Documents/GitHub/publish/diss2/images/e
nergyVsGdp.png used on input line 305.
(pdftex.def)             Requested size: 216.81pt x 216.80798pt.

<C:/Users/Steve/Documents/GitHub/publish/diss2/images/energyVsGdpDiff.png, id=1
65, 722.7pt x 722.7pt>
File: C:/Users/Steve/Documents/GitHub/publish/diss2/images/energyVsGdpDiff.png 
Graphic file (type png)

<use C:/Users/Steve/Documents/GitHub/publish/diss2/images/energyVsGdpDiff.png>
Package pdftex.def Info: C:/Users/Steve/Documents/GitHub/publish/diss2/images/e
nergyVsGdpDiff.png used on input line 305.
(pdftex.def)             Requested size: 216.81pt x 216.81166pt.

[29]
Overfull \hbox (10.16086pt too wide) in paragraph at lines 319--320
[]\OT1/txr/m/n/12 To for-mal-ize the ob-ser-va-tions in the pre-vi-ous sec-tion
 cor-re-la-tions, paired t--tests, Granger--
 []

[30 <C:/Users/Steve/Documents/GitHub/publish/diss2/images/energyLog1.png>]
[31 <C:/Users/Steve/Documents/GitHub/publish/diss2/images/energyVsGdp.png> <C:/
Users/Steve/Documents/GitHub/publish/diss2/images/energyVsGdpDiff.png>]
<C:/Users/Steve/Documents/GitHub/publish/diss2/images/scatterplot.png, id=179, 
674.52pt x 674.52pt>
File: C:/Users/Steve/Documents/GitHub/publish/diss2/images/scatterplot.png Grap
hic file (type png)

<use C:/Users/Steve/Documents/GitHub/publish/diss2/images/scatterplot.png>
Package pdftex.def Info: C:/Users/Steve/Documents/GitHub/publish/diss2/images/s
catterplot.png used on input line 360.
(pdftex.def)             Requested size: 346.89731pt x 346.90309pt.

[32]
Overfull \hbox (4.4732pt too wide) in paragraph at lines 377--389
[][]
 []


Underfull \hbox (badness 10000) in paragraph at lines 377--389

 []

[33 <C:/Users/Steve/Documents/GitHub/publish/diss2/images/scatterplot.png>]
[34]
File: C:/Users/Steve/Documents/GitHub/publish/diss2/images/energyLog1.png Graph
ic file (type png)
 <use C:/Users/Steve/Documents/GitHub/publish/diss2/images/energyLog1.png>
Package pdftex.def Info: C:/Users/Steve/Documents/GitHub/publish/diss2/images/e
nergyLog1.png used on input line 416.
(pdftex.def)             Requested size: 143.09538pt x 143.09302pt.

<C:/Users/Steve/Documents/GitHub/publish/diss2/images/gbpgdplog.png, id=190, 49
1.436pt x 491.436pt>
File: C:/Users/Steve/Documents/GitHub/publish/diss2/images/gbpgdplog.png Graphi
c file (type png)

<use C:/Users/Steve/Documents/GitHub/publish/diss2/images/gbpgdplog.png>
Package pdftex.def Info: C:/Users/Steve/Documents/GitHub/publish/diss2/images/g
bpgdplog.png used on input line 416.
(pdftex.def)             Requested size: 143.09538pt x 143.09769pt.
File: C:/Users/Steve/Documents/GitHub/publish/diss2/images/popLog.png Graphic f
ile (type png)

<use C:/Users/Steve/Documents/GitHub/publish/diss2/images/popLog.png>
Package pdftex.def Info: C:/Users/Steve/Documents/GitHub/publish/diss2/images/p
opLog.png used on input line 416.
(pdftex.def)             Requested size: 143.09538pt x 143.09769pt.
 [35 <C:/Users/Steve/Documents/GitHub/publish/diss2/images/gbpgdplog.png>]
<C:/Users/Steve/Documents/GitHub/publish/diss2/images/2000_Year_Temperature_Com
parison.png, id=195, 602.25pt x 444.66125pt>
File: C:/Users/Steve/Documents/GitHub/publish/diss2/images/2000_Year_Temperatur
e_Comparison.png Graphic file (type png)

<use C:/Users/Steve/Documents/GitHub/publish/diss2/images/2000_Year_Temperature
_Comparison.png>
Package pdftex.def Info: C:/Users/Steve/Documents/GitHub/publish/diss2/images/2
000_Year_Temperature_Comparison.png used on input line 431.
(pdftex.def)             Requested size: 390.25534pt x 288.15112pt.
 [36 <C:/Users/Steve/Documents/GitHub/publish/diss2/images/2000_Year_Temperatur
e_Comparison.png>] [37]
<C:/Users/Steve/Documents/GitHub/publish/diss2/images/woodCoal.png, id=204, 390
.258pt x 325.215pt>
File: C:/Users/Steve/Documents/GitHub/publish/diss2/images/woodCoal.png Graphic
 file (type png)

<use C:/Users/Steve/Documents/GitHub/publish/diss2/images/woodCoal.png>
Package pdftex.def Info: C:/Users/Steve/Documents/GitHub/publish/diss2/images/w
oodCoal.png used on input line 451.
(pdftex.def)             Requested size: 346.89731pt x 289.08315pt.

[38 <C:/Users/Steve/Documents/GitHub/publish/diss2/images/woodCoal.png>]
[39]
Overfull \hbox (71.19603pt too wide) in alignment at lines 474--478
 [] [] 
 []


Overfull \hbox (71.19603pt too wide) in alignment at lines 478--479
 [] [] 
 []


Overfull \hbox (71.19603pt too wide) in alignment at lines 479--500
 [] [] 
 []

Missing character: There is no é in font txr!
Missing character: There is no é in font txr!

Overfull \hbox (71.19603pt too wide) in alignment at lines 500--512
 [] [] 
 []


LaTeX Warning: Float too large for page by 20.3524pt on input line 516.

[40] [41] [42

] [43] [44]
<C:/Users/Steve/Documents/GitHub/publish/1310utahSoc/images/maddisonregpoplevel
s1900.png, id=227, 505.6491pt x 505.6491pt>
File: C:/Users/Steve/Documents/GitHub/publish/1310utahSoc/images/maddisonregpop
levels1900.png Graphic file (type png)

<use C:/Users/Steve/Documents/GitHub/publish/1310utahSoc/images/maddisonregpopl
evels1900.png>
Package pdftex.def Info: C:/Users/Steve/Documents/GitHub/publish/1310utahSoc/im
ages/maddisonregpoplevels1900.png used on input line 680.
(pdftex.def)             Requested size: 216.81pt x 216.80762pt.

<C:/Users/Steve/Documents/GitHub/publish/1310utahSoc/images/maddisonreggdplevel
s1900.png, id=228, 505.6491pt x 505.6491pt>
File: C:/Users/Steve/Documents/GitHub/publish/1310utahSoc/images/maddisonreggdp
levels1900.png Graphic file (type png)

<use C:/Users/Steve/Documents/GitHub/publish/1310utahSoc/images/maddisonreggdpl
evels1900.png>
Package pdftex.def Info: C:/Users/Steve/Documents/GitHub/publish/1310utahSoc/im
ages/maddisonreggdplevels1900.png used on input line 681.
(pdftex.def)             Requested size: 216.81pt x 216.80762pt.

Overfull \hbox (2.28pt too wide) in paragraph at lines 680--684
[][] [] 
 []


Underfull \hbox (badness 10000) in paragraph at lines 680--684

 []


<C:/Users/Steve/Documents/GitHub/publish/1310utahSoc/images/maddisonregpoppct.p
ng, id=229, 505.6491pt x 505.6491pt>
File: C:/Users/Steve/Documents/GitHub/publish/1310utahSoc/images/maddisonregpop
pct.png Graphic file (type png)

<use C:/Users/Steve/Documents/GitHub/publish/1310utahSoc/images/maddisonregpopp
ct.png>
Package pdftex.def Info: C:/Users/Steve/Documents/GitHub/publish/1310utahSoc/im
ages/maddisonregpoppct.png used on input line 691.
(pdftex.def)             Requested size: 216.81pt x 216.80762pt.

<C:/Users/Steve/Documents/GitHub/publish/1310utahSoc/images/maddisonreggdppct.p
ng, id=230, 505.6491pt x 505.6491pt>
File: C:/Users/Steve/Documents/GitHub/publish/1310utahSoc/images/maddisonreggdp
pct.png Graphic file (type png)

<use C:/Users/Steve/Documents/GitHub/publish/1310utahSoc/images/maddisonreggdpp
ct.png>
Package pdftex.def Info: C:/Users/Steve/Documents/GitHub/publish/1310utahSoc/im
ages/maddisonreggdppct.png used on input line 692.
(pdftex.def)             Requested size: 216.81pt x 216.80762pt.

Overfull \hbox (2.28pt too wide) in paragraph at lines 691--693
[][] [] 
 []


Overfull \hbox (2.90082pt too wide) in paragraph at lines 700--701
[]\OT1/txr/m/n/12 The pat-tern of faster pop-u-la-tion growth rate in both Chi-
nese and En-glish proto--industrial
 []

[45 <C:/Users/Steve/Documents/GitHub/publish/1310utahSoc/images/maddisonregpopl
evels1900.png> <C:/Users/Steve/Documents/GitHub/publish/1310utahSoc/images/madd
isonreggdplevels1900.png>]
<C:/Users/Steve/Documents/GitHub/publish/1310utahSoc/images/ggdpcapitadodge.png
, id=236, 505.6491pt x 505.6491pt>
File: C:/Users/Steve/Documents/GitHub/publish/1310utahSoc/images/ggdpcapitadodg
e.png Graphic file (type png)

<use C:/Users/Steve/Documents/GitHub/publish/1310utahSoc/images/ggdpcapitadodge
.png>
Package pdftex.def Info: C:/Users/Steve/Documents/GitHub/publish/1310utahSoc/im
ages/ggdpcapitadodge.png used on input line 709.
(pdftex.def)             Requested size: 346.89731pt x 346.90762pt.
 [46 <C:/Users/Steve/Documents/GitHub/publish/1310utahSoc/images/maddisonregpop
pct.png> <C:/Users/Steve/Documents/GitHub/publish/1310utahSoc/images/maddisonre
ggdppct.png>]
<C:/Users/Steve/Documents/GitHub/publish/1310utahSoc/images/1500pop.png, id=242
, 457.71pt x 265.99374pt>
File: C:/Users/Steve/Documents/GitHub/publish/1310utahSoc/images/1500pop.png Gr
aphic file (type png)

<use C:/Users/Steve/Documents/GitHub/publish/1310utahSoc/images/1500pop.png>
Package pdftex.def Info: C:/Users/Steve/Documents/GitHub/publish/1310utahSoc/im
ages/1500pop.png used on input line 725.
(pdftex.def)             Requested size: 303.53267pt x 176.40062pt.

[47 <C:/Users/Steve/Documents/GitHub/publish/1310utahSoc/images/ggdpcapitadodge
.png>]
<C:/Users/Steve/Documents/GitHub/publish/1310utahSoc/images/1820pop.png, id=247
, 457.71pt x 265.99374pt>
File: C:/Users/Steve/Documents/GitHub/publish/1310utahSoc/images/1820pop.png Gr
aphic file (type png)

<use C:/Users/Steve/Documents/GitHub/publish/1310utahSoc/images/1820pop.png>
Package pdftex.def Info: C:/Users/Steve/Documents/GitHub/publish/1310utahSoc/im
ages/1820pop.png used on input line 740.
(pdftex.def)             Requested size: 303.53267pt x 176.40062pt.

<C:/Users/Steve/Documents/GitHub/publish/1310utahSoc/images/1900pop.png, id=248
, 457.71pt x 265.99374pt>
File: C:/Users/Steve/Documents/GitHub/publish/1310utahSoc/images/1900pop.png Gr
aphic file (type png)

<use C:/Users/Steve/Documents/GitHub/publish/1310utahSoc/images/1900pop.png>
Package pdftex.def Info: C:/Users/Steve/Documents/GitHub/publish/1310utahSoc/im
ages/1900pop.png used on input line 752.
(pdftex.def)             Requested size: 303.53267pt x 176.40062pt.

[48 <C:/Users/Steve/Documents/GitHub/publish/1310utahSoc/images/1500pop.png> <C
:/Users/Steve/Documents/GitHub/publish/1310utahSoc/images/1820pop.png>]
<C:/Users/Steve/Documents/GitHub/publish/1310utahSoc/images/1500gdp.png, id=253
, 457.71pt x 265.99374pt>
File: C:/Users/Steve/Documents/GitHub/publish/1310utahSoc/images/1500gdp.png Gr
aphic file (type png)

<use C:/Users/Steve/Documents/GitHub/publish/1310utahSoc/images/1500gdp.png>
Package pdftex.def Info: C:/Users/Steve/Documents/GitHub/publish/1310utahSoc/im
ages/1500gdp.png used on input line 765.
(pdftex.def)             Requested size: 303.53267pt x 176.40062pt.

<C:/Users/Steve/Documents/GitHub/publish/1310utahSoc/images/1820gdp.png, id=254
, 457.71pt x 268.00125pt>
File: C:/Users/Steve/Documents/GitHub/publish/1310utahSoc/images/1820gdp.png Gr
aphic file (type png)

<use C:/Users/Steve/Documents/GitHub/publish/1310utahSoc/images/1820gdp.png>
Package pdftex.def Info: C:/Users/Steve/Documents/GitHub/publish/1310utahSoc/im
ages/1820gdp.png used on input line 776.
(pdftex.def)             Requested size: 303.53267pt x 177.73195pt.

<C:/Users/Steve/Documents/GitHub/publish/1310utahSoc/images/1900gdp.png, id=255
, 438.63875pt x 245.91875pt>
File: C:/Users/Steve/Documents/GitHub/publish/1310utahSoc/images/1900gdp.png Gr
aphic file (type png)

<use C:/Users/Steve/Documents/GitHub/publish/1310utahSoc/images/1900gdp.png>
Package pdftex.def Info: C:/Users/Steve/Documents/GitHub/publish/1310utahSoc/im
ages/1900gdp.png used on input line 787.
(pdftex.def)             Requested size: 303.53267pt x 170.17567pt.

[49 <C:/Users/Steve/Documents/GitHub/publish/1310utahSoc/images/1900pop.png> <C
:/Users/Steve/Documents/GitHub/publish/1310utahSoc/images/1500gdp.png>]
[50 <C:/Users/Steve/Documents/GitHub/publish/1310utahSoc/images/1820gdp.png> <C
:/Users/Steve/Documents/GitHub/publish/1310utahSoc/images/1900gdp.png>]
[51] [52]
<C:/Users/Steve/Documents/GitHub/publish/diss2/images/era1.png, id=268, 505.649
1pt x 505.6491pt>
File: C:/Users/Steve/Documents/GitHub/publish/diss2/images/era1.png Graphic fil
e (type png)

<use C:/Users/Steve/Documents/GitHub/publish/diss2/images/era1.png>
Package pdftex.def Info: C:/Users/Steve/Documents/GitHub/publish/diss2/images/e
ra1.png used on input line 872.
(pdftex.def)             Requested size: 195.12767pt x 195.12685pt.

<C:/Users/Steve/Documents/GitHub/publish/diss2/images/era2.png, id=269, 505.649
1pt x 505.6491pt>
File: C:/Users/Steve/Documents/GitHub/publish/diss2/images/era2.png Graphic fil
e (type png)

<use C:/Users/Steve/Documents/GitHub/publish/diss2/images/era2.png>
Package pdftex.def Info: C:/Users/Steve/Documents/GitHub/publish/diss2/images/e
ra2.png used on input line 872.
(pdftex.def)             Requested size: 195.12767pt x 195.12685pt.

<C:/Users/Steve/Documents/GitHub/publish/diss2/images/era3.png, id=270, 505.649
1pt x 505.6491pt>
File: C:/Users/Steve/Documents/GitHub/publish/diss2/images/era3.png Graphic fil
e (type png)

<use C:/Users/Steve/Documents/GitHub/publish/diss2/images/era3.png>
Package pdftex.def Info: C:/Users/Steve/Documents/GitHub/publish/diss2/images/e
ra3.png used on input line 881.
(pdftex.def)             Requested size: 195.12767pt x 195.12685pt.

<C:/Users/Steve/Documents/GitHub/publish/diss2/images/era4.png, id=271, 505.649
1pt x 505.6491pt>
File: C:/Users/Steve/Documents/GitHub/publish/diss2/images/era4.png Graphic fil
e (type png)

<use C:/Users/Steve/Documents/GitHub/publish/diss2/images/era4.png>
Package pdftex.def Info: C:/Users/Steve/Documents/GitHub/publish/diss2/images/e
ra4.png used on input line 881.
(pdftex.def)             Requested size: 195.12767pt x 195.12685pt.
 [53]
[54 <C:/Users/Steve/Documents/GitHub/publish/diss2/images/era1.png> <C:/Users/S
teve/Documents/GitHub/publish/diss2/images/era2.png> <C:/Users/Steve/Documents/
GitHub/publish/diss2/images/era3.png> <C:/Users/Steve/Documents/GitHub/publish/
diss2/images/era4.png>]
<C:/Users/Steve/Documents/GitHub/publish/diss2/images/woodprice.png, id=283, 50
5.6491pt x 505.6491pt>
File: C:/Users/Steve/Documents/GitHub/publish/diss2/images/woodprice.png Graphi
c file (type png)

<use C:/Users/Steve/Documents/GitHub/publish/diss2/images/woodprice.png>
Package pdftex.def Info: C:/Users/Steve/Documents/GitHub/publish/diss2/images/w
oodprice.png used on input line 902.
(pdftex.def)             Requested size: 303.53267pt x 303.5461pt.

[55] [56 <C:/Users/Steve/Documents/GitHub/publish/diss2/images/woodprice.png>]
<C:/Users/Steve/Documents/GitHub/publish/diss2/images/desagulier1.png, id=291, 
633.11531pt x 161.10187pt>
File: C:/Users/Steve/Documents/GitHub/publish/diss2/images/desagulier1.png Grap
hic file (type png)

<use C:/Users/Steve/Documents/GitHub/publish/diss2/images/desagulier1.png>
Package pdftex.def Info: C:/Users/Steve/Documents/GitHub/publish/diss2/images/d
esagulier1.png used on input line 942.
(pdftex.def)             Requested size: 411.93767pt x 104.82312pt.

<C:/Users/Steve/Documents/GitHub/publish/diss2/images/desagulier2.png, id=292, 
728.7225pt x 327.47343pt>
File: C:/Users/Steve/Documents/GitHub/publish/diss2/images/desagulier2.png Grap
hic file (type png)

<use C:/Users/Steve/Documents/GitHub/publish/diss2/images/desagulier2.png>
Package pdftex.def Info: C:/Users/Steve/Documents/GitHub/publish/diss2/images/d
esagulier2.png used on input line 943.
(pdftex.def)             Requested size: 455.3023pt x 204.60043pt.

Overfull \hbox (21.68231pt too wide) in paragraph at lines 943--944
 [][] 
 []

[57]
<C:/Users/Steve/Documents/GitHub/publish/diss2/images/wage-energy.png, id=296, 
505.6491pt x 505.6491pt>
File: C:/Users/Steve/Documents/GitHub/publish/diss2/images/wage-energy.png Grap
hic file (type png)

<use C:/Users/Steve/Documents/GitHub/publish/diss2/images/wage-energy.png>
Package pdftex.def Info: C:/Users/Steve/Documents/GitHub/publish/diss2/images/w
age-energy.png used on input line 957.
(pdftex.def)             Requested size: 303.53267pt x 303.5461pt.

[58 <C:/Users/Steve/Documents/GitHub/publish/diss2/images/desagulier1.png> <C:/
Users/Steve/Documents/GitHub/publish/diss2/images/desagulier2.png>] [59 <C:/Use
rs/Steve/Documents/GitHub/publish/diss2/images/wage-energy.png>] [60]
<C:/Users/Steve/Documents/GitHub/publish/1310utahSoc/images/gworldwages.png, id
=308, 505.6491pt x 505.6491pt>
File: C:/Users/Steve/Documents/GitHub/publish/1310utahSoc/images/gworldwages.pn
g Graphic file (type png)

<use C:/Users/Steve/Documents/GitHub/publish/1310utahSoc/images/gworldwages.png
>
Package pdftex.def Info: C:/Users/Steve/Documents/GitHub/publish/1310utahSoc/im
ages/gworldwages.png used on input line 995.
(pdftex.def)             Requested size: 303.53267pt x 303.5461pt.

<C:/Users/Steve/Documents/GitHub/publish/1310utahSoc/images/allen_energy.png, i
d=309, 655.44875pt x 655.44875pt>
File: C:/Users/Steve/Documents/GitHub/publish/1310utahSoc/images/allen_energy.p
ng Graphic file (type png)

<use C:/Users/Steve/Documents/GitHub/publish/1310utahSoc/images/allen_energy.pn
g>
Package pdftex.def Info: C:/Users/Steve/Documents/GitHub/publish/1310utahSoc/im
ages/allen_energy.png used on input line 1006.
(pdftex.def)             Requested size: 260.17464pt x 260.17458pt.
 [61 <C:/Users/Steve/Documents/GitHub/publish/1310utahSoc/images/gworldwages.pn
g>] [62 <C:/Users/Steve/Documents/GitHub/publish/1310utahSoc/images/allen_energ
y.png>] [63] [64]) [65]
("C:\Users\Steve\Documents\GitHub\publish\intropaper\LaTeX Dissertation Files\L
aTeX Dissertation\Dissertation - LaTeX - Final\scbEditOnepaper2.tex"
CHAPTER 3.
[66



] [67] [68] [69] [70] [71] [72] [73] [74]
<C:/Users/Steve/Documents/GitHub/publish/diss3/images/logPop1-2014.jpg, id=356,
 505.6491pt x 505.6491pt>
File: C:/Users/Steve/Documents/GitHub/publish/diss3/images/logPop1-2014.jpg Gra
phic file (type jpg)

<use C:/Users/Steve/Documents/GitHub/publish/diss3/images/logPop1-2014.jpg>
Package pdftex.def Info: C:/Users/Steve/Documents/GitHub/publish/diss3/images/l
ogPop1-2014.jpg used on input line 235.
(pdftex.def)             Requested size: 216.81pt x 216.80762pt.

<C:/Users/Steve/Documents/GitHub/publish/diss3/images/logDiffPop1-2014.jpg, id=
357, 505.6491pt x 505.6491pt>
File: C:/Users/Steve/Documents/GitHub/publish/diss3/images/logDiffPop1-2014.jpg
 Graphic file (type jpg)

<use C:/Users/Steve/Documents/GitHub/publish/diss3/images/logDiffPop1-2014.jpg>
Package pdftex.def Info: C:/Users/Steve/Documents/GitHub/publish/diss3/images/l
ogDiffPop1-2014.jpg used on input line 235.
(pdftex.def)             Requested size: 216.81pt x 216.80762pt.
[75]
Overfull \hbox (26.30083pt too wide) in paragraph at lines 249--250
[]\OT1/txr/m/n/12 Jan de Vries writ-ing in a chap-ter in Maarten Prak's edited 
vol-ume \OT1/txr/m/it/12 Early Mod-ern Capitalism---
 []

[76 <C:/Users/Steve/Documents/GitHub/publish/diss3/images/logPop1-2014.jpg> <C:
/Users/Steve/Documents/GitHub/publish/diss3/images/logDiffPop1-2014.jpg>]
[77] [78]
Overfull \hbox (14.14484pt too wide) in paragraph at lines 274--275
[]\OT1/txr/m/n/12 Wrigley's (and Scofield's) Wrigley [[], p. 237] ma-jor cor-re
-la-tions for his neo--Malthusian
 []

[79] [80] [81]
Title Error: (81.33598pt too wide)
Page 82, Title="The demand for capital and its supply---the path to industrial 
capitalism"

[82] [83] [84] [85] [86] [87] [88] [89] [90] [91] [92] [93] [94] [95] [96]
File: C:/Users/Steve/Documents/GitHub/publish/1310utahSoc/images/gworldwages.pn
g Graphic file (type png)

<use C:/Users/Steve/Documents/GitHub/publish/1310utahSoc/images/gworldwages.png
>
Package pdftex.def Info: C:/Users/Steve/Documents/GitHub/publish/1310utahSoc/im
ages/gworldwages.png used on input line 594.
(pdftex.def)             Requested size: 260.17464pt x 260.18457pt.
File: C:/Users/Steve/Documents/GitHub/publish/diss2/images/wage-energy.png Grap
hic file (type png)
 <use C:/Users/Steve/Documents/GitHub/publish/diss2/images/wage-energy.png>
Package pdftex.def Info: C:/Users/Steve/Documents/GitHub/publish/diss2/images/w
age-energy.png used on input line 606.
(pdftex.def)             Requested size: 303.53267pt x 303.5461pt.

[97] [98] [99

]
<C:/Users/Steve/Documents/GitHub/publish/diss3/images/logDiffPop1750-2014.jpg, 
id=438, 505.6491pt x 505.6491pt>
File: C:/Users/Steve/Documents/GitHub/publish/diss3/images/logDiffPop1750-2014.
jpg Graphic file (type jpg)

<use C:/Users/Steve/Documents/GitHub/publish/diss3/images/logDiffPop1750-2014.j
pg>
Package pdftex.def Info: C:/Users/Steve/Documents/GitHub/publish/diss3/images/l
ogDiffPop1750-2014.jpg used on input line 632.
(pdftex.def)             Requested size: 260.17464pt x 260.18457pt.
) [100] [101 <C:/Users/Steve/Documents/GitHub/publish/diss3/images/logDiffPop17
50-2014.jpg>]
("C:\Users\Steve\Documents\GitHub\publish\intropaper\LaTeX Dissertation Files\L
aTeX Dissertation\Dissertation - LaTeX - Final\scbappendix1.tex"
APPENDIX A.
) [102



]
("C:\Users\Steve\Documents\GitHub\publish\intropaper\LaTeX Dissertation Files\L
aTeX Dissertation\Dissertation - LaTeX - Final\scbappendix2.tex"
APPENDIX B.
Title Error: (20.80762pt too wide)
Page 103, Title="Importance of energy for growth and development"


LaTeX Warning: `!h' float specifier changed to `!ht'.

[103


] [104])
("C:\Users\Steve\Documents\GitHub\publish\intropaper\LaTeX Dissertation Files\L
aTeX Dissertation\Dissertation - LaTeX - Final\scbEditOneDiss01.bbl" [105]
[106]
Missing character: There is no Ã in font txr!
Missing character: There is no © in font txr!
Missing character: There is no Ã in font txr!
Missing character: There is no © in font txr!
Missing character: There is no Â in font txr!
Missing character: There is no © in font txr!
Missing character: There is no Â in font txr!
Missing character: There is no © in font txr!
 [107] [108]
Missing character: There is no Â in font txr!
Missing character: There is no © in font txr!
Missing character: There is no Â in font txr!
Missing character: There is no © in font txr!
Missing character: There is no Â in font txr!
Missing character: There is no © in font txr!
 [109] [110] [111]
Missing character: There is no Â in font txr!
Missing character: There is no © in font txr!
Missing character: There is no Â in font txr!
Missing character: There is no © in font txr!
 [112]
Missing character: There is no Â in font txr!
Missing character: There is no © in font txr!
 [113] [114]) [115]
("C:\Users\Steve\Documents\GitHub\publish\intropaper\LaTeX Dissertation Files\L
aTeX Dissertation\Dissertation - LaTeX - Final\scbEditOneDiss01.aux"
("C:\Users\Steve\Documents\GitHub\publish\intropaper\LaTeX Dissertation Files\L
aTeX Dissertation\Dissertation - LaTeX - Final\scbEditOneintropaper.aux")
("C:\Users\Steve\Documents\GitHub\publish\intropaper\LaTeX Dissertation Files\L
aTeX Dissertation\Dissertation - LaTeX - Final\scbEditOnepaper1.aux")
("C:\Users\Steve\Documents\GitHub\publish\intropaper\LaTeX Dissertation Files\L
aTeX Dissertation\Dissertation - LaTeX - Final\scbEditOnepaper2.aux")
("C:\Users\Steve\Documents\GitHub\publish\intropaper\LaTeX Dissertation Files\L
aTeX Dissertation\Dissertation - LaTeX - Final\scbappendix1.aux"))

LaTeX Warning: There were multiply-defined labels.

 ) 
Here is how much of TeX's memory you used:
 13233 strings out of 493921
 251181 string characters out of 3144877
 286373 words of memory out of 3000000
 16141 multiletter control sequences out of 15000+200000
 50496 words of font info for 126 fonts, out of 3000000 for 9000
 841 hyphenation exceptions out of 8191
 48i,18n,42p,1632b,431s stack positions out of 5000i,500n,10000p,200000b,50000s
{C:/Program Files (x86)/MiKTeX 2.9/fonts/enc/dvips/fontname/8r.enc}<C:/Progra
m Files (x86)/MiKTeX 2.9/fonts/type1/public/txfonts/rtxb.pfb><C:/Program Files 
(x86)/MiKTeX 2.9/fonts/type1/public/txfonts/rtxi.pfb><C:/Program Files (x86)/Mi
KTeX 2.9/fonts/type1/public/txfonts/rtxmi.pfb><C:/Program Files (x86)/MiKTeX 2.
9/fonts/type1/public/txfonts/rtxr.pfb><C:/Program Files (x86)/MiKTeX 2.9/fonts/
type1/public/txfonts/txsy.pfb><C:/Program Files (x86)/MiKTeX 2.9/fonts/type1/ur
w/times/utmb8a.pfb><C:/Program Files (x86)/MiKTeX 2.9/fonts/type1/urw/times/utm
bi8a.pfb><C:/Program Files (x86)/MiKTeX 2.9/fonts/type1/urw/times/utmr8a.pfb><C
:/Program Files (x86)/MiKTeX 2.9/fonts/type1/urw/times/utmri8a.pfb>
Output written on scbEditOneDiss01.pdf (128 pages, 2532377 bytes).
PDF statistics:
 525 PDF objects out of 1000 (max. 8388607)
 0 named destinations out of 1000 (max. 500000)
 218 words of extra memory for PDF output out of 10000 (max. 10000000)

