\BOOKMARK [1][-]{section.1}{Introduction}{}% 1
\BOOKMARK [1][-]{section.2}{Literature background}{}% 2
\BOOKMARK [2][-]{subsection.2.1}{Historical Materialism}{section.2}% 3
\BOOKMARK [2][-]{subsection.2.2}{Recent institutional endogeneity theory}{section.2}% 4
\BOOKMARK [2][-]{subsection.2.3}{Jan de Vries from Early Modern Capitalism}{section.2}% 5
\BOOKMARK [3][-]{subsubsection.2.3.1}{general\205different modeling schools causing ahistorical approach}{subsection.2.3}% 6
\BOOKMARK [3][-]{subsubsection.2.3.2}{modern economic growth}{subsection.2.3}% 7
\BOOKMARK [3][-]{subsubsection.2.3.3}{the neo-Malthusian model}{subsection.2.3}% 8
\BOOKMARK [3][-]{subsubsection.2.3.4}{the Industrial Revolution}{subsection.2.3}% 9
\BOOKMARK [3][-]{subsubsection.2.3.5}{re-thinking economic growth}{subsection.2.3}% 10
\BOOKMARK [3][-]{subsubsection.2.3.6}{from two models to one}{subsection.2.3}% 11
\BOOKMARK [1][-]{section.3}{Industrial revolutions}{}% 12
\BOOKMARK [1][-]{section.4}{The rise of demand for capital}{}% 13
\BOOKMARK [2][-]{subsection.4.1}{Transition from wood to coal for heating - England}{section.4}% 14
\BOOKMARK [2][-]{subsection.4.2}{Transition from wood to coal for heating - China}{section.4}% 15
\BOOKMARK [1][-]{section.5}{Industrial revolutions \205 step two}{}% 16
\BOOKMARK [1][-]{section.6}{Summarizing the story}{}% 17
\BOOKMARK [1][-]{section.7}{Brief speculation on future energy revolutions}{}% 18
\BOOKMARK [1][-]{section.8}{Technical Appendix}{}% 19
\BOOKMARK [2][-]{subsection.8.1}{Importance of energy for growth and development}{section.8}% 20
\BOOKMARK [2][-]{subsection.8.2}{Cross-country history of energy consumption}{section.8}% 21
\BOOKMARK [2][-]{subsection.8.3}{Theory of industrial revolutions}{section.8}% 22
