\BOOKMARK [1][-]{section.1}{Introduction}{}% 1
\BOOKMARK [1][-]{section.2}{Research questions}{}% 2
\BOOKMARK [1][-]{section.3}{Hypotheses}{}% 3
\BOOKMARK [1][-]{section.4}{Research approach}{}% 4
\BOOKMARK [2][-]{subsection.4.1}{Data}{section.4}% 5
\BOOKMARK [2][-]{subsection.4.2}{Methodology}{section.4}% 6
\BOOKMARK [1][-]{section.5}{Results}{}% 7
\BOOKMARK [2][-]{subsection.5.1}{Modern economic growth}{section.5}% 8
\BOOKMARK [2][-]{subsection.5.2}{An energy revolution}{section.5}% 9
\BOOKMARK [2][-]{subsection.5.3}{Correlations}{section.5}% 10
\BOOKMARK [2][-]{subsection.5.4}{Causality tests}{section.5}% 11
\BOOKMARK [2][-]{subsection.5.5}{Structural breaks}{section.5}% 12
\BOOKMARK [1][-]{section.6}{Discussion of results}{}% 13
\BOOKMARK [2][-]{subsection.6.1}{Narrative discussion}{section.6}% 14
\BOOKMARK [2][-]{subsection.6.2}{Theory discussion}{section.6}% 15
\BOOKMARK [1][-]{section.7}{Unresolved issues}{}% 16
\BOOKMARK [1][-]{section.8}{Conclusion}{}% 17
\BOOKMARK [1][-]{section.9}{References}{}% 18
\BOOKMARK [1][-]{section.10}{Tables}{}% 19
\BOOKMARK [1][-]{section.11}{Figures}{}% 20
\BOOKMARK [1][-]{section.12}{Equations}{}% 21
