\BOOKMARK [1][-]{section.1}{Introduction}{}% 1
\BOOKMARK [2][-]{subsection.1.1}{Definitions}{section.1}% 2
\BOOKMARK [2][-]{subsection.1.2}{English transition to industrial capitalism}{section.1}% 3
\BOOKMARK [2][-]{subsection.1.3}{Evidence of a Chinese transition to industrial capitalism}{section.1}% 4
\BOOKMARK [1][-]{section.2}{English industrial capitalism}{}% 5
\BOOKMARK [2][-]{subsection.2.1}{A first look at data}{section.2}% 6
\BOOKMARK [3][-]{subsubsection.2.1.1}{Sources and methods}{subsection.2.1}% 7
\BOOKMARK [3][-]{subsubsection.2.1.2}{Global population trends}{subsection.2.1}% 8
\BOOKMARK [2][-]{subsection.2.2}{Jan de Vries from Early Modern Capitalism\204a survey}{section.2}% 9
\BOOKMARK [3][-]{subsubsection.2.2.1}{Different modeling schools produce an ahistorical approach}{subsection.2.2}% 10
\BOOKMARK [3][-]{subsubsection.2.2.2}{The neo\205Malthusian model\204pre\205industrial growth}{subsection.2.2}% 11
\BOOKMARK [3][-]{subsubsection.2.2.3}{Wrigley's neo\205Malthusian world}{subsection.2.2}% 12
\BOOKMARK [3][-]{subsubsection.2.2.4}{From two models to one}{subsection.2.2}% 13
\BOOKMARK [2][-]{subsection.2.3}{Nicholas Kaldor}{section.2}% 14
\BOOKMARK [2][-]{subsection.2.4}{Industrial revolutions}{section.2}% 15
\BOOKMARK [2][-]{subsection.2.5}{The rise of the demand for capital and its supply\204the path to industrial capitalism}{section.2}% 16
\BOOKMARK [3][-]{subsubsection.2.5.1}{Transition from wood to coal for heating in England}{subsection.2.5}% 17
\BOOKMARK [3][-]{subsubsection.2.5.2}{Transition from muscle\205power to steam\205power in England}{subsection.2.5}% 18
\BOOKMARK [2][-]{subsection.2.6}{The primary roles of capital in the EIR}{section.2}% 19
\BOOKMARK [1][-]{section.3}{Evidence of Chinese industrial capitalism}{}% 20
\BOOKMARK [2][-]{subsection.3.1}{A look at the data\205sources and interpretation}{section.3}% 21
\BOOKMARK [3][-]{subsubsection.3.1.1}{Sung dynasty: 760\2051279 CE}{subsection.3.1}% 22
\BOOKMARK [3][-]{subsubsection.3.1.2}{Ming dynasty: 1368\2051644 CE and Qing dynasty: 1644\2051911 CE}{subsection.3.1}% 23
\BOOKMARK [1][-]{section.4}{Conclusion}{}% 24
\BOOKMARK [1][-]{section.5}{Appendix - Imperial Chinese Dynasties}{}% 25
\BOOKMARK [1][-]{section.6}{Technical Appendix}{}% 26
\BOOKMARK [2][-]{subsection.6.1}{Importance of energy for growth and development}{section.6}% 27
\BOOKMARK [2][-]{subsection.6.2}{Cross-country history of energy consumption}{section.6}% 28
\BOOKMARK [2][-]{subsection.6.3}{Theory of industrial revolutions}{section.6}% 29
\BOOKMARK [1][-]{section.7}{Bibliography}{}% 30
