This is TeX, Version 3.141592 (MiKTeX 2.2) (preloaded format=latex 2000.11.28)  18 JUN 2007 19:02
**thesis.tex
(thesis.tex
LaTeX2e <2001/06/01>
Babel <v3.7h> and hyphenation patterns for english, french, german, ngerman, du
mylang, nohyphenation, loaded.
(uuthesis2e.cls
Document Class: uuthesis2e 1998/04/01 v1.3 University of Utah Thesis Class
Document Style `uuthesis2e'. Version 1.8d - 6 Apr 1996
(Chicago.clo) (C:\texmf\tex\latex\base\size11.clo
File: size11.clo 2001/04/21 v1.4e Standard LaTeX file (size option)
)
Using 11pt option
Option 11pt uses 5pt for 'tiny': microfilm needs 2mm.
\footheight=\dimen102
\numberofappendices=\count79
\c@part=\count80
\c@chapter=\count81
\@titlesize=\dimen103
\@maxsize=\dimen104
\c@figure=\count82
\c@table=\count83
\descriptionmargin=\dimen105
\minilength=\skip41
\c@oldchapter=\count84
\c@oldtocdepth=\count85
) (amssymb.sty
Package: amssymb 1996/11/03 v2.2b
 (C:\texmf\tex\latex\amsfonts\amsfonts.sty
Package: amsfonts 2001/10/25 v2.2f
\@emptytoks=\toks14
\symAMSa=\mathgroup4
\symAMSb=\mathgroup5
LaTeX Font Info:    Overwriting math alphabet `\mathfrak' in version `bold'
(Font)                  U/euf/m/n --> U/euf/b/n on input line 132.
)) (thesis.sty
\c@thrm=\count86
)
(diagram.sty (auxdefs.sty
\c@keepoptional=\count87
\c@optnestctr=\count88
)
\dgARROWLENGTH=\skip42
\dgHORIZPAD=\skip43
\dgVERTPAD=\skip44
\dgLABELOFFSET=\skip45
\dgARROWPARTS=\count89
\dgDOTSPACING=\skip46
\dgDOTSIZE=\skip47
\dgMAXSQUARE=\count90
\dgMINDBLSQ=\count91
\dgCOLUMNWIDTH=\skip48
\dg@HORIZ=\count92
\dg@VERT=\count93
\dg@XLPAD=\count94
\dg@YBPAD=\count95
\dg@XRPAD=\count96
\dg@YTPAD=\count97
\dg@X=\count98
\dg@Y=\count99
\dg@XGRID=\count100
\dg@YGRID=\count101
\dg@SIZE=\count102
\dg@USERSIZE=\count103
\dg@DX=\count104
\dg@DY=\count105
\dg@XLBL=\count106
\dg@YLBL=\count107
\dg@XOFFSET=\count108
\dg@YOFFSET=\count109
\dg@LBLOFF=\count110
\dg@XLBLOFF=\count111
\dg@YLBLOFF=\count112
\dg@LBLPOS=\count113
\dg@XTEMP=\count114
\dg@YTEMP=\count115
\dg@ZTEMP=\count116
\dg@XNODE=\count117
\dg@YNODE=\count118
\dg@XEND=\count119
\dg@YEND=\count120
\dg@WEND=\count121
\dg@HEND=\count122
\dg@COUNT=\count123
\dg@NODEBOX=\box26
) (tgrind.sty
tgrind version 1.00 <07 July 1993>
)
\c@section=\count124
\c@subsection=\count125
\c@paragraph=\count126
\c@subsubsection=\count127
 (thesis.aux (chap1.aux) (chap2.aux) (chap3.aux) (appendix.aux))
LaTeX Font Info:    Checking defaults for OML/cmm/m/it on input line 61.
LaTeX Font Info:    ... okay on input line 61.
LaTeX Font Info:    Checking defaults for T1/cmr/m/n on input line 61.
LaTeX Font Info:    ... okay on input line 61.
LaTeX Font Info:    Checking defaults for OT1/cmr/m/n on input line 61.
LaTeX Font Info:    ... okay on input line 61.
LaTeX Font Info:    Checking defaults for OMS/cmsy/m/n on input line 61.
LaTeX Font Info:    ... okay on input line 61.
LaTeX Font Info:    Checking defaults for OMX/cmex/m/n on input line 61.
LaTeX Font Info:    ... okay on input line 61.
LaTeX Font Info:    Checking defaults for U/cmr/m/n on input line 61.
LaTeX Font Info:    ... okay on input line 61.
LaTeX Font Info:    Try loading font information for U+msa on input line 64.

(C:\texmf\tex\latex\amsfonts\umsa.fd
File: umsa.fd 2002/01/19 v2.2g AMS font definitions
)
LaTeX Font Info:    Try loading font information for U+msb on input line 64.
 (C:\texmf\tex\latex\amsfonts\umsb.fd
File: umsb.fd 2002/01/19 v2.2g AMS font definitions
)
Title.
[-1

]
LaTeX Font Info:    Try loading font information for OMS+cmr on input line 65.
 (C:\texmf\tex\latex\base\omscmr.fd
File: omscmr.fd 1999/05/25 v2.5h Standard LaTeX font definitions
)
LaTeX Font Info:    Font shape `OMS/cmr/m/n' in size <10.95> not available
(Font)              Font shape `OMS/cmsy/m/n' tried instead on input line 65.

Copyright.
[-1]
Committee Approval.
[0]
Reading Approval.
[1] (abstract.tex)
Abstract.
[2]
Dedication.
[3] (thesis.toc)
\tf@toc=\write3

Contents.
[4]
List of Figures.
(thesis.lof)
\tf@lof=\write4
 [5]
List of Tables.
(thesis.lot)
\tf@lot=\write5
 [6]
Notation and Symbols.
(notation.tex

Package amsfonts Warning: Obsolete command \Bbb; \mathbb should be used instead
 on input line 7.

) [7] (acknowledge.tex)
Acknowledgements.
[8] (chap1.tex
CHAPTER 1.
[1


] [2] [3] [4]) [5] (chap2.tex
CHAPTER 2.
[6



] (fig1.tex
\plotpoint=\box27
) (fig2.tex) (fig3.tex) [7] [8]) (chap3.tex
CHAPTER 3.
[diagram 1]
[diagram 2]
[diagram 3]
[diagram 4]
[diagram 5]
[9





] [10]
[diagram 6]
[diagram 7]
[diagram 8]
[diagram 9]
\frakfam=\mathgroup6
[diagram 10]
[diagram 11]
[11

] [12] [13]
[diagram 12]

LaTeX Warning: Command \i invalid in math mode on input line 239.


LaTeX Warning: Command \i invalid in math mode on input line 248.


LaTeX Warning: Command \i invalid in math mode on input line 258.


LaTeX Warning: Command \i invalid in math mode on input line 262.


LaTeX Warning: Command \i invalid in math mode on input line 264.


LaTeX Warning: Command \i invalid in math mode on input line 264.


LaTeX Warning: Command \i invalid in math mode on input line 264.


LaTeX Warning: Command \i invalid in math mode on input line 264.


LaTeX Warning: Command \i invalid in math mode on input line 264.


LaTeX Warning: Command \i invalid in math mode on input line 264.


LaTeX Warning: Command \i invalid in math mode on input line 264.


LaTeX Warning: Command \i invalid in math mode on input line 264.

[diagram 13]
[14]) (appendix.tex
APPENDIX:
[15





] (rhs_mod.tex (tgrindmac.tex (tgrindex.tex (multicol.tex
This is multicol.tex, version 2.00 [14-Jun-1998]
\ATcode=\count128
\NumberOfColumns=\count129
\@NumberOfColumns=\count130
\@FirstBox=\count131
\@NextBox=\count132
\@MaxColumns=\count133
\@dummy=\box28
\@dummy=\box29
\@dummy=\box30
\@dummy=\box31
\@dummy=\box32
\@dummy=\box33
\@dummy=\box34
\@dummy=\box35
\PageWidth=\dimen106
\PageHeight=\dimen107
\@ColumnWidth=\dimen108
\InterColumnSpace=\dimen109
\@partialpage=\box36
)
This is tgrindex.tex, version 1.00 [18-Feb-1995]
\dbox=\box37
\rrskipb=\skip49
\rrskipa=\skip50
\rlskipa=\skip51
\rlskipb=\skip52
\lskip=\skip53
\lskipa=\skip54
)
\procbox=\box38
\linecount=\count134
\linenext=\count135
\linesofar=\box39
\TBwid=\dimen110
\ts=\dimen111
\tbox=\box40
) [16] [17] [18] [19])) (thesis.bbl) [20

] (thesis.aux (chap1.aux) (chap2.aux)
(chap3.aux) (appendix.aux)) ) 
Here is how much of TeX's memory you used:
 1390 strings out of 96042
 13210 string characters out of 1197058
 90842 words of memory out of 1063300
 4145 multiletter control sequences out of 35000
 20415 words of font info for 78 fonts, out of 500000 for 1000
 14 hyphenation exceptions out of 607
 28i,32n,38p,274b,581s stack positions out of 1500i,500n,5000p,200000b,32768s

Output written on thesis.dvi (31 pages, 105628 bytes).
