This is pdfTeX, Version 3.1415926-2.5-1.40.14 (MiKTeX 2.9) (preloaded format=pdflatex 2014.5.26)  8 JUN 2015 10:50
entering extended mode
**paper1.tex
(C:\Users\Steve\Documents\GitHub\publish\paper1\paper1.tex
LaTeX2e <2011/06/27>
Babel <v3.8m> and hyphenation patterns for english, afrikaans, ancientgreek, ar
abic, armenian, assamese, basque, bengali, bokmal, bulgarian, catalan, coptic, 
croatian, czech, danish, dutch, esperanto, estonian, farsi, finnish, french, ga
lician, german, german-x-2013-05-26, greek, gujarati, hindi, hungarian, iceland
ic, indonesian, interlingua, irish, italian, kannada, kurmanji, latin, latvian,
 lithuanian, malayalam, marathi, mongolian, mongolianlmc, monogreek, ngerman, n
german-x-2013-05-26, nynorsk, oriya, panjabi, pinyin, polish, portuguese, roman
ian, russian, sanskrit, serbian, slovak, slovenian, spanish, swedish, swissgerm
an, tamil, telugu, turkish, turkmen, ukenglish, ukrainian, uppersorbian, usengl
ishmax, welsh, loaded.
(D:\LaTeX-Portable\miktex-portable\tex\latex\base\article.cls
Document Class: article 2007/10/19 v1.4h Standard LaTeX document class
(D:\LaTeX-Portable\miktex-portable\tex\latex\base\size11.clo
File: size11.clo 2007/10/19 v1.4h Standard LaTeX file (size option)
)
\c@part=\count79
\c@section=\count80
\c@subsection=\count81
\c@subsubsection=\count82
\c@paragraph=\count83
\c@subparagraph=\count84
\c@figure=\count85
\c@table=\count86
\abovecaptionskip=\skip41
\belowcaptionskip=\skip42
\bibindent=\dimen102
)
(D:\LaTeX-Portable\miktex-portable\tex\latex\base\inputenc.sty
Package: inputenc 2008/03/30 v1.1d Input encoding file
\inpenc@prehook=\toks14
\inpenc@posthook=\toks15

(D:\LaTeX-Portable\miktex-portable\tex\latex\base\latin1.def
File: latin1.def 2008/03/30 v1.1d Input encoding file
))
(D:\LaTeX-Portable\miktex-portable\tex\latex\amsmath\amsmath.sty
Package: amsmath 2013/01/14 v2.14 AMS math features
\@mathmargin=\skip43

For additional information on amsmath, use the `?' option.
(D:\LaTeX-Portable\miktex-portable\tex\latex\amsmath\amstext.sty
Package: amstext 2000/06/29 v2.01

(D:\LaTeX-Portable\miktex-portable\tex\latex\amsmath\amsgen.sty
File: amsgen.sty 1999/11/30 v2.0
\@emptytoks=\toks16
\ex@=\dimen103
))
(D:\LaTeX-Portable\miktex-portable\tex\latex\amsmath\amsbsy.sty
Package: amsbsy 1999/11/29 v1.2d
\pmbraise@=\dimen104
)
(D:\LaTeX-Portable\miktex-portable\tex\latex\amsmath\amsopn.sty
Package: amsopn 1999/12/14 v2.01 operator names
)
\inf@bad=\count87
LaTeX Info: Redefining \frac on input line 210.
\uproot@=\count88
\leftroot@=\count89
LaTeX Info: Redefining \overline on input line 306.
\classnum@=\count90
\DOTSCASE@=\count91
LaTeX Info: Redefining \ldots on input line 378.
LaTeX Info: Redefining \dots on input line 381.
LaTeX Info: Redefining \cdots on input line 466.
\Mathstrutbox@=\box26
\strutbox@=\box27
\big@size=\dimen105
LaTeX Font Info:    Redeclaring font encoding OML on input line 566.
LaTeX Font Info:    Redeclaring font encoding OMS on input line 567.
\macc@depth=\count92
\c@MaxMatrixCols=\count93
\dotsspace@=\muskip10
\c@parentequation=\count94
\dspbrk@lvl=\count95
\tag@help=\toks17
\row@=\count96
\column@=\count97
\maxfields@=\count98
\andhelp@=\toks18
\eqnshift@=\dimen106
\alignsep@=\dimen107
\tagshift@=\dimen108
\tagwidth@=\dimen109
\totwidth@=\dimen110
\lineht@=\dimen111
\@envbody=\toks19
\multlinegap=\skip44
\multlinetaggap=\skip45
\mathdisplay@stack=\toks20
LaTeX Info: Redefining \[ on input line 2665.
LaTeX Info: Redefining \] on input line 2666.
)
(D:\LaTeX-Portable\miktex-portable\tex\latex\amsfonts\amsfonts.sty
Package: amsfonts 2013/01/14 v3.01 Basic AMSFonts support
\symAMSa=\mathgroup4
\symAMSb=\mathgroup5
LaTeX Font Info:    Overwriting math alphabet `\mathfrak' in version `bold'
(Font)                  U/euf/m/n --> U/euf/b/n on input line 106.
)
(D:\LaTeX-Portable\miktex-portable\tex\latex\txfonts\txfonts.sty
Package: txfonts 2008/01/22 v3.2.1
LaTeX Font Info:    Redeclaring symbol font `operators' on input line 21.
LaTeX Font Info:    Overwriting symbol font `operators' in version `normal'
(Font)                  OT1/cmr/m/n --> OT1/txr/m/n on input line 21.
LaTeX Font Info:    Overwriting symbol font `operators' in version `bold'
(Font)                  OT1/cmr/bx/n --> OT1/txr/m/n on input line 21.
LaTeX Font Info:    Overwriting symbol font `operators' in version `bold'
(Font)                  OT1/txr/m/n --> OT1/txr/bx/n on input line 22.
\symitalic=\mathgroup6
LaTeX Font Info:    Overwriting symbol font `italic' in version `bold'
(Font)                  OT1/txr/m/it --> OT1/txr/bx/it on input line 26.
LaTeX Font Info:    Redeclaring math alphabet \mathbf on input line 29.
LaTeX Font Info:    Overwriting math alphabet `\mathbf' in version `normal'
(Font)                  OT1/cmr/bx/n --> OT1/txr/bx/n on input line 29.
LaTeX Font Info:    Overwriting math alphabet `\mathbf' in version `bold'
(Font)                  OT1/cmr/bx/n --> OT1/txr/bx/n on input line 29.
LaTeX Font Info:    Redeclaring math alphabet \mathit on input line 30.
LaTeX Font Info:    Overwriting math alphabet `\mathit' in version `normal'
(Font)                  OT1/cmr/m/it --> OT1/txr/m/it on input line 30.
LaTeX Font Info:    Overwriting math alphabet `\mathit' in version `bold'
(Font)                  OT1/cmr/bx/it --> OT1/txr/m/it on input line 30.
LaTeX Font Info:    Overwriting math alphabet `\mathit' in version `bold'
(Font)                  OT1/txr/m/it --> OT1/txr/bx/it on input line 31.
LaTeX Font Info:    Redeclaring math alphabet \mathsf on input line 40.
LaTeX Font Info:    Overwriting math alphabet `\mathsf' in version `normal'
(Font)                  OT1/cmss/m/n --> OT1/txss/m/n on input line 40.
LaTeX Font Info:    Overwriting math alphabet `\mathsf' in version `bold'
(Font)                  OT1/cmss/bx/n --> OT1/txss/m/n on input line 40.
LaTeX Font Info:    Overwriting math alphabet `\mathsf' in version `bold'
(Font)                  OT1/txss/m/n --> OT1/txss/b/n on input line 41.
LaTeX Font Info:    Redeclaring math alphabet \mathtt on input line 50.
LaTeX Font Info:    Overwriting math alphabet `\mathtt' in version `normal'
(Font)                  OT1/cmtt/m/n --> OT1/txtt/m/n on input line 50.
LaTeX Font Info:    Overwriting math alphabet `\mathtt' in version `bold'
(Font)                  OT1/cmtt/m/n --> OT1/txtt/m/n on input line 50.
LaTeX Font Info:    Overwriting math alphabet `\mathtt' in version `bold'
(Font)                  OT1/txtt/m/n --> OT1/txtt/b/n on input line 51.
LaTeX Font Info:    Redeclaring symbol font `letters' on input line 58.
LaTeX Font Info:    Overwriting symbol font `letters' in version `normal'
(Font)                  OML/cmm/m/it --> OML/txmi/m/it on input line 58.
LaTeX Font Info:    Overwriting symbol font `letters' in version `bold'
(Font)                  OML/cmm/b/it --> OML/txmi/m/it on input line 58.
LaTeX Font Info:    Overwriting symbol font `letters' in version `bold'
(Font)                  OML/txmi/m/it --> OML/txmi/bx/it on input line 59.
\symlettersA=\mathgroup7
LaTeX Font Info:    Overwriting symbol font `lettersA' in version `bold'
(Font)                  U/txmia/m/it --> U/txmia/bx/it on input line 67.
LaTeX Font Info:    Redeclaring math alphabet \mathfrak on input line 70.
LaTeX Font Info:    Redeclaring symbol font `symbols' on input line 77.
LaTeX Font Info:    Overwriting symbol font `symbols' in version `normal'
(Font)                  OMS/cmsy/m/n --> OMS/txsy/m/n on input line 77.
LaTeX Font Info:    Overwriting symbol font `symbols' in version `bold'
(Font)                  OMS/cmsy/b/n --> OMS/txsy/m/n on input line 77.
LaTeX Font Info:    Overwriting symbol font `symbols' in version `bold'
(Font)                  OMS/txsy/m/n --> OMS/txsy/bx/n on input line 78.
LaTeX Font Info:    Redeclaring symbol font `AMSa' on input line 93.
LaTeX Font Info:    Overwriting symbol font `AMSa' in version `normal'
(Font)                  U/msa/m/n --> U/txsya/m/n on input line 93.
LaTeX Font Info:    Overwriting symbol font `AMSa' in version `bold'
(Font)                  U/msa/m/n --> U/txsya/m/n on input line 93.
LaTeX Font Info:    Overwriting symbol font `AMSa' in version `bold'
(Font)                  U/txsya/m/n --> U/txsya/bx/n on input line 94.
LaTeX Font Info:    Redeclaring symbol font `AMSb' on input line 102.
LaTeX Font Info:    Overwriting symbol font `AMSb' in version `normal'
(Font)                  U/msb/m/n --> U/txsyb/m/n on input line 102.
LaTeX Font Info:    Overwriting symbol font `AMSb' in version `bold'
(Font)                  U/msb/m/n --> U/txsyb/m/n on input line 102.
LaTeX Font Info:    Overwriting symbol font `AMSb' in version `bold'
(Font)                  U/txsyb/m/n --> U/txsyb/bx/n on input line 103.
\symsymbolsC=\mathgroup8
LaTeX Font Info:    Overwriting symbol font `symbolsC' in version `bold'
(Font)                  U/txsyc/m/n --> U/txsyc/bx/n on input line 113.
LaTeX Font Info:    Redeclaring symbol font `largesymbols' on input line 120.
LaTeX Font Info:    Overwriting symbol font `largesymbols' in version `normal'
(Font)                  OMX/cmex/m/n --> OMX/txex/m/n on input line 120.
LaTeX Font Info:    Overwriting symbol font `largesymbols' in version `bold'
(Font)                  OMX/cmex/m/n --> OMX/txex/m/n on input line 120.
LaTeX Font Info:    Overwriting symbol font `largesymbols' in version `bold'
(Font)                  OMX/txex/m/n --> OMX/txex/bx/n on input line 121.
\symlargesymbolsA=\mathgroup9
LaTeX Font Info:    Overwriting symbol font `largesymbolsA' in version `bold'
(Font)                  U/txexa/m/n --> U/txexa/bx/n on input line 129.
LaTeX Info: Redefining \not on input line 1043.
)
(D:\LaTeX-Portable\miktex-portable\tex\latex\amsfonts\amssymb.sty
Package: amssymb 2013/01/14 v3.01 AMS font symbols
LaTeX Font Info:    Redeclaring math symbol \boxdot on input line 44.
LaTeX Font Info:    Redeclaring math symbol \boxplus on input line 45.
LaTeX Font Info:    Redeclaring math symbol \boxtimes on input line 46.
LaTeX Font Info:    Redeclaring math symbol \blacksquare on input line 48.
LaTeX Font Info:    Redeclaring math symbol \centerdot on input line 49.
LaTeX Font Info:    Redeclaring math symbol \blacklozenge on input line 51.
LaTeX Font Info:    Redeclaring math symbol \circlearrowright on input line 52.

LaTeX Font Info:    Redeclaring math symbol \circlearrowleft on input line 53.
LaTeX Font Info:    Redeclaring math symbol \leftrightharpoons on input line 56
.
LaTeX Font Info:    Redeclaring math symbol \boxminus on input line 57.
LaTeX Font Info:    Redeclaring math symbol \Vdash on input line 58.
LaTeX Font Info:    Redeclaring math symbol \Vvdash on input line 59.
LaTeX Font Info:    Redeclaring math symbol \vDash on input line 60.
LaTeX Font Info:    Redeclaring math symbol \twoheadrightarrow on input line 61
.
LaTeX Font Info:    Redeclaring math symbol \twoheadleftarrow on input line 62.

LaTeX Font Info:    Redeclaring math symbol \leftleftarrows on input line 63.
LaTeX Font Info:    Redeclaring math symbol \rightrightarrows on input line 64.

LaTeX Font Info:    Redeclaring math symbol \upuparrows on input line 65.
LaTeX Font Info:    Redeclaring math symbol \downdownarrows on input line 66.
LaTeX Font Info:    Redeclaring math symbol \upharpoonright on input line 67.
LaTeX Font Info:    Redeclaring math symbol \downharpoonright on input line 69.

LaTeX Font Info:    Redeclaring math symbol \upharpoonleft on input line 70.
LaTeX Font Info:    Redeclaring math symbol \downharpoonleft on input line 71.
LaTeX Font Info:    Redeclaring math symbol \rightarrowtail on input line 72.
LaTeX Font Info:    Redeclaring math symbol \leftarrowtail on input line 73.
LaTeX Font Info:    Redeclaring math symbol \leftrightarrows on input line 74.
LaTeX Font Info:    Redeclaring math symbol \rightleftarrows on input line 75.
LaTeX Font Info:    Redeclaring math symbol \Lsh on input line 76.
LaTeX Font Info:    Redeclaring math symbol \Rsh on input line 77.
LaTeX Font Info:    Redeclaring math symbol \leftrightsquigarrow on input line 
79.
LaTeX Font Info:    Redeclaring math symbol \looparrowleft on input line 80.
LaTeX Font Info:    Redeclaring math symbol \looparrowright on input line 81.
LaTeX Font Info:    Redeclaring math symbol \circeq on input line 82.
LaTeX Font Info:    Redeclaring math symbol \succsim on input line 83.
LaTeX Font Info:    Redeclaring math symbol \gtrsim on input line 84.
LaTeX Font Info:    Redeclaring math symbol \gtrapprox on input line 85.
LaTeX Font Info:    Redeclaring math symbol \multimap on input line 86.
LaTeX Font Info:    Redeclaring math symbol \therefore on input line 87.
LaTeX Font Info:    Redeclaring math symbol \because on input line 88.
LaTeX Font Info:    Redeclaring math symbol \doteqdot on input line 89.
LaTeX Font Info:    Redeclaring math symbol \triangleq on input line 91.
LaTeX Font Info:    Redeclaring math symbol \precsim on input line 92.
LaTeX Font Info:    Redeclaring math symbol \lesssim on input line 93.
LaTeX Font Info:    Redeclaring math symbol \lessapprox on input line 94.
LaTeX Font Info:    Redeclaring math symbol \eqslantless on input line 95.
LaTeX Font Info:    Redeclaring math symbol \eqslantgtr on input line 96.
LaTeX Font Info:    Redeclaring math symbol \curlyeqprec on input line 97.
LaTeX Font Info:    Redeclaring math symbol \curlyeqsucc on input line 98.
LaTeX Font Info:    Redeclaring math symbol \preccurlyeq on input line 99.
LaTeX Font Info:    Redeclaring math symbol \leqq on input line 100.
LaTeX Font Info:    Redeclaring math symbol \leqslant on input line 101.
LaTeX Font Info:    Redeclaring math symbol \lessgtr on input line 102.
LaTeX Font Info:    Redeclaring math symbol \backprime on input line 103.
LaTeX Font Info:    Redeclaring math symbol \risingdotseq on input line 104.
LaTeX Font Info:    Redeclaring math symbol \fallingdotseq on input line 105.
LaTeX Font Info:    Redeclaring math symbol \succcurlyeq on input line 106.
LaTeX Font Info:    Redeclaring math symbol \geqq on input line 107.
LaTeX Font Info:    Redeclaring math symbol \geqslant on input line 108.
LaTeX Font Info:    Redeclaring math symbol \gtrless on input line 109.
LaTeX Font Info:    Redeclaring math symbol \bigstar on input line 117.
LaTeX Font Info:    Redeclaring math symbol \between on input line 118.
LaTeX Font Info:    Redeclaring math symbol \blacktriangledown on input line 11
9.
LaTeX Font Info:    Redeclaring math symbol \blacktriangleright on input line 1
20.
LaTeX Font Info:    Redeclaring math symbol \blacktriangleleft on input line 12
1.
LaTeX Font Info:    Redeclaring math symbol \vartriangle on input line 122.
LaTeX Font Info:    Redeclaring math symbol \blacktriangle on input line 123.
LaTeX Font Info:    Redeclaring math symbol \triangledown on input line 124.
LaTeX Font Info:    Redeclaring math symbol \eqcirc on input line 125.
LaTeX Font Info:    Redeclaring math symbol \lesseqgtr on input line 126.
LaTeX Font Info:    Redeclaring math symbol \gtreqless on input line 127.
LaTeX Font Info:    Redeclaring math symbol \lesseqqgtr on input line 128.
LaTeX Font Info:    Redeclaring math symbol \gtreqqless on input line 129.
LaTeX Font Info:    Redeclaring math symbol \Rrightarrow on input line 130.
LaTeX Font Info:    Redeclaring math symbol \Lleftarrow on input line 131.
LaTeX Font Info:    Redeclaring math symbol \veebar on input line 132.
LaTeX Font Info:    Redeclaring math symbol \barwedge on input line 133.
LaTeX Font Info:    Redeclaring math symbol \doublebarwedge on input line 134.
LaTeX Font Info:    Redeclaring math symbol \measuredangle on input line 137.
LaTeX Font Info:    Redeclaring math symbol \sphericalangle on input line 138.
LaTeX Font Info:    Redeclaring math symbol \varpropto on input line 139.
LaTeX Font Info:    Redeclaring math symbol \smallsmile on input line 140.
LaTeX Font Info:    Redeclaring math symbol \smallfrown on input line 141.
LaTeX Font Info:    Redeclaring math symbol \Subset on input line 142.
LaTeX Font Info:    Redeclaring math symbol \Supset on input line 143.
LaTeX Font Info:    Redeclaring math symbol \Cup on input line 144.
LaTeX Font Info:    Redeclaring math symbol \Cap on input line 146.
LaTeX Font Info:    Redeclaring math symbol \curlywedge on input line 148.
LaTeX Font Info:    Redeclaring math symbol \curlyvee on input line 149.
LaTeX Font Info:    Redeclaring math symbol \leftthreetimes on input line 150.
LaTeX Font Info:    Redeclaring math symbol \rightthreetimes on input line 151.

LaTeX Font Info:    Redeclaring math symbol \subseteqq on input line 152.
LaTeX Font Info:    Redeclaring math symbol \supseteqq on input line 153.
LaTeX Font Info:    Redeclaring math symbol \bumpeq on input line 154.
LaTeX Font Info:    Redeclaring math symbol \Bumpeq on input line 155.
LaTeX Font Info:    Redeclaring math symbol \lll on input line 156.
LaTeX Font Info:    Redeclaring math symbol \ggg on input line 158.
LaTeX Font Info:    Redeclaring math symbol \circledS on input line 160.
LaTeX Font Info:    Redeclaring math symbol \pitchfork on input line 161.
LaTeX Font Info:    Redeclaring math symbol \dotplus on input line 162.
LaTeX Font Info:    Redeclaring math symbol \backsim on input line 163.
LaTeX Font Info:    Redeclaring math symbol \backsimeq on input line 164.
LaTeX Font Info:    Redeclaring math symbol \complement on input line 165.
LaTeX Font Info:    Redeclaring math symbol \intercal on input line 166.
LaTeX Font Info:    Redeclaring math symbol \circledcirc on input line 167.
LaTeX Font Info:    Redeclaring math symbol \circledast on input line 168.
LaTeX Font Info:    Redeclaring math symbol \circleddash on input line 169.
LaTeX Font Info:    Redeclaring math symbol \lvertneqq on input line 171.
LaTeX Font Info:    Redeclaring math symbol \gvertneqq on input line 172.
LaTeX Font Info:    Redeclaring math symbol \nleq on input line 173.
LaTeX Font Info:    Redeclaring math symbol \ngeq on input line 174.
LaTeX Font Info:    Redeclaring math symbol \nless on input line 175.
LaTeX Font Info:    Redeclaring math symbol \ngtr on input line 176.
LaTeX Font Info:    Redeclaring math symbol \nprec on input line 177.
LaTeX Font Info:    Redeclaring math symbol \nsucc on input line 178.
LaTeX Font Info:    Redeclaring math symbol \lneqq on input line 179.
LaTeX Font Info:    Redeclaring math symbol \gneqq on input line 180.
LaTeX Font Info:    Redeclaring math symbol \nleqslant on input line 181.
LaTeX Font Info:    Redeclaring math symbol \ngeqslant on input line 182.
LaTeX Font Info:    Redeclaring math symbol \lneq on input line 183.
LaTeX Font Info:    Redeclaring math symbol \gneq on input line 184.
LaTeX Font Info:    Redeclaring math symbol \npreceq on input line 185.
LaTeX Font Info:    Redeclaring math symbol \nsucceq on input line 186.
LaTeX Font Info:    Redeclaring math symbol \precnsim on input line 187.
LaTeX Font Info:    Redeclaring math symbol \succnsim on input line 188.
LaTeX Font Info:    Redeclaring math symbol \lnsim on input line 189.
LaTeX Font Info:    Redeclaring math symbol \gnsim on input line 190.
LaTeX Font Info:    Redeclaring math symbol \nleqq on input line 191.
LaTeX Font Info:    Redeclaring math symbol \ngeqq on input line 192.
LaTeX Font Info:    Redeclaring math symbol \precneqq on input line 193.
LaTeX Font Info:    Redeclaring math symbol \succneqq on input line 194.
LaTeX Font Info:    Redeclaring math symbol \precnapprox on input line 195.
LaTeX Font Info:    Redeclaring math symbol \succnapprox on input line 196.
LaTeX Font Info:    Redeclaring math symbol \lnapprox on input line 197.
LaTeX Font Info:    Redeclaring math symbol \gnapprox on input line 198.
LaTeX Font Info:    Redeclaring math symbol \nsim on input line 199.
LaTeX Font Info:    Redeclaring math symbol \ncong on input line 200.
LaTeX Font Info:    Redeclaring math symbol \diagup on input line 201.
LaTeX Font Info:    Redeclaring math symbol \diagdown on input line 202.
LaTeX Font Info:    Redeclaring math symbol \varsubsetneq on input line 203.
LaTeX Font Info:    Redeclaring math symbol \varsupsetneq on input line 204.
LaTeX Font Info:    Redeclaring math symbol \nsubseteqq on input line 205.
LaTeX Font Info:    Redeclaring math symbol \nsupseteqq on input line 206.
LaTeX Font Info:    Redeclaring math symbol \subsetneqq on input line 207.
LaTeX Font Info:    Redeclaring math symbol \supsetneqq on input line 208.
LaTeX Font Info:    Redeclaring math symbol \varsubsetneqq on input line 209.
LaTeX Font Info:    Redeclaring math symbol \varsupsetneqq on input line 210.
LaTeX Font Info:    Redeclaring math symbol \subsetneq on input line 211.
LaTeX Font Info:    Redeclaring math symbol \supsetneq on input line 212.
LaTeX Font Info:    Redeclaring math symbol \nsubseteq on input line 213.
LaTeX Font Info:    Redeclaring math symbol \nsupseteq on input line 214.
LaTeX Font Info:    Redeclaring math symbol \nparallel on input line 215.
LaTeX Font Info:    Redeclaring math symbol \nmid on input line 216.
LaTeX Font Info:    Redeclaring math symbol \nshortmid on input line 217.
LaTeX Font Info:    Redeclaring math symbol \nshortparallel on input line 218.
LaTeX Font Info:    Redeclaring math symbol \nvdash on input line 219.
LaTeX Font Info:    Redeclaring math symbol \nVdash on input line 220.
LaTeX Font Info:    Redeclaring math symbol \nvDash on input line 221.
LaTeX Font Info:    Redeclaring math symbol \nVDash on input line 222.
LaTeX Font Info:    Redeclaring math symbol \ntrianglerighteq on input line 223
.
LaTeX Font Info:    Redeclaring math symbol \ntrianglelefteq on input line 224.

LaTeX Font Info:    Redeclaring math symbol \ntriangleleft on input line 225.
LaTeX Font Info:    Redeclaring math symbol \ntriangleright on input line 226.
LaTeX Font Info:    Redeclaring math symbol \nleftarrow on input line 227.
LaTeX Font Info:    Redeclaring math symbol \nrightarrow on input line 228.
LaTeX Font Info:    Redeclaring math symbol \nLeftarrow on input line 229.
LaTeX Font Info:    Redeclaring math symbol \nRightarrow on input line 230.
LaTeX Font Info:    Redeclaring math symbol \nLeftrightarrow on input line 231.

LaTeX Font Info:    Redeclaring math symbol \nleftrightarrow on input line 232.

LaTeX Font Info:    Redeclaring math symbol \divideontimes on input line 233.
LaTeX Font Info:    Redeclaring math symbol \varnothing on input line 234.
LaTeX Font Info:    Redeclaring math symbol \nexists on input line 235.
LaTeX Font Info:    Redeclaring math symbol \Finv on input line 236.
LaTeX Font Info:    Redeclaring math symbol \Game on input line 237.
LaTeX Font Info:    Redeclaring math symbol \eth on input line 240.
LaTeX Font Info:    Redeclaring math symbol \eqsim on input line 241.
LaTeX Font Info:    Redeclaring math symbol \beth on input line 242.
LaTeX Font Info:    Redeclaring math symbol \gimel on input line 243.
LaTeX Font Info:    Redeclaring math symbol \daleth on input line 244.
LaTeX Font Info:    Redeclaring math symbol \lessdot on input line 245.
LaTeX Font Info:    Redeclaring math symbol \gtrdot on input line 246.
LaTeX Font Info:    Redeclaring math symbol \ltimes on input line 247.
LaTeX Font Info:    Redeclaring math symbol \rtimes on input line 248.
LaTeX Font Info:    Redeclaring math symbol \shortmid on input line 249.
LaTeX Font Info:    Redeclaring math symbol \shortparallel on input line 250.
LaTeX Font Info:    Redeclaring math symbol \smallsetminus on input line 251.
LaTeX Font Info:    Redeclaring math symbol \thicksim on input line 252.
LaTeX Font Info:    Redeclaring math symbol \thickapprox on input line 253.
LaTeX Font Info:    Redeclaring math symbol \approxeq on input line 254.
LaTeX Font Info:    Redeclaring math symbol \succapprox on input line 255.
LaTeX Font Info:    Redeclaring math symbol \precapprox on input line 256.
LaTeX Font Info:    Redeclaring math symbol \curvearrowleft on input line 257.
LaTeX Font Info:    Redeclaring math symbol \curvearrowright on input line 258.

LaTeX Font Info:    Redeclaring math symbol \digamma on input line 259.
LaTeX Font Info:    Redeclaring math symbol \varkappa on input line 260.
LaTeX Font Info:    Redeclaring math symbol \Bbbk on input line 261.
LaTeX Font Info:    Redeclaring math symbol \hslash on input line 262.
LaTeX Font Info:    Redeclaring math symbol \backepsilon on input line 265.
)
(D:\LaTeX-Portable\miktex-portable\tex\latex\pgf\utilities\pgfpages.sty
Package: pgfpages 2011/01/05 ver 0.02

(D:\LaTeX-Portable\miktex-portable\tex\latex\pgf\basiclayer\pgfcore.sty
(D:\LaTeX-Portable\miktex-portable\tex\latex\graphics\graphicx.sty
Package: graphicx 1999/02/16 v1.0f Enhanced LaTeX Graphics (DPC,SPQR)

(D:\LaTeX-Portable\miktex-portable\tex\latex\graphics\keyval.sty
Package: keyval 1999/03/16 v1.13 key=value parser (DPC)
\KV@toks@=\toks21
)
(D:\LaTeX-Portable\miktex-portable\tex\latex\graphics\graphics.sty
Package: graphics 2009/02/05 v1.0o Standard LaTeX Graphics (DPC,SPQR)

(D:\LaTeX-Portable\miktex-portable\tex\latex\graphics\trig.sty
Package: trig 1999/03/16 v1.09 sin cos tan (DPC)
)
(D:\LaTeX-Portable\miktex-portable\tex\latex\00miktex\graphics.cfg
File: graphics.cfg 2007/01/18 v1.5 graphics configuration of teTeX/TeXLive
)
Package graphics Info: Driver file: pdftex.def on input line 91.

(D:\LaTeX-Portable\miktex-portable\tex\latex\pdftex-def\pdftex.def
File: pdftex.def 2011/05/27 v0.06d Graphics/color for pdfTeX

(D:\LaTeX-Portable\miktex-portable\tex\generic\oberdiek\infwarerr.sty
Package: infwarerr 2010/04/08 v1.3 Providing info/warning/error messages (HO)
)
(D:\LaTeX-Portable\miktex-portable\tex\generic\oberdiek\ltxcmds.sty
Package: ltxcmds 2011/11/09 v1.22 LaTeX kernel commands for general use (HO)
)
\Gread@gobject=\count99
))
\Gin@req@height=\dimen112
\Gin@req@width=\dimen113
)
(D:\LaTeX-Portable\miktex-portable\tex\latex\pgf\systemlayer\pgfsys.sty
(D:\LaTeX-Portable\miktex-portable\tex\latex\pgf\utilities\pgfrcs.sty
(D:\LaTeX-Portable\miktex-portable\tex\generic\pgf\utilities\pgfutil-common.tex
\pgfutil@everybye=\toks22
\pgfutil@tempdima=\dimen114
\pgfutil@tempdimb=\dimen115

(D:\LaTeX-Portable\miktex-portable\tex\generic\pgf\utilities\pgfutil-common-lis
ts.tex))
(D:\LaTeX-Portable\miktex-portable\tex\generic\pgf\utilities\pgfutil-latex.def
\pgfutil@abb=\box28

(D:\LaTeX-Portable\miktex-portable\tex\latex\ms\everyshi.sty
Package: everyshi 2001/05/15 v3.00 EveryShipout Package (MS)
))
(D:\LaTeX-Portable\miktex-portable\tex\generic\pgf\utilities\pgfrcs.code.tex
Package: pgfrcs 2013/12/20 v3.0.0 (rcs-revision 1.28)
))
(D:\LaTeX-Portable\miktex-portable\tex\generic\pgf\systemlayer\pgfsys.code.tex
Package: pgfsys 2013/11/30 v3.0.0 (rcs-revision 1.47)

(D:\LaTeX-Portable\miktex-portable\tex\generic\pgf\utilities\pgfkeys.code.tex
\pgfkeys@pathtoks=\toks23
\pgfkeys@temptoks=\toks24

(D:\LaTeX-Portable\miktex-portable\tex\generic\pgf\utilities\pgfkeysfiltered.co
de.tex
\pgfkeys@tmptoks=\toks25
))
\pgf@x=\dimen116
\pgf@y=\dimen117
\pgf@xa=\dimen118
\pgf@ya=\dimen119
\pgf@xb=\dimen120
\pgf@yb=\dimen121
\pgf@xc=\dimen122
\pgf@yc=\dimen123
\w@pgf@writea=\write3
\r@pgf@reada=\read1
\c@pgf@counta=\count100
\c@pgf@countb=\count101
\c@pgf@countc=\count102
\c@pgf@countd=\count103
\t@pgf@toka=\toks26
\t@pgf@tokb=\toks27
\t@pgf@tokc=\toks28
 (D:\LaTeX-Portable\miktex-portable\tex\generic\pgf\systemlayer\pgf.cfg
File: pgf.cfg 2008/05/14  (rcs-revision 1.7)
)
Driver file for pgf: pgfsys-pdftex.def

(D:\LaTeX-Portable\miktex-portable\tex\generic\pgf\systemlayer\pgfsys-pdftex.de
f
File: pgfsys-pdftex.def 2013/07/18  (rcs-revision 1.33)

(D:\LaTeX-Portable\miktex-portable\tex\generic\pgf\systemlayer\pgfsys-common-pd
f.def
File: pgfsys-common-pdf.def 2013/10/10  (rcs-revision 1.13)
)))
(D:\LaTeX-Portable\miktex-portable\tex\generic\pgf\systemlayer\pgfsyssoftpath.c
ode.tex
File: pgfsyssoftpath.code.tex 2013/09/09  (rcs-revision 1.9)
\pgfsyssoftpath@smallbuffer@items=\count104
\pgfsyssoftpath@bigbuffer@items=\count105
)
(D:\LaTeX-Portable\miktex-portable\tex\generic\pgf\systemlayer\pgfsysprotocol.c
ode.tex
File: pgfsysprotocol.code.tex 2006/10/16  (rcs-revision 1.4)
)) (D:\LaTeX-Portable\miktex-portable\tex\latex\xcolor\xcolor.sty
Package: xcolor 2007/01/21 v2.11 LaTeX color extensions (UK)

(D:\LaTeX-Portable\miktex-portable\tex\latex\00miktex\color.cfg
File: color.cfg 2007/01/18 v1.5 color configuration of teTeX/TeXLive
)
Package xcolor Info: Driver file: pdftex.def on input line 225.
Package xcolor Info: Model `cmy' substituted by `cmy0' on input line 1337.
Package xcolor Info: Model `hsb' substituted by `rgb' on input line 1341.
Package xcolor Info: Model `RGB' extended on input line 1353.
Package xcolor Info: Model `HTML' substituted by `rgb' on input line 1355.
Package xcolor Info: Model `Hsb' substituted by `hsb' on input line 1356.
Package xcolor Info: Model `tHsb' substituted by `hsb' on input line 1357.
Package xcolor Info: Model `HSB' substituted by `hsb' on input line 1358.
Package xcolor Info: Model `Gray' substituted by `gray' on input line 1359.
Package xcolor Info: Model `wave' substituted by `hsb' on input line 1360.
)
(D:\LaTeX-Portable\miktex-portable\tex\generic\pgf\basiclayer\pgfcore.code.tex
Package: pgfcore 2010/04/11 v3.0.0 (rcs-revision 1.7)

(D:\LaTeX-Portable\miktex-portable\tex\generic\pgf\math\pgfmath.code.tex
(D:\LaTeX-Portable\miktex-portable\tex\generic\pgf\math\pgfmathcalc.code.tex
(D:\LaTeX-Portable\miktex-portable\tex\generic\pgf\math\pgfmathutil.code.tex)
(D:\LaTeX-Portable\miktex-portable\tex\generic\pgf\math\pgfmathparser.code.tex
\pgfmath@dimen=\dimen124
\pgfmath@count=\count106
\pgfmath@box=\box29
\pgfmath@toks=\toks29
\pgfmath@stack@operand=\toks30
\pgfmath@stack@operation=\toks31
)
(D:\LaTeX-Portable\miktex-portable\tex\generic\pgf\math\pgfmathfunctions.code.t
ex
(D:\LaTeX-Portable\miktex-portable\tex\generic\pgf\math\pgfmathfunctions.basic.
code.tex)
(D:\LaTeX-Portable\miktex-portable\tex\generic\pgf\math\pgfmathfunctions.trigon
ometric.code.tex)
(D:\LaTeX-Portable\miktex-portable\tex\generic\pgf\math\pgfmathfunctions.random
.code.tex)
(D:\LaTeX-Portable\miktex-portable\tex\generic\pgf\math\pgfmathfunctions.compar
ison.code.tex)
(D:\LaTeX-Portable\miktex-portable\tex\generic\pgf\math\pgfmathfunctions.base.c
ode.tex)
(D:\LaTeX-Portable\miktex-portable\tex\generic\pgf\math\pgfmathfunctions.round.
code.tex)
(D:\LaTeX-Portable\miktex-portable\tex\generic\pgf\math\pgfmathfunctions.misc.c
ode.tex)
(D:\LaTeX-Portable\miktex-portable\tex\generic\pgf\math\pgfmathfunctions.intege
rarithmetics.code.tex)))
(D:\LaTeX-Portable\miktex-portable\tex\generic\pgf\math\pgfmathfloat.code.tex
\c@pgfmathroundto@lastzeros=\count107
))
(D:\LaTeX-Portable\miktex-portable\tex\generic\pgf\basiclayer\pgfcorepoints.cod
e.tex
File: pgfcorepoints.code.tex 2013/10/07  (rcs-revision 1.27)
\pgf@picminx=\dimen125
\pgf@picmaxx=\dimen126
\pgf@picminy=\dimen127
\pgf@picmaxy=\dimen128
\pgf@pathminx=\dimen129
\pgf@pathmaxx=\dimen130
\pgf@pathminy=\dimen131
\pgf@pathmaxy=\dimen132
\pgf@xx=\dimen133
\pgf@xy=\dimen134
\pgf@yx=\dimen135
\pgf@yy=\dimen136
\pgf@zx=\dimen137
\pgf@zy=\dimen138
)
(D:\LaTeX-Portable\miktex-portable\tex\generic\pgf\basiclayer\pgfcorepathconstr
uct.code.tex
File: pgfcorepathconstruct.code.tex 2013/10/07  (rcs-revision 1.29)
\pgf@path@lastx=\dimen139
\pgf@path@lasty=\dimen140
)
(D:\LaTeX-Portable\miktex-portable\tex\generic\pgf\basiclayer\pgfcorepathusage.
code.tex
File: pgfcorepathusage.code.tex 2013/12/13  (rcs-revision 1.23)
\pgf@shorten@end@additional=\dimen141
\pgf@shorten@start@additional=\dimen142
)
(D:\LaTeX-Portable\miktex-portable\tex\generic\pgf\basiclayer\pgfcorescopes.cod
e.tex
File: pgfcorescopes.code.tex 2013/10/09  (rcs-revision 1.44)
\pgfpic=\box30
\pgf@hbox=\box31
\pgf@layerbox@main=\box32
\pgf@picture@serial@count=\count108
)
(D:\LaTeX-Portable\miktex-portable\tex\generic\pgf\basiclayer\pgfcoregraphicsta
te.code.tex
File: pgfcoregraphicstate.code.tex 2013/09/19  (rcs-revision 1.11)
\pgflinewidth=\dimen143
)
(D:\LaTeX-Portable\miktex-portable\tex\generic\pgf\basiclayer\pgfcoretransforma
tions.code.tex
File: pgfcoretransformations.code.tex 2013/10/10  (rcs-revision 1.17)
\pgf@pt@x=\dimen144
\pgf@pt@y=\dimen145
\pgf@pt@temp=\dimen146
)
(D:\LaTeX-Portable\miktex-portable\tex\generic\pgf\basiclayer\pgfcorequick.code
.tex
File: pgfcorequick.code.tex 2008/10/09  (rcs-revision 1.3)
)
(D:\LaTeX-Portable\miktex-portable\tex\generic\pgf\basiclayer\pgfcoreobjects.co
de.tex
File: pgfcoreobjects.code.tex 2006/10/11  (rcs-revision 1.2)
)
(D:\LaTeX-Portable\miktex-portable\tex\generic\pgf\basiclayer\pgfcorepathproces
sing.code.tex
File: pgfcorepathprocessing.code.tex 2013/09/09  (rcs-revision 1.9)
)
(D:\LaTeX-Portable\miktex-portable\tex\generic\pgf\basiclayer\pgfcorearrows.cod
e.tex
File: pgfcorearrows.code.tex 2013/11/07  (rcs-revision 1.40)
\pgfarrowsep=\dimen147
)
(D:\LaTeX-Portable\miktex-portable\tex\generic\pgf\basiclayer\pgfcoreshade.code
.tex
File: pgfcoreshade.code.tex 2013/07/15  (rcs-revision 1.15)
\pgf@max=\dimen148
\pgf@sys@shading@range@num=\count109
)
(D:\LaTeX-Portable\miktex-portable\tex\generic\pgf\basiclayer\pgfcoreimage.code
.tex
File: pgfcoreimage.code.tex 2013/07/15  (rcs-revision 1.18)

(D:\LaTeX-Portable\miktex-portable\tex\generic\pgf\basiclayer\pgfcoreexternal.c
ode.tex
File: pgfcoreexternal.code.tex 2013/07/15  (rcs-revision 1.20)
\pgfexternal@startupbox=\box33
))
(D:\LaTeX-Portable\miktex-portable\tex\generic\pgf\basiclayer\pgfcorelayers.cod
e.tex
File: pgfcorelayers.code.tex 2013/07/18  (rcs-revision 1.7)
)
(D:\LaTeX-Portable\miktex-portable\tex\generic\pgf\basiclayer\pgfcoretransparen
cy.code.tex
File: pgfcoretransparency.code.tex 2013/09/30  (rcs-revision 1.5)
)
(D:\LaTeX-Portable\miktex-portable\tex\generic\pgf\basiclayer\pgfcorepatterns.c
ode.tex
File: pgfcorepatterns.code.tex 2013/11/07  (rcs-revision 1.5)
))) (D:\LaTeX-Portable\miktex-portable\tex\latex\tools\calc.sty
Package: calc 2007/08/22 v4.3 Infix arithmetic (KKT,FJ)
\calc@Acount=\count110
\calc@Bcount=\count111
\calc@Adimen=\dimen149
\calc@Bdimen=\dimen150
\calc@Askip=\skip46
\calc@Bskip=\skip47
LaTeX Info: Redefining \setlength on input line 76.
LaTeX Info: Redefining \addtolength on input line 77.
\calc@Ccount=\count112
\calc@Cskip=\skip48
)
\pgf@logicalpages=\count113
\pgf@firstshipout=\count114
\pgf@lastshipout=\count115
\pgf@currentshipout=\count116
\pgf@cpn=\count117
\pgf@shipoutnextto=\count118
\pgfphysicalheight=\dimen151
\pgfphysicalwidth=\dimen152
\pgfpages@shipoutbox=\box34
)
(D:\LaTeX-Portable\miktex-portable\tex\latex\booktabs\booktabs.sty
Package: booktabs 2005/04/14 v1.61803 publication quality tables
\heavyrulewidth=\dimen153
\lightrulewidth=\dimen154
\cmidrulewidth=\dimen155
\belowrulesep=\dimen156
\belowbottomsep=\dimen157
\aboverulesep=\dimen158
\abovetopsep=\dimen159
\cmidrulesep=\dimen160
\cmidrulekern=\dimen161
\defaultaddspace=\dimen162
\@cmidla=\count119
\@cmidlb=\count120
\@aboverulesep=\dimen163
\@belowrulesep=\dimen164
\@thisruleclass=\count121
\@lastruleclass=\count122
\@thisrulewidth=\dimen165
)
(D:\LaTeX-Portable\miktex-portable\tex\latex\tools\longtable.sty
Package: longtable 2004/02/01 v4.11 Multi-page Table package (DPC)
\LTleft=\skip49
\LTright=\skip50
\LTpre=\skip51
\LTpost=\skip52
\LTchunksize=\count123
\LTcapwidth=\dimen166
\LT@head=\box35
\LT@firsthead=\box36
\LT@foot=\box37
\LT@lastfoot=\box38
\LT@cols=\count124
\LT@rows=\count125
\c@LT@tables=\count126
\c@LT@chunks=\count127
\LT@p@ftn=\toks32
)
(D:\LaTeX-Portable\miktex-portable\tex\latex\ltxmisc\chngpage.sty
Package: chngpage 2003/08/10 v1.2 change page layout
\c@cp@cnt=\count128
\c@cp@tempcnt=\count129
)
(D:\LaTeX-Portable\miktex-portable\tex\latex\subfig\subfig.sty
Package: subfig 2005/06/28 ver: 1.3 subfig package

(D:\LaTeX-Portable\miktex-portable\tex\latex\caption\caption.sty
Package: caption 2013/05/02 v3.3-89 Customizing captions (AR)

(D:\LaTeX-Portable\miktex-portable\tex\latex\caption\caption3.sty
Package: caption3 2013/05/02 v1.6-88 caption3 kernel (AR)
Package caption3 Info: TeX engine: e-TeX on input line 57.
\captionmargin=\dimen167
\captionmargin@=\dimen168
\captionwidth=\dimen169
\caption@tempdima=\dimen170
\caption@indent=\dimen171
\caption@parindent=\dimen172
\caption@hangindent=\dimen173
)
\c@ContinuedFloat=\count130
Package caption Info: longtable package is loaded.

(D:\LaTeX-Portable\miktex-portable\tex\latex\caption\ltcaption.sty
Package: ltcaption 2013/02/03 v1.3-62 longtable captions (AR)
))
\c@KVtest=\count131
\sf@farskip=\skip53
\sf@captopadj=\dimen174
\sf@capskip=\skip54
\sf@nearskip=\skip55
\c@subfigure=\count132
\c@subfigure@save=\count133
\c@lofdepth=\count134
\c@subtable=\count135
\c@subtable@save=\count136
\c@lotdepth=\count137
\sf@top=\skip56
\sf@bottom=\skip57
)
(D:\LaTeX-Portable\miktex-portable\tex\latex\float\float.sty
Package: float 2001/11/08 v1.3d Float enhancements (AL)
\c@float@type=\count138
\float@exts=\toks33
\float@box=\box39
\@float@everytoks=\toks34
\@floatcapt=\box40
)
\c@mydef=\count139

(D:\LaTeX-Portable\miktex-portable\tex\latex\tools\verbatim.sty
Package: verbatim 2003/08/22 v1.5q LaTeX2e package for verbatim enhancements
\every@verbatim=\toks35
\verbatim@line=\toks36
\verbatim@in@stream=\read2
)
(D:\LaTeX-Portable\miktex-portable\tex\latex\glossaries\base\glossaries.sty
Package: glossaries 2014/04/04 v4.07 (NLCT)

(D:\LaTeX-Portable\miktex-portable\tex\latex\base\ifthen.sty
Package: ifthen 2001/05/26 v1.1c Standard LaTeX ifthen package (DPC)
)
(D:\LaTeX-Portable\miktex-portable\tex\latex\xkeyval\xkeyval.sty
Package: xkeyval 2012/10/14 v2.6b package option processing (HA)

(D:\LaTeX-Portable\miktex-portable\tex\generic\xkeyval\xkeyval.tex
\XKV@toks=\toks37
\XKV@tempa@toks=\toks38
\XKV@depth=\count140
File: xkeyval.tex 2012/10/14 v2.6b key=value parser (HA)
))
(D:\LaTeX-Portable\miktex-portable\tex\latex\glossaries\base\mfirstuc.sty
Package: mfirstuc 2013/11/04 v1.08 (NLCT)

(D:\LaTeX-Portable\miktex-portable\tex\latex\etoolbox\etoolbox.sty
Package: etoolbox 2011/01/03 v2.1 e-TeX tools for LaTeX

(D:\LaTeX-Portable\miktex-portable\tex\latex\misc\etex.sty
Package: etex 1998/03/26 v2.0 eTeX basic definition package (PEB)
\et@xins=\count141
)
\etb@tempcnta=\count142
)
\@glsmfirst=\toks39
\@glsmrest=\toks40
)
(D:\LaTeX-Portable\miktex-portable\tex\latex\textcase\textcase.sty
Package: textcase 2004/10/07 v0.07 Text only upper/lower case changing (DPC)
)
(D:\LaTeX-Portable\miktex-portable\tex\latex\xfor\xfor.sty
Package: xfor 2009/02/05 v1.05 (NLCT)
)
(D:\LaTeX-Portable\miktex-portable\tex\latex\datatool\datatool-base.sty
Package: datatool-base 2013/09/06 v2.18 (NLCT)

(D:\LaTeX-Portable\miktex-portable\tex\latex\substr\substr.sty
Package: substr 2009/10/20 v1.2 Handle substrings
\c@su@anzahl=\count143
)
(D:\LaTeX-Portable\miktex-portable\tex\latex\datatool\datatool-fp.sty
Package: datatool-fp 2013/08/29 v2.17 (NLCT)

(D:\LaTeX-Portable\miktex-portable\tex\latex\fp\fp.sty
Package: fp 1995/04/02

`Fixed Point Package', Version 0.8, April 2, 1995 (C) Michael Mehlich
(D:\LaTeX-Portable\miktex-portable\tex\latex\fp\defpattern.sty
Package: defpattern 1994/10/12
\actioncount=\count144
)
(D:\LaTeX-Portable\miktex-portable\tex\latex\fp\fp-basic.sty
Package: fp-basic 1996/05/13
\FP@xs=\count145
\FP@xia=\count146
\FP@xib=\count147
\FP@xfa=\count148
\FP@xfb=\count149
\FP@rega=\count150
\FP@regb=\count151
\FP@regs=\count152
\FP@times=\count153
)
(D:\LaTeX-Portable\miktex-portable\tex\latex\fp\fp-addons.sty
Package: fp-addons 1995/03/15
)
(D:\LaTeX-Portable\miktex-portable\tex\latex\fp\fp-snap.sty
Package: fp-snap 1995/04/05
)
(D:\LaTeX-Portable\miktex-portable\tex\latex\fp\fp-exp.sty
Package: fp-exp 1995/04/03
)
(D:\LaTeX-Portable\miktex-portable\tex\latex\fp\fp-trigo.sty
Package: fp-trigo 1995/04/14
)
(D:\LaTeX-Portable\miktex-portable\tex\latex\fp\fp-pas.sty
Package: fp-pas 1994/08/29
)
(D:\LaTeX-Portable\miktex-portable\tex\latex\fp\fp-random.sty
Package: fp-random 1995/02/23
\FPseed=\count154
)
(D:\LaTeX-Portable\miktex-portable\tex\latex\fp\fp-eqn.sty
Package: fp-eqn 1995/04/03
)
(D:\LaTeX-Portable\miktex-portable\tex\latex\fp\fp-upn.sty
Package: fp-upn 1996/10/21
)
(D:\LaTeX-Portable\miktex-portable\tex\latex\fp\fp-eval.sty
Package: fp-eval 1995/04/03
)))
\@dtl@toks=\toks41
\@dtl@tmpcount=\count155
\dtl@tmplength=\skip58
\dtl@sortresult=\count156
\@dtl@numgrpsepcount=\count157
\@dtl@datatype=\count158
\dtl@codeA=\count159
\dtl@codeB=\count160
\@dtl@foreach@level=\count161
)
(D:\LaTeX-Portable\miktex-portable\tex\latex\glossaries\base\glossaries-compati
ble-307.sty
Package: glossaries-compatible-307 2013/11/14 v4.0 (NLCT)
)
\gls@level=\count162
\@gls@tmpb=\toks42
\gls@tmplen=\skip59
\glskeylisttok=\toks43
\glslabeltok=\toks44
\glsshorttok=\toks45
\glslongtok=\toks46

(D:\LaTeX-Portable\miktex-portable\tex\latex\glossaries\styles\glossary-hyperna
v.sty
Package: glossary-hypernav 2013/11/14 v4.0 (NLCT)
)
(D:\LaTeX-Portable\miktex-portable\tex\latex\glossaries\styles\glossary-list.st
y
Package: glossary-list 2013/11/14 v4.0 (NLCT)
\glslistdottedwidth=\skip60
)
(D:\LaTeX-Portable\miktex-portable\tex\latex\glossaries\styles\glossary-long.st
y
Package: glossary-long 2013/11/14 v4.0 (NLCT)
\glsdescwidth=\skip61
\glspagelistwidth=\skip62
)
(D:\LaTeX-Portable\miktex-portable\tex\latex\glossaries\styles\glossary-super.s
ty
Package: glossary-super 2013/11/14 v4.0 (NLCT)
 (D:\LaTeX-Portable\miktex-portable\tex\latex\supertabular\supertabular.sty
Package: supertabular 2004/02/20 v4.1e the supertabular environment
\c@tracingst=\count163
\ST@wd=\dimen175
\ST@rightskip=\skip63
\ST@leftskip=\skip64
\ST@parfillskip=\skip65
\ST@pageleft=\dimen176
\ST@headht=\dimen177
\ST@tailht=\dimen178
\ST@pagesofar=\dimen179
\ST@pboxht=\dimen180
\ST@lineht=\dimen181
\ST@stretchht=\dimen182
\ST@prevht=\dimen183
\ST@toadd=\dimen184
\ST@dimen=\dimen185
\ST@pbox=\box41
))
(D:\LaTeX-Portable\miktex-portable\tex\latex\glossaries\styles\glossary-tree.st
y
Package: glossary-tree 2014/03/06 v4.04 (NLCT)
\glstreeindent=\skip66
)) (D:\LaTeX-Portable\miktex-portable\tex\latex\tocloft\tocloft.sty
Package: tocloft 2013/05/02 v2.3f parameterised ToC, etc., typesetting
Package tocloft Info: The document has section divisions on input line 44.
\cftparskip=\skip67
\cftbeforetoctitleskip=\skip68
\cftaftertoctitleskip=\skip69
\cftbeforepartskip=\skip70
\cftpartnumwidth=\skip71
\cftpartindent=\skip72
\cftbeforesecskip=\skip73
\cftsecindent=\skip74
\cftsecnumwidth=\skip75
\cftbeforesubsecskip=\skip76
\cftsubsecindent=\skip77
\cftsubsecnumwidth=\skip78
\cftbeforesubsubsecskip=\skip79
\cftsubsubsecindent=\skip80
\cftsubsubsecnumwidth=\skip81
\cftbeforeparaskip=\skip82
\cftparaindent=\skip83
\cftparanumwidth=\skip84
\cftbeforesubparaskip=\skip85
\cftsubparaindent=\skip86
\cftsubparanumwidth=\skip87
\cftbeforeloftitleskip=\skip88
\cftafterloftitleskip=\skip89
\cftbeforefigskip=\skip90
\cftfigindent=\skip91
\cftfignumwidth=\skip92
\cftbeforelottitleskip=\skip93
\cftafterlottitleskip=\skip94
\cftbeforetabskip=\skip95
\cfttabindent=\skip96
\cfttabnumwidth=\skip97
)
(D:\LaTeX-Portable\miktex-portable\tex\latex\natbib\natbib.sty
Package: natbib 2010/09/13 8.31b (PWD, AO)
\bibhang=\skip98
\bibsep=\skip99
LaTeX Info: Redefining \cite on input line 694.
\c@NAT@ctr=\count164
)
(D:\LaTeX-Portable\miktex-portable\tex\latex\hyperref\hyperref.sty
Package: hyperref 2012/11/06 v6.83m Hypertext links for LaTeX

(D:\LaTeX-Portable\miktex-portable\tex\generic\oberdiek\hobsub-hyperref.sty
Package: hobsub-hyperref 2012/04/25 v1.12 Bundle oberdiek, subset hyperref (HO)


(D:\LaTeX-Portable\miktex-portable\tex\generic\oberdiek\hobsub-generic.sty
Package: hobsub-generic 2012/04/25 v1.12 Bundle oberdiek, subset generic (HO)
Package: hobsub 2012/04/25 v1.12 Construct package bundles (HO)
Package hobsub Info: Skipping package `infwarerr' (already loaded).
Package hobsub Info: Skipping package `ltxcmds' (already loaded).
Package: ifluatex 2010/03/01 v1.3 Provides the ifluatex switch (HO)
Package ifluatex Info: LuaTeX not detected.
Package: ifvtex 2010/03/01 v1.5 Detect VTeX and its facilities (HO)
Package ifvtex Info: VTeX not detected.
Package: intcalc 2007/09/27 v1.1 Expandable calculations with integers (HO)
Package: ifpdf 2011/01/30 v2.3 Provides the ifpdf switch (HO)
Package ifpdf Info: pdfTeX in PDF mode is detected.
Package: etexcmds 2011/02/16 v1.5 Avoid name clashes with e-TeX commands (HO)
Package etexcmds Info: Could not find \expanded.
(etexcmds)             That can mean that you are not using pdfTeX 1.50 or
(etexcmds)             that some package has redefined \expanded.
(etexcmds)             In the latter case, load this package earlier.
Package: kvsetkeys 2012/04/25 v1.16 Key value parser (HO)
Package: kvdefinekeys 2011/04/07 v1.3 Define keys (HO)
Package: pdftexcmds 2011/11/29 v0.20 Utility functions of pdfTeX for LuaTeX (HO
)
Package pdftexcmds Info: LuaTeX not detected.
Package pdftexcmds Info: \pdf@primitive is available.
Package pdftexcmds Info: \pdf@ifprimitive is available.
Package pdftexcmds Info: \pdfdraftmode found.
Package: pdfescape 2011/11/25 v1.13 Implements pdfTeX's escape features (HO)
Package: bigintcalc 2012/04/08 v1.3 Expandable calculations on big integers (HO
)
Package: bitset 2011/01/30 v1.1 Handle bit-vector datatype (HO)
Package: uniquecounter 2011/01/30 v1.2 Provide unlimited unique counter (HO)
)
Package hobsub Info: Skipping package `hobsub' (already loaded).
Package: letltxmacro 2010/09/02 v1.4 Let assignment for LaTeX macros (HO)
Package: hopatch 2011/06/24 v1.1 Wrapper for package hooks (HO)
Package: xcolor-patch 2011/01/30 xcolor patch
Package: atveryend 2011/06/30 v1.8 Hooks at the very end of document (HO)
Package: atbegshi 2011/10/05 v1.16 At begin shipout hook (HO)
Package: refcount 2011/10/16 v3.4 Data extraction from label references (HO)
Package: hycolor 2011/01/30 v1.7 Color options for hyperref/bookmark (HO)
)
(D:\LaTeX-Portable\miktex-portable\tex\generic\ifxetex\ifxetex.sty
Package: ifxetex 2010/09/12 v0.6 Provides ifxetex conditional
)
(D:\LaTeX-Portable\miktex-portable\tex\latex\oberdiek\auxhook.sty
Package: auxhook 2011/03/04 v1.3 Hooks for auxiliary files (HO)
)
(D:\LaTeX-Portable\miktex-portable\tex\latex\oberdiek\kvoptions.sty
Package: kvoptions 2011/06/30 v3.11 Key value format for package options (HO)
)
\@linkdim=\dimen186
\Hy@linkcounter=\count165
\Hy@pagecounter=\count166

(D:\LaTeX-Portable\miktex-portable\tex\latex\hyperref\pd1enc.def
File: pd1enc.def 2012/11/06 v6.83m Hyperref: PDFDocEncoding definition (HO)
)
\Hy@SavedSpaceFactor=\count167

(D:\LaTeX-Portable\miktex-portable\tex\latex\00miktex\hyperref.cfg
File: hyperref.cfg 2002/06/06 v1.2 hyperref configuration of TeXLive
)
Package hyperref Info: Hyper figures OFF on input line 4443.
Package hyperref Info: Link nesting OFF on input line 4448.
Package hyperref Info: Hyper index ON on input line 4451.
Package hyperref Info: Plain pages OFF on input line 4458.
Package hyperref Info: Backreferencing OFF on input line 4463.
Package hyperref Info: Implicit mode ON; LaTeX internals redefined.
Package hyperref Info: Bookmarks ON on input line 4688.
\c@Hy@tempcnt=\count168

(D:\LaTeX-Portable\miktex-portable\tex\latex\url\url.sty
\Urlmuskip=\muskip11
Package: url 2013/09/16  ver 3.4  Verb mode for urls, etc.
)
LaTeX Info: Redefining \url on input line 5041.
\XeTeXLinkMargin=\dimen187
\Fld@menulength=\count169
\Field@Width=\dimen188
\Fld@charsize=\dimen189
Package hyperref Info: Hyper figures OFF on input line 6295.
Package hyperref Info: Link nesting OFF on input line 6300.
Package hyperref Info: Hyper index ON on input line 6303.
Package hyperref Info: backreferencing OFF on input line 6310.
Package hyperref Info: Link coloring OFF on input line 6315.
Package hyperref Info: Link coloring with OCG OFF on input line 6320.
Package hyperref Info: PDF/A mode OFF on input line 6325.
LaTeX Info: Redefining \ref on input line 6365.
LaTeX Info: Redefining \pageref on input line 6369.
\Hy@abspage=\count170
\c@Item=\count171
\c@Hfootnote=\count172
)

Package hyperref Message: Driver (autodetected): hpdftex.

(D:\LaTeX-Portable\miktex-portable\tex\latex\hyperref\hpdftex.def
File: hpdftex.def 2012/11/06 v6.83m Hyperref driver for pdfTeX
\Fld@listcount=\count173
\c@bookmark@seq@number=\count174

(D:\LaTeX-Portable\miktex-portable\tex\latex\oberdiek\rerunfilecheck.sty
Package: rerunfilecheck 2011/04/15 v1.7 Rerun checks for auxiliary files (HO)
Package uniquecounter Info: New unique counter `rerunfilecheck' on input line 2
82.
)
\Hy@SectionHShift=\skip100
)
\glswrite=\write4
\glo@main@file=\write5
Package glossaries Info: Writing glossary file paper1.glo on input line 59.

(C:\Users\Steve\Documents\GitHub\publish\paper1\paper1.aux)
LaTeX Font Info:    Checking defaults for OML/txmi/m/it on input line 65.
LaTeX Font Info:    Try loading font information for OML+txmi on input line 65.


(D:\LaTeX-Portable\miktex-portable\tex\latex\txfonts\omltxmi.fd
File: omltxmi.fd 2000/12/15 v3.1
)
LaTeX Font Info:    ... okay on input line 65.
LaTeX Font Info:    Checking defaults for T1/cmr/m/n on input line 65.
LaTeX Font Info:    ... okay on input line 65.
LaTeX Font Info:    Checking defaults for OT1/cmr/m/n on input line 65.
LaTeX Font Info:    ... okay on input line 65.
LaTeX Font Info:    Checking defaults for OMS/txsy/m/n on input line 65.
LaTeX Font Info:    Try loading font information for OMS+txsy on input line 65.


(D:\LaTeX-Portable\miktex-portable\tex\latex\txfonts\omstxsy.fd
File: omstxsy.fd 2000/12/15 v3.1
)
LaTeX Font Info:    ... okay on input line 65.
LaTeX Font Info:    Checking defaults for OMX/txex/m/n on input line 65.
LaTeX Font Info:    Try loading font information for OMX+txex on input line 65.


(D:\LaTeX-Portable\miktex-portable\tex\latex\txfonts\omxtxex.fd
File: omxtxex.fd 2000/12/15 v3.1
)
LaTeX Font Info:    ... okay on input line 65.
LaTeX Font Info:    Checking defaults for U/txexa/m/n on input line 65.
LaTeX Font Info:    Try loading font information for U+txexa on input line 65.

(D:\LaTeX-Portable\miktex-portable\tex\latex\txfonts\utxexa.fd
File: utxexa.fd 2000/12/15 v3.1
)
LaTeX Font Info:    ... okay on input line 65.
LaTeX Font Info:    Checking defaults for PD1/pdf/m/n on input line 65.
LaTeX Font Info:    ... okay on input line 65.
LaTeX Font Info:    Try loading font information for OT1+txr on input line 65.

(D:\LaTeX-Portable\miktex-portable\tex\latex\txfonts\ot1txr.fd
File: ot1txr.fd 2000/12/15 v3.1
)
(D:\LaTeX-Portable\miktex-portable\tex\context\base\supp-pdf.mkii
[Loading MPS to PDF converter (version 2006.09.02).]
\scratchcounter=\count175
\scratchdimen=\dimen190
\scratchbox=\box42
\nofMPsegments=\count176
\nofMParguments=\count177
\everyMPshowfont=\toks47
\MPscratchCnt=\count178
\MPscratchDim=\dimen191
\MPnumerator=\count179
\makeMPintoPDFobject=\count180
\everyMPtoPDFconversion=\toks48
) ABD: EveryShipout initializing macros
Package caption Info: Begin \AtBeginDocument code.
Package caption Info: subfig package v1.3 is loaded.
Package caption Info: float package is loaded.
Package caption Info: hyperref package is loaded.
Package caption Info: supertabular package is loaded.
Package caption Info: End \AtBeginDocument code.
\AtBeginShipoutBox=\box43
Package hyperref Info: Link coloring OFF on input line 65.

(D:\LaTeX-Portable\miktex-portable\tex\latex\hyperref\nameref.sty
Package: nameref 2012/10/27 v2.43 Cross-referencing by name of section

(D:\LaTeX-Portable\miktex-portable\tex\generic\oberdiek\gettitlestring.sty
Package: gettitlestring 2010/12/03 v1.4 Cleanup title references (HO)
)
\c@section@level=\count181
)
LaTeX Info: Redefining \ref on input line 65.
LaTeX Info: Redefining \pageref on input line 65.
LaTeX Info: Redefining \nameref on input line 65.

(C:\Users\Steve\Documents\GitHub\publish\paper1\paper1.out)
(C:\Users\Steve\Documents\GitHub\publish\paper1\paper1.out)
\@outlinefile=\write6
LaTeX Font Info:    Try loading font information for U+txsya on input line 73.

(D:\LaTeX-Portable\miktex-portable\tex\latex\txfonts\utxsya.fd
File: utxsya.fd 2000/12/15 v3.1
)
LaTeX Font Info:    Try loading font information for U+txsyb on input line 73.

(D:\LaTeX-Portable\miktex-portable\tex\latex\txfonts\utxsyb.fd
File: utxsyb.fd 2000/12/15 v3.1
)
LaTeX Font Info:    Try loading font information for U+txmia on input line 73.

(D:\LaTeX-Portable\miktex-portable\tex\latex\txfonts\utxmia.fd
File: utxmia.fd 2000/12/15 v3.1
)
LaTeX Font Info:    Try loading font information for U+txsyc on input line 73.

(D:\LaTeX-Portable\miktex-portable\tex\latex\txfonts\utxsyc.fd
File: utxsyc.fd 2000/12/15 v3.1
)
\c@myequations=\count182
\cftbeforemyequationsskip=\skip101
\cftmyequationsindent=\skip102
\cftmyequationsnumwidth=\skip103
\c@equdepth=\count183
\cftbeforeequtitleskip=\skip104
\cftafterequtitleskip=\skip105
 [1

{D:/LaTeX-Portable/miktex-portable/pdftex/config/pdftex.map}]

Package natbib Warning: Citation `desaguliers_course_1734' on page 2 undefined 
on input line 98.


Package natbib Warning: Citation `engels_condition_1892' on page 2 undefined on
 input line 100.


Package natbib Warning: Citation `jevons_coal_1965' on page 2 undefined on inpu
t line 100.


Package natbib Warning: Citation `eckel_coal_1921' on page 2 undefined on input
 line 100.


Package natbib Warning: Citation `soddy_matter_1911' on page 2 undefined on inp
ut line 100.


Package natbib Warning: Citation `soddy_cartesian_1921' on page 2 undefined on 
input line 100.


Package natbib Warning: Citation `soddy_money_1931' on page 2 undefined on inpu
t line 100.


Package natbib Warning: Citation `soddy_wealth_1933' on page 2 undefined on inp
ut line 100.


Package natbib Warning: Citation `soddy_role_1934' on page 2 undefined on input
 line 100.


Package natbib Warning: Citation `nef_rise_1932' on page 2 undefined on input l
ine 102.

[2]

Package natbib Warning: Citation `mantoux_industrial_1961' on page 3 undefined 
on input line 104.


Package natbib Warning: Citation `cottrell_energy_1955' on page 3 undefined on 
input line 106.


Package natbib Warning: Citation `cipolla_sources_1961' on page 3 undefined on 
input line 108.


Package natbib Warning: Citation `cipolla_economic_1962' on page 3 undefined on
 input line 108.


Package natbib Warning: Citation `cipolla_guns_1966' on page 3 undefined on inp
ut line 108.


Package natbib Warning: Citation `cipolla_before_1983' on page 3 undefined on i
nput line 108.


Package natbib Warning: Citation `mokyr_lever_1992' on page 3 undefined on inpu
t line 108.


Package natbib Warning: Citation `deane_first_1979' on page 3 undefined on inpu
t line 110.


Overfull \hbox (1.92406pt too wide) in paragraph at lines 110--111
[]\OT1/txr/m/n/10.95 Phyllis Deane in writ-ing of the En-glish In-dus-trial Rev
-o-lu-tion notes ``The most im-por-tant achieve-
 []


Package natbib Warning: Citation `wrigley_continuity_1988' on page 3 undefined 
on input line 112.


Package natbib Warning: Citation `wrigley_energy_2010' on page 3 undefined on i
nput line 112.

[3]

Package natbib Warning: Citation `malanima_path_2010' on page 4 undefined on in
put line 114.


Package natbib Warning: Citation `mcneill_pursuit_1982' on page 4 undefined on 
input line 116.


Package natbib Warning: Citation `pomeranz_great_2001' on page 4 undefined on i
nput line 116.


Package natbib Warning: Citation `pomeranz_beyond_2002' on page 4 undefined on 
input line 116.


Package natbib Warning: Citation `smith_inquiry_1977' on page 4 undefined on in
put line 116.

[4]

Package natbib Warning: Citation `allen_british_2009' on page 5 undefined on in
put line 118.


Package natbib Warning: Citation `allen_british_2009' on page 5 undefined on in
put line 120.


Package natbib Warning: Citation `cottrell_energy_1955' on page 5 undefined on 
input line 122.


Package natbib Warning: Citation `allen_british_2009' on page 5 undefined on in
put line 122.


Package natbib Warning: Citation `wrigley_continuity_1988' on page 5 undefined 
on input line 122.


Package natbib Warning: Citation `wrigley_energy_2010' on page 5 undefined on i
nput line 122.


Package natbib Warning: Citation `smil_energy_1994' on page 5 undefined on inpu
t line 122.


Package natbib Warning: Citation `smil_energy_2008' on page 5 undefined on inpu
t line 122.


Package natbib Warning: Citation `georgescu-roegen_entropy_1971' on page 5 unde
fined on input line 124.


Package natbib Warning: Citation `garrett_are_2009' on page 5 undefined on inpu
t line 124.


Package natbib Warning: Citation `garrett_modes_2012' on page 5 undefined on in
put line 124.


Package natbib Warning: Citation `garrett_long-run_2015' on page 5 undefined on
 input line 124.

[5]

Package natbib Warning: Citation `weber_religion_1964' on page 6 undefined on i
nput line 132.


Package natbib Warning: Citation `weber_protestant_2002' on page 6 undefined on
 input line 132.

[6]

Package natbib Warning: Citation `north_rise_1973' on page 7 undefined on input
 line 136.


Package natbib Warning: Citation `north_institutions_1990' on page 7 undefined 
on input line 136.


Package natbib Warning: Citation `landes_unbound_1969' on page 7 undefined on i
nput line 138.


Package natbib Warning: Citation `landes_wealth_1999' on page 7 undefined on in
put line 138.


Package natbib Warning: Citation `mccloskey_bourgeois_2007' on page 7 undefined
 on input line 138.


Package natbib Warning: Citation `mccloskey_bourgeois_2010' on page 7 undefined
 on input line 138.


Package natbib Warning: Citation `goldstone_cultural_1987' on page 7 undefined 
on input line 140.


Package natbib Warning: Citation `goldstone_rise_2000' on page 7 undefined on i
nput line 140.


Package natbib Warning: Citation `goldstone_why_2008' on page 7 undefined on in
put line 140.


Package natbib Warning: Citation `goldstone_rise_2000' on page 7 undefined on i
nput line 140.

[7]

Package natbib Warning: Citation `acemoglu_chapter_2005' on page 8 undefined on
 input line 142.


Package natbib Warning: Citation `acemoglu_introduction_2012' on page 8 undefin
ed on input line 142.


Package natbib Warning: Citation `acemoglu_politics_2005' on page 8 undefined o
n input line 142.


Overfull \hbox (11.0345pt too wide) in paragraph at lines 142--143
[]\OT1/txr/m/n/10.95 Daron Ace-moglu's work rep-re-sents a mod-ern quan-ti-ta-t
ive ver-sion of institutionally--driven growth;
 []


Package natbib Warning: Citation `marx_contribution_1904' on page 8 undefined o
n input line 146.


Package natbib Warning: Citation `veblen_theory_2009' on page 8 undefined on in
put line 146.

[8]

Package natbib Warning: Citation `hartwell_revolution_1962' on page 9 undefined
 on input line 153.


Package natbib Warning: Citation `hartwell_markets_1966' on page 9 undefined on
 input line 153.


Package natbib Warning: Citation `hartwell_cycle_1967' on page 9 undefined on i
nput line 153.


Package natbib Warning: Citation `hartwell_demographic_1982' on page 9 undefine
d on input line 153.


Package natbib Warning: Citation `elvin_pattern_1973' on page 9 undefined on in
put line 153.


Package natbib Warning: Citation `mcneill_pursuit_1982' on page 9 undefined on 
input line 153.


Package natbib Warning: Citation `mote_imperial_1999' on page 9 undefined on in
put line 153.


Package natbib Warning: Citation `jones_growth_1988' on page 9 undefined on inp
ut line 153.


Package natbib Warning: Citation `jones_recurrent_1996' on page 9 undefined on 
input line 153.


Package natbib Warning: Citation `tim_wright_economic_2007' on page 9 undefined
 on input line 153.


Package natbib Warning: Citation `allen_british_2009' on page 9 undefined on in
put line 155.

[9]

Package natbib Warning: Citation `pomeranz_great_2001' on page 10 undefined on 
input line 161.


Package natbib Warning: Citation `pomeranz_great_2001' on page 10 undefined on 
input line 163.

[10]

Package natbib Warning: Citation `pomeranz_great_2001' on page 11 undefined on 
input line 165.


Package natbib Warning: Citation `huang_review_2002' on page 11 undefined on in
put line 167.


Package natbib Warning: Citation `peter_c_perdue_china_2009' on page 11 undefin
ed on input line 167.


Package natbib Warning: Citation `duchesne_rise_2004' on page 11 undefined on i
nput line 167.


Package natbib Warning: Citation `duchesne_uniqueness_2011' on page 11 undefine
d on input line 167.


Package natbib Warning: Citation `wong_china_1997' on page 11 undefined on inpu
t line 169.


Package natbib Warning: Citation `vries_via_2003' on page 11 undefined on input
 line 171.


Package natbib Warning: Citation `pomeranz_via_2004' on page 11 undefined on in
put line 173.

[11]

Package natbib Warning: Citation `allen_british_2009' on page 12 undefined on i
nput line 183.


Package natbib Warning: Citation `allen_great_2001' on page 12 undefined on inp
ut line 183.


Package natbib Warning: Citation `allen_wages_2007' on page 12 undefined on inp
ut line 183.


Package natbib Warning: Citation `allen_agricultural_2009' on page 12 undefined
 on input line 183.


Package natbib Warning: Citation `needham_science_1954' on page 12 undefined on
 input line 197.

[12]

Package natbib Warning: Citation `hobson_eastern_2004' on page 13 undefined on 
input line 199.


Package natbib Warning: Citation `hobson_eastern_2004' on page 13 undefined on 
input line 201.


Package natbib Warning: Citation `hobson_eastern_2004' on page 13 undefined on 
input line 205.

[13]

Package natbib Warning: Citation `harrod_essay_1939' on page 14 undefined on in
put line 213.


Overfull \hbox (1.31111pt too wide) in paragraph at lines 213--214
[]\OT1/txr/m/n/10.95 The first macroe-co-nomic growth model many economists en-
counter is the Harrod--Domar model
 []


Package natbib Warning: Citation `solow_technical_1957' on page 14 undefined on
 input line 215.


Package natbib Warning: Citation `romer_origins_1994' on page 14 undefined on i
nput line 217.

[14]

Package natbib Warning: Citation `warr_rexs:_2006' on page 15 undefined on inpu
t line 221.


Package natbib Warning: Citation `ayres_underestimated_2013' on page 15 undefin
ed on input line 221.

[15]

LaTeX Warning: Reference `tbl:dataSources' on page 16 undefined on input line 2
29.


Package natbib Warning: Citation `fouquet_heat_2008' on page 16 undefined on in
put line 249.


Package natbib Warning: Citation `fouquet_thousand_1998' on page 16 undefined o
n input line 249.

[16]

Package natbib Warning: Citation `fouquet_heat_2008' on page 17 undefined on in
put line 253.


Package natbib Warning: Citation `snooks_was_1994' on page 17 undefined on inpu
t line 255.


Package natbib Warning: Citation `bjornsson_stinepack:_2012' on page 17 undefin
ed on input line 257.


Package natbib Warning: Citation `r_core_team_r:_2014' on page 17 undefined on 
input line 257.


Package natbib Warning: Citation `officer_what_2009' on page 17 undefined on in
put line 259.


Package natbib Warning: Citation `snooks_was_1994' on page 17 undefined on inpu
t line 263.


Package natbib Warning: Citation `mitchell_british_1988' on page 17 undefined o
n input line 263.

[17]

LaTeX Warning: Reference `fig:overall levels' on page 18 undefined on input lin
e 265.


<C:/Users/Steve/Documents/GitHub/publish/diss2/images/overallLevels.png, id=175
, 481.8pt x 481.8pt>
File: C:/Users/Steve/Documents/GitHub/publish/diss2/images/overallLevels.png Gr
aphic file (type png)

<use C:/Users/Steve/Documents/GitHub/publish/diss2/images/overallLevels.png>
Package pdftex.def Info: C:/Users/Steve/Documents/GitHub/publish/diss2/images/o
verallLevels.png used on input line 271.
(pdftex.def)             Requested size: 389.04034pt x 389.05019pt.

[18 <C:/Users/Steve/Documents/GitHub/publish/diss2/images/overallLevels.png>]

Package natbib Warning: Citation `kuznets_modern_1966' on page 19 undefined on 
input line 279.


LaTeX Warning: Reference `fig:ggdp' on page 19 undefined on input line 279.


LaTeX Warning: Reference `fig:gdpLog' on page 19 undefined on input line 279.


LaTeX Warning: Reference `tbl:growthByCentury' on page 19 undefined on input li
ne 279.


LaTeX Warning: Reference `fig:popLog' on page 19 undefined on input line 279.


<C:/Users/Steve/Documents/GitHub/publish/diss2/images/ggdp.png, id=182, 505.649
1pt x 505.6491pt>
File: C:/Users/Steve/Documents/GitHub/publish/diss2/images/ggdp.png Graphic fil
e (type png)

<use C:/Users/Steve/Documents/GitHub/publish/diss2/images/ggdp.png>
Package pdftex.def Info: C:/Users/Steve/Documents/GitHub/publish/diss2/images/g
gdp.png used on input line 289.
(pdftex.def)             Requested size: 237.7498pt x 237.74768pt.

<C:/Users/Steve/Documents/GitHub/publish/diss2/images/ggdppop.png, id=183, 505.
6491pt x 505.6491pt>
File: C:/Users/Steve/Documents/GitHub/publish/diss2/images/ggdppop.png Graphic 
file (type png)

<use C:/Users/Steve/Documents/GitHub/publish/diss2/images/ggdppop.png>
Package pdftex.def Info: C:/Users/Steve/Documents/GitHub/publish/diss2/images/g
gdppop.png used on input line 289.
(pdftex.def)             Requested size: 237.7498pt x 237.74768pt.


LaTeX Warning: `!h' float specifier changed to `!ht'.


<C:/Users/Steve/Documents/GitHub/publish/diss2/images/gdpLog.png, id=184, 505.6
491pt x 505.6491pt>
File: C:/Users/Steve/Documents/GitHub/publish/diss2/images/gdpLog.png Graphic f
ile (type png)

<use C:/Users/Steve/Documents/GitHub/publish/diss2/images/gdpLog.png>
Package pdftex.def Info: C:/Users/Steve/Documents/GitHub/publish/diss2/images/g
dpLog.png used on input line 299.
(pdftex.def)             Requested size: 237.7498pt x 237.74768pt.

<C:/Users/Steve/Documents/GitHub/publish/diss2/images/gdpPopLog.png, id=185, 50
5.6491pt x 505.6491pt>
File: C:/Users/Steve/Documents/GitHub/publish/diss2/images/gdpPopLog.png Graphi
c file (type png)

<use C:/Users/Steve/Documents/GitHub/publish/diss2/images/gdpPopLog.png>
Package pdftex.def Info: C:/Users/Steve/Documents/GitHub/publish/diss2/images/g
dpPopLog.png used on input line 299.
(pdftex.def)             Requested size: 237.7498pt x 237.74768pt.


LaTeX Warning: `!h' float specifier changed to `!ht'.


LaTeX Warning: Reference `fig:gdpLog' on page 19 undefined on input line 303.


Package natbib Warning: Citation `grove_little_2003' on page 19 undefined on in
put line 303.


Package natbib Warning: Citation `parker_global_2014' on page 19 undefined on i
nput line 303.

[19]

LaTeX Warning: Reference `tbl:growthByCentury' on page 20 undefined on input li
ne 307.

[20 <C:/Users/Steve/Documents/GitHub/publish/diss2/images/ggdp.png> <C:/Users/S
teve/Documents/GitHub/publish/diss2/images/ggdppop.png> <C:/Users/Steve/Documen
ts/GitHub/publish/diss2/images/gdpLog.png> <C:/Users/Steve/Documents/GitHub/pub
lish/diss2/images/gdpPopLog.png>]
Overfull \hbox (2.7294pt too wide) in paragraph at lines 314--331
[][] 
 []


LaTeX Warning: Reference `fig:popLog' on page 21 undefined on input line 334.


<C:/Users/Steve/Documents/GitHub/publish/diss2/images/popLog.png, id=201, 491.4
36pt x 491.436pt>
File: C:/Users/Steve/Documents/GitHub/publish/diss2/images/popLog.png Graphic f
ile (type png)

<use C:/Users/Steve/Documents/GitHub/publish/diss2/images/popLog.png>
Package pdftex.def Info: C:/Users/Steve/Documents/GitHub/publish/diss2/images/p
opLog.png used on input line 340.
(pdftex.def)             Requested size: 389.04034pt x 389.06255pt.


LaTeX Warning: `!h' float specifier changed to `!ht'.

[21] [22 <C:/Users/Steve/Documents/GitHub/publish/diss2/images/popLog.png>]

LaTeX Warning: Reference `fig:energyLog' on page 23 undefined on input line 349
.


Package natbib Warning: Citation `zeileis_testing_2003' on page 23 undefined on
 input line 349.


LaTeX Warning: Reference `tbl:growthByCentury' on page 23 undefined on input li
ne 349.


LaTeX Warning: Reference `fig:energyLog' on page 23 undefined on input line 349
.


LaTeX Warning: Reference `tbl:growthByCentury' on page 23 undefined on input li
ne 349.


Package natbib Warning: Citation `nef_rise_1932' on page 23 undefined on input 
line 351.


<C:/Users/Steve/Documents/GitHub/publish/diss2/images/energyLog1.png, id=215, 5
05.6491pt x 505.6491pt>
File: C:/Users/Steve/Documents/GitHub/publish/diss2/images/energyLog1.png Graph
ic file (type png)

<use C:/Users/Steve/Documents/GitHub/publish/diss2/images/energyLog1.png>
Package pdftex.def Info: C:/Users/Steve/Documents/GitHub/publish/diss2/images/e
nergyLog1.png used on input line 357.
(pdftex.def)             Requested size: 237.7498pt x 237.74768pt.


LaTeX Warning: `!h' float specifier changed to `!ht'.

[23] [24 <C:/Users/Steve/Documents/GitHub/publish/diss2/images/energyLog1.png>]

LaTeX Warning: Reference `fig:energyVsGdpLD' on page 25 undefined on input line
 362.


<C:/Users/Steve/Documents/GitHub/publish/diss2/images/energyVsGdp.png, id=228, 
481.8pt x 481.8pt>
File: C:/Users/Steve/Documents/GitHub/publish/diss2/images/energyVsGdp.png Grap
hic file (type png)

<use C:/Users/Steve/Documents/GitHub/publish/diss2/images/energyVsGdp.png>
Package pdftex.def Info: C:/Users/Steve/Documents/GitHub/publish/diss2/images/e
nergyVsGdp.png used on input line 371.
(pdftex.def)             Requested size: 237.7498pt x 237.74553pt.

<C:/Users/Steve/Documents/GitHub/publish/diss2/images/energyVsGdpDiff.png, id=2
29, 722.7pt x 722.7pt>
File: C:/Users/Steve/Documents/GitHub/publish/diss2/images/energyVsGdpDiff.png 
Graphic file (type png)

<use C:/Users/Steve/Documents/GitHub/publish/diss2/images/energyVsGdpDiff.png>
Package pdftex.def Info: C:/Users/Steve/Documents/GitHub/publish/diss2/images/e
nergyVsGdpDiff.png used on input line 371.
(pdftex.def)             Requested size: 237.7498pt x 237.75288pt.


LaTeX Warning: Reference `tbl:growthByCentury' on page 25 undefined on input li
ne 376.

[25

 <C:/Users/Steve/Documents/GitHub/publish/diss2/images/energyVsGdp.png> <C:/Use
rs/Steve/Documents/GitHub/publish/diss2/images/energyVsGdpDiff.png>]

LaTeX Warning: Reference `fig:energyVsGdpLD' on page 26 undefined on input line
 378.

[26]

LaTeX Warning: Reference `tbl:fitTest' on page 27 undefined on input line 391.


LaTeX Warning: Reference `fig:scatterplot' on page 27 undefined on input line 4
17.


<C:/Users/Steve/Documents/GitHub/publish/diss2/images/scatterplot.png, id=242, 
674.52pt x 674.52pt>
File: C:/Users/Steve/Documents/GitHub/publish/diss2/images/scatterplot.png Grap
hic file (type png)

<use C:/Users/Steve/Documents/GitHub/publish/diss2/images/scatterplot.png>
Package pdftex.def Info: C:/Users/Steve/Documents/GitHub/publish/diss2/images/s
catterplot.png used on input line 423.
(pdftex.def)             Requested size: 389.04034pt x 389.05019pt.


LaTeX Warning: `!h' float specifier changed to `!ht'.


Package natbib Warning: Citation `granger_investigating_1969' on page 27 undefi
ned on input line 430.

[27]

LaTeX Warning: Reference `tbl:grangerEnergyGdp' on page 28 undefined on input l
ine 432.


Overfull \hbox (5.82321pt too wide) in paragraph at lines 438--449
[][] 
 []


LaTeX Warning: `!h' float specifier changed to `!ht'.


Package natbib Warning: Citation `hajnal_european_1965' on page 28 undefined on
 input line 452.

[28 <C:/Users/Steve/Documents/GitHub/publish/diss2/images/scatterplot.png>]

Package natbib Warning: Citation `thirsk_economic_1978' on page 29 undefined on
 input line 454.


Package natbib Warning: Citation `crosby_columbian_1972' on page 29 undefined o
n input line 456.

[29]

LaTeX Warning: Reference `fig:structural' on page 30 undefined on input line 46
6.

File: C:/Users/Steve/Documents/GitHub/publish/diss2/images/energyLog1.png Graph
ic file (type png)
<use C:/Users/Steve/Documents/GitHub/publish/diss2/images/energyLog1.png>
Package pdftex.def Info: C:/Users/Steve/Documents/GitHub/publish/diss2/images/e
nergyLog1.png used on input line 476.
(pdftex.def)             Requested size: 142.64989pt x 142.64552pt.

<C:/Users/Steve/Documents/GitHub/publish/diss2/images/gbpgdplog.png, id=261, 49
1.436pt x 491.436pt>
File: C:/Users/Steve/Documents/GitHub/publish/diss2/images/gbpgdplog.png Graphi
c file (type png)

<use C:/Users/Steve/Documents/GitHub/publish/diss2/images/gbpgdplog.png>
Package pdftex.def Info: C:/Users/Steve/Documents/GitHub/publish/diss2/images/g
bpgdplog.png used on input line 476.
(pdftex.def)             Requested size: 142.64989pt x 142.64777pt.
File: C:/Users/Steve/Documents/GitHub/publish/diss2/images/popLog.png Graphic f
ile (type png)

<use C:/Users/Steve/Documents/GitHub/publish/diss2/images/popLog.png>
Package pdftex.def Info: C:/Users/Steve/Documents/GitHub/publish/diss2/images/p
opLog.png used on input line 476.
(pdftex.def)             Requested size: 142.64989pt x 142.64777pt.


LaTeX Warning: Reference `tbl:grangerEnergyGdp' on page 30 undefined on input l
ine 482.


LaTeX Warning: Reference `fig:temps' on page 30 undefined on input line 484.

[30 <C:/Users/Steve/Documents/GitHub/publish/diss2/images/gbpgdplog.png>]
<C:/Users/Steve/Documents/GitHub/publish/diss2/images/2000_Year_Temperature_Com
parison.png, id=268, 602.25pt x 444.66125pt>
File: C:/Users/Steve/Documents/GitHub/publish/diss2/images/2000_Year_Temperatur
e_Comparison.png Graphic file (type png)

<use C:/Users/Steve/Documents/GitHub/publish/diss2/images/2000_Year_Temperature
_Comparison.png>
Package pdftex.def Info: C:/Users/Steve/Documents/GitHub/publish/diss2/images/2
000_Year_Temperature_Comparison.png used on input line 490.
(pdftex.def)             Requested size: 389.04034pt x 287.25551pt.


Package natbib Warning: Citation `thirsk_economic_1978' on page 31 undefined on
 input line 493.


LaTeX Warning: Reference `tbl:monarchs' on page 31 undefined on input line 493.



LaTeX Warning: Reference `tbl:growthByCentury' on page 31 undefined on input li
ne 493.


LaTeX Warning: Reference `fig:energyLog' on page 31 undefined on input line 493
.

[31 <C:/Users/Steve/Documents/GitHub/publish/diss2/images/2000_Year_Temperature
_Comparison.png>]

Package natbib Warning: Citation `nef_rise_1932' on page 32 undefined on input 
line 495.


LaTeX Warning: Reference `fig:temps' on page 32 undefined on input line 497.


Package natbib Warning: Citation `grove_little_2003' on page 32 undefined on in
put line 499.


Package natbib Warning: Citation `lamb_aspects_1980' on page 32 undefined on in
put line 499.


LaTeX Warning: Reference `fig:woodCoal' on page 32 undefined on input line 501.


[32]
<C:/Users/Steve/Documents/GitHub/publish/diss2/images/woodCoal.png, id=282, 390
.258pt x 325.215pt>
File: C:/Users/Steve/Documents/GitHub/publish/diss2/images/woodCoal.png Graphic
 file (type png)

<use C:/Users/Steve/Documents/GitHub/publish/diss2/images/woodCoal.png>
Package pdftex.def Info: C:/Users/Steve/Documents/GitHub/publish/diss2/images/w
oodCoal.png used on input line 507.
(pdftex.def)             Requested size: 389.04034pt x 324.20187pt.


Package natbib Warning: Citation `nef_early_1977' on page 33 undefined on input
 line 510.


Package natbib Warning: Citation `thirsk_economic_1978' on page 33 undefined on
 input line 514.

[33 <C:/Users/Steve/Documents/GitHub/publish/diss2/images/woodCoal.png>]

Package natbib Warning: Citation `de_vries_economy_1976' on page 34 undefined o
n input line 516.


Package natbib Warning: Citation `de_vries_measuring_1980' on page 34 undefined
 on input line 516.


LaTeX Warning: Reference `tbl:EIRinventions' on page 34 undefined on input line
 522.

[34]

Package natbib Warning: Citation `hobson_eastern_2004' on page 35 undefined on 
input line 524.


Overfull \hbox (28.6451pt too wide) in paragraph at lines 530--572
[][] 
 []


LaTeX Warning: Float too large for page by 17.54016pt on input line 572.


LaTeX Warning: `!h' float specifier changed to `!ht'.


LaTeX Warning: `!h' float specifier changed to `!ht'.

[35] [36] [37]

Package natbib Warning: Citation `bentley_murder_1941' on page 38 undefined on 
input line 670.


Package natbib Warning: Citation `pomeranz_great_2001' on page 38 undefined on 
input line 675.

[38

]

Package natbib Warning: Citation `needham_science_1954' on page 39 undefined on
 input line 681.


Package natbib Warning: Citation `hobson_eastern_2004' on page 39 undefined on 
input line 681.


Package natbib Warning: Citation `weber_protestant_2002' on page 39 undefined o
n input line 685.


Package natbib Warning: Citation `landes_unbound_1969' on page 39 undefined on 
input line 685.


Package natbib Warning: Citation `landes_wealth_1999' on page 39 undefined on i
nput line 685.


Package natbib Warning: Citation `mccloskey_bourgeois_2007' on page 39 undefine
d on input line 685.


Package natbib Warning: Citation `mccloskey_bourgeois_2010' on page 39 undefine
d on input line 685.

[39]

Package natbib Warning: Citation `maddison_world_2007' on page 40 undefined on 
input line 695.


Package natbib Warning: Citation `smil_energy_1994' on page 40 undefined on inp
ut line 695.


Package natbib Warning: Citation `smil_energy_2008' on page 40 undefined on inp
ut line 695.


Package natbib Warning: Citation `j._w._de_zeeuw_peat_1978' on page 40 undefine
d on input line 695.


Package natbib Warning: Citation `hartwell_revolution_1962' on page 40 undefine
d on input line 695.


Package natbib Warning: Citation `hartwell_markets_1966' on page 40 undefined o
n input line 695.


Package natbib Warning: Citation `hartwell_cycle_1967' on page 40 undefined on 
input line 695.


Package natbib Warning: Citation `hartwell_demographic_1982' on page 40 undefin
ed on input line 695.


Package natbib Warning: Citation `u.s._energy_information_administration_energy
_????' on page 40 undefined on input line 695.

[40]

Package natbib Warning: Citation `maddison_world_2007' on page 41 undefined on 
input line 697.


LaTeX Warning: Reference `fig:poplevel1900' on page 41 undefined on input line 
701.


Package natbib Warning: Citation `maddison_world_2007' on page 41 undefined on 
input line 705.


Package natbib Warning: Citation `maddison_world_2007' on page 41 undefined on 
input line 705.


<C:/Users/Steve/Documents/GitHub/publish/1310utahSoc/images/maddisonregpoplevel
s1900.png, id=319, 505.6491pt x 505.6491pt>
File: C:/Users/Steve/Documents/GitHub/publish/1310utahSoc/images/maddisonregpop
levels1900.png Graphic file (type png)

<use C:/Users/Steve/Documents/GitHub/publish/1310utahSoc/images/maddisonregpopl
evels1900.png>
Package pdftex.def Info: C:/Users/Steve/Documents/GitHub/publish/1310utahSoc/im
ages/maddisonregpoplevels1900.png used on input line 708.
(pdftex.def)             Requested size: 216.135pt x 216.13637pt.

<C:/Users/Steve/Documents/GitHub/publish/1310utahSoc/images/maddisonreggdplevel
s1900.png, id=320, 505.6491pt x 505.6491pt>
File: C:/Users/Steve/Documents/GitHub/publish/1310utahSoc/images/maddisonreggdp
levels1900.png Graphic file (type png)

<use C:/Users/Steve/Documents/GitHub/publish/1310utahSoc/images/maddisonreggdpl
evels1900.png>
Package pdftex.def Info: C:/Users/Steve/Documents/GitHub/publish/1310utahSoc/im
ages/maddisonreggdplevels1900.png used on input line 709.
(pdftex.def)             Requested size: 216.135pt x 216.13637pt.

<C:/Users/Steve/Documents/GitHub/publish/1310utahSoc/images/maddisonregpoppct.p
ng, id=321, 505.6491pt x 505.6491pt>
File: C:/Users/Steve/Documents/GitHub/publish/1310utahSoc/images/maddisonregpop
pct.png Graphic file (type png)

<use C:/Users/Steve/Documents/GitHub/publish/1310utahSoc/images/maddisonregpopp
ct.png>
Package pdftex.def Info: C:/Users/Steve/Documents/GitHub/publish/1310utahSoc/im
ages/maddisonregpoppct.png used on input line 710.
(pdftex.def)             Requested size: 216.135pt x 216.13637pt.

<C:/Users/Steve/Documents/GitHub/publish/1310utahSoc/images/maddisonreggdppct.p
ng, id=322, 505.6491pt x 505.6491pt>
File: C:/Users/Steve/Documents/GitHub/publish/1310utahSoc/images/maddisonreggdp
pct.png Graphic file (type png)

<use C:/Users/Steve/Documents/GitHub/publish/1310utahSoc/images/maddisonreggdpp
ct.png>
Package pdftex.def Info: C:/Users/Steve/Documents/GitHub/publish/1310utahSoc/im
ages/maddisonreggdppct.png used on input line 711.
(pdftex.def)             Requested size: 216.135pt x 216.13637pt.

Overfull \hbox (2.08049pt too wide) in paragraph at lines 708--712
[][] [] 
 []


Overfull \hbox (2.08049pt too wide) in paragraph at lines 708--712
[] [] 
 []


LaTeX Warning: `!h' float specifier changed to `!ht'.


Package natbib Warning: Citation `pomeranz_great_2001' on page 41 undefined on 
input line 716.


Package natbib Warning: Citation `crosby_columbian_1972' on page 41 undefined o
n input line 716.


LaTeX Warning: Reference `fig:capita' on page 41 undefined on input line 718.


Package natbib Warning: Citation `maddison_world_2007' on page 41 undefined on 
input line 718.

[41] [42 <C:/Users/Steve/Documents/GitHub/publish/1310utahSoc/images/maddisonre
gpoplevels1900.png> <C:/Users/Steve/Documents/GitHub/publish/1310utahSoc/images
/maddisonreggdplevels1900.png> <C:/Users/Steve/Documents/GitHub/publish/1310uta
hSoc/images/maddisonregpoppct.png> <C:/Users/Steve/Documents/GitHub/publish/131
0utahSoc/images/maddisonreggdppct.png>]

Package natbib Warning: Citation `maddison_world_2007' on page 43 undefined on 
input line 724.


Package natbib Warning: Citation `maddison_world_2007' on page 43 undefined on 
input line 724.


<C:/Users/Steve/Documents/GitHub/publish/1310utahSoc/images/ggdpcapitadodge.png
, id=340, 505.6491pt x 505.6491pt>
File: C:/Users/Steve/Documents/GitHub/publish/1310utahSoc/images/ggdpcapitadodg
e.png Graphic file (type png)

<use C:/Users/Steve/Documents/GitHub/publish/1310utahSoc/images/ggdpcapitadodge
.png>
Package pdftex.def Info: C:/Users/Steve/Documents/GitHub/publish/1310utahSoc/im
ages/ggdpcapitadodge.png used on input line 727.
(pdftex.def)             Requested size: 345.8173pt x 345.82744pt.
 [43 <C:/Users/Steve/Documents/GitHub/publish/1310utahSoc/images/ggdpcapitadodg
e.png>]

LaTeX Warning: Reference `fig:1500pop' on page 44 undefined on input line 737.


LaTeX Warning: Reference `fig:1820pop' on page 44 undefined on input line 737.


LaTeX Warning: Reference `fig:1900pop' on page 44 undefined on input line 737.


<C:/Users/Steve/Documents/GitHub/publish/1310utahSoc/images/1500pop.png, id=350
, 457.71pt x 265.99374pt>
File: C:/Users/Steve/Documents/GitHub/publish/1310utahSoc/images/1500pop.png Gr
aphic file (type png)

<use C:/Users/Steve/Documents/GitHub/publish/1310utahSoc/images/1500pop.png>
Package pdftex.def Info: C:/Users/Steve/Documents/GitHub/publish/1310utahSoc/im
ages/1500pop.png used on input line 744.
(pdftex.def)             Requested size: 345.8173pt x 200.97624pt.

<C:/Users/Steve/Documents/GitHub/publish/1310utahSoc/images/1820pop.png, id=351
, 457.71pt x 265.99374pt>
File: C:/Users/Steve/Documents/GitHub/publish/1310utahSoc/images/1820pop.png Gr
aphic file (type png)

<use C:/Users/Steve/Documents/GitHub/publish/1310utahSoc/images/1820pop.png>
Package pdftex.def Info: C:/Users/Steve/Documents/GitHub/publish/1310utahSoc/im
ages/1820pop.png used on input line 752.
(pdftex.def)             Requested size: 345.8173pt x 200.97624pt.


LaTeX Warning: `!h' float specifier changed to `!ht'.


LaTeX Warning: `!h' float specifier changed to `!ht'.


<C:/Users/Steve/Documents/GitHub/publish/1310utahSoc/images/1900pop.png, id=352
, 457.71pt x 265.99374pt>
File: C:/Users/Steve/Documents/GitHub/publish/1310utahSoc/images/1900pop.png Gr
aphic file (type png)

<use C:/Users/Steve/Documents/GitHub/publish/1310utahSoc/images/1900pop.png>
Package pdftex.def Info: C:/Users/Steve/Documents/GitHub/publish/1310utahSoc/im
ages/1900pop.png used on input line 760.
(pdftex.def)             Requested size: 345.8173pt x 200.97624pt.

[44 <C:/Users/Steve/Documents/GitHub/publish/1310utahSoc/images/1500pop.png>]

LaTeX Warning: Reference `fig:1500gdp' on page 45 undefined on input line 763.


LaTeX Warning: Reference `fig:1820gdp' on page 45 undefined on input line 763.


LaTeX Warning: Reference `fig:1900gdp' on page 45 undefined on input line 763.


<C:/Users/Steve/Documents/GitHub/publish/1310utahSoc/images/1500gdp.png, id=358
, 457.71pt x 265.99374pt>
File: C:/Users/Steve/Documents/GitHub/publish/1310utahSoc/images/1500gdp.png Gr
aphic file (type png)

<use C:/Users/Steve/Documents/GitHub/publish/1310utahSoc/images/1500gdp.png>
Package pdftex.def Info: C:/Users/Steve/Documents/GitHub/publish/1310utahSoc/im
ages/1500gdp.png used on input line 769.
(pdftex.def)             Requested size: 345.8173pt x 200.97624pt.


LaTeX Warning: `!h' float specifier changed to `!ht'.


<C:/Users/Steve/Documents/GitHub/publish/1310utahSoc/images/1820gdp.png, id=359
, 457.71pt x 268.00125pt>
File: C:/Users/Steve/Documents/GitHub/publish/1310utahSoc/images/1820gdp.png Gr
aphic file (type png)

<use C:/Users/Steve/Documents/GitHub/publish/1310utahSoc/images/1820gdp.png>
Package pdftex.def Info: C:/Users/Steve/Documents/GitHub/publish/1310utahSoc/im
ages/1820gdp.png used on input line 776.
(pdftex.def)             Requested size: 345.8173pt x 202.49304pt.


LaTeX Warning: `!h' float specifier changed to `!ht'.


<C:/Users/Steve/Documents/GitHub/publish/1310utahSoc/images/1900gdp.png, id=360
, 438.63875pt x 245.91875pt>
File: C:/Users/Steve/Documents/GitHub/publish/1310utahSoc/images/1900gdp.png Gr
aphic file (type png)

<use C:/Users/Steve/Documents/GitHub/publish/1310utahSoc/images/1900gdp.png>
Package pdftex.def Info: C:/Users/Steve/Documents/GitHub/publish/1310utahSoc/im
ages/1900gdp.png used on input line 783.
(pdftex.def)             Requested size: 345.8173pt x 193.88342pt.


LaTeX Warning: `!h' float specifier changed to `!ht'.


Package natbib Warning: Citation `pomeranz_great_2001' on page 45 undefined on 
input line 790.

[45 <C:/Users/Steve/Documents/GitHub/publish/1310utahSoc/images/1820pop.png> <C
:/Users/Steve/Documents/GitHub/publish/1310utahSoc/images/1900pop.png>]
[46 <C:/Users/Steve/Documents/GitHub/publish/1310utahSoc/images/1500gdp.png> <C
:/Users/Steve/Documents/GitHub/publish/1310utahSoc/images/1820gdp.png>]
[47 <C:/Users/Steve/Documents/GitHub/publish/1310utahSoc/images/1900gdp.png>]

Package natbib Warning: Citation `wong_china_1997' on page 48 undefined on inpu
t line 804.


Package natbib Warning: Citation `wong_china_1997' on page 48 undefined on inpu
t line 808.

[48]

Package natbib Warning: Citation `pomeranz_great_2001' on page 49 undefined on 
input line 820.

[49]

LaTeX Warning: Reference `fig:asad1' on page 50 undefined on input line 831.


LaTeX Warning: Reference `fig:asad2' on page 50 undefined on input line 831.


<C:/Users/Steve/Documents/GitHub/publish/diss2/images/era1.png, id=387, 505.649
1pt x 505.6491pt>
File: C:/Users/Steve/Documents/GitHub/publish/diss2/images/era1.png Graphic fil
e (type png)

<use C:/Users/Steve/Documents/GitHub/publish/diss2/images/era1.png>
Package pdftex.def Info: C:/Users/Steve/Documents/GitHub/publish/diss2/images/e
ra1.png used on input line 840.
(pdftex.def)             Requested size: 216.135pt x 216.13637pt.

<C:/Users/Steve/Documents/GitHub/publish/diss2/images/era2.png, id=388, 505.649
1pt x 505.6491pt>
File: C:/Users/Steve/Documents/GitHub/publish/diss2/images/era2.png Graphic fil
e (type png)

<use C:/Users/Steve/Documents/GitHub/publish/diss2/images/era2.png>
Package pdftex.def Info: C:/Users/Steve/Documents/GitHub/publish/diss2/images/e
ra2.png used on input line 840.
(pdftex.def)             Requested size: 216.135pt x 216.13637pt.


LaTeX Warning: `!h' float specifier changed to `!ht'.


<C:/Users/Steve/Documents/GitHub/publish/diss2/images/era3.png, id=389, 505.649
1pt x 505.6491pt>
File: C:/Users/Steve/Documents/GitHub/publish/diss2/images/era3.png Graphic fil
e (type png)

<use C:/Users/Steve/Documents/GitHub/publish/diss2/images/era3.png>
Package pdftex.def Info: C:/Users/Steve/Documents/GitHub/publish/diss2/images/e
ra3.png used on input line 849.
(pdftex.def)             Requested size: 216.135pt x 216.13637pt.

<C:/Users/Steve/Documents/GitHub/publish/diss2/images/era4.png, id=390, 505.649
1pt x 505.6491pt>
File: C:/Users/Steve/Documents/GitHub/publish/diss2/images/era4.png Graphic fil
e (type png)

<use C:/Users/Steve/Documents/GitHub/publish/diss2/images/era4.png>
Package pdftex.def Info: C:/Users/Steve/Documents/GitHub/publish/diss2/images/e
ra4.png used on input line 849.
(pdftex.def)             Requested size: 216.135pt x 216.13637pt.


LaTeX Warning: `!h' float specifier changed to `!ht'.


LaTeX Warning: Reference `tbl:grangerEnergyGdp' on page 50 undefined on input l
ine 854.


LaTeX Warning: Reference `sec:EIRstory' on page 50 undefined on input line 856.


[50] [51 <C:/Users/Steve/Documents/GitHub/publish/diss2/images/era1.png> <C:/Us
ers/Steve/Documents/GitHub/publish/diss2/images/era2.png> <C:/Users/Steve/Docum
ents/GitHub/publish/diss2/images/era3.png> <C:/Users/Steve/Documents/GitHub/pub
lish/diss2/images/era4.png>]

LaTeX Warning: Reference `tbl:grangerEnergyGdp' on page 52 undefined on input l
ine 862.


LaTeX Warning: Reference `fig:woodCoal' on page 52 undefined on input line 862.



Package natbib Warning: Citation `nef_rise_1932' on page 52 undefined on input 
line 864.


LaTeX Warning: Reference `fig:woodprice' on page 52 undefined on input line 864
.


LaTeX Warning: Reference `fig:allen_energy' on page 52 undefined on input line 
864.


Package natbib Warning: Citation `nef_rise_1932' on page 52 undefined on input 
line 868.


Package natbib Warning: Citation `nef_rise_1932' on page 52 undefined on input 
line 868.


<C:/Users/Steve/Documents/GitHub/publish/diss2/images/woodprice.png, id=405, 50
5.6491pt x 505.6491pt>
File: C:/Users/Steve/Documents/GitHub/publish/diss2/images/woodprice.png Graphi
c file (type png)

<use C:/Users/Steve/Documents/GitHub/publish/diss2/images/woodprice.png>
Package pdftex.def Info: C:/Users/Steve/Documents/GitHub/publish/diss2/images/w
oodprice.png used on input line 871.
(pdftex.def)             Requested size: 302.58766pt x 302.59708pt.


LaTeX Warning: `!h' float specifier changed to `!ht'.

[52] [53 <C:/Users/Steve/Documents/GitHub/publish/diss2/images/woodprice.png>]

LaTeX Warning: Reference `fig:woodCoal' on page 54 undefined on input line 891.



Package natbib Warning: Citation `allen_british_2009' on page 54 undefined on i
nput line 895.


LaTeX Warning: Reference `fig:woodCoal' on page 54 undefined on input line 895.


[54

]

Package natbib Warning: Citation `desaguliers_course_1734' on page 55 undefined
 on input line 899.


LaTeX Warning: Reference `fig:desagulier' on page 55 undefined on input line 90
1.


<C:/Users/Steve/Documents/GitHub/publish/diss2/images/desagulier1.png, id=422, 
633.11531pt x 161.10187pt>
File: C:/Users/Steve/Documents/GitHub/publish/diss2/images/desagulier1.png Grap
hic file (type png)

<use C:/Users/Steve/Documents/GitHub/publish/diss2/images/desagulier1.png>
Package pdftex.def Info: C:/Users/Steve/Documents/GitHub/publish/diss2/images/d
esagulier1.png used on input line 908.
(pdftex.def)             Requested size: 410.65517pt x 104.49619pt.

<C:/Users/Steve/Documents/GitHub/publish/diss2/images/desagulier2.png, id=423, 
728.7225pt x 327.47343pt>
File: C:/Users/Steve/Documents/GitHub/publish/diss2/images/desagulier2.png Grap
hic file (type png)

<use C:/Users/Steve/Documents/GitHub/publish/diss2/images/desagulier2.png>
Package pdftex.def Info: C:/Users/Steve/Documents/GitHub/publish/diss2/images/d
esagulier2.png used on input line 909.
(pdftex.def)             Requested size: 453.8848pt x 203.96584pt.

Overfull \hbox (21.6148pt too wide) in paragraph at lines 909--910
 [][] 
 []

[55 <C:/Users/Steve/Documents/GitHub/publish/diss2/images/desagulier1.png> <C:/
Users/Steve/Documents/GitHub/publish/diss2/images/desagulier2.png>]

LaTeX Warning: Reference `fig:wage-energy' on page 56 undefined on input line 9
15.


Package natbib Warning: Citation `allen_british_2009' on page 56 undefined on i
nput line 920.


Package natbib Warning: Citation `allen_british_2009' on page 56 undefined on i
nput line 920.


<C:/Users/Steve/Documents/GitHub/publish/diss2/images/wage-energy.png, id=430, 
505.6491pt x 505.6491pt>
File: C:/Users/Steve/Documents/GitHub/publish/diss2/images/wage-energy.png Grap
hic file (type png)

<use C:/Users/Steve/Documents/GitHub/publish/diss2/images/wage-energy.png>
Package pdftex.def Info: C:/Users/Steve/Documents/GitHub/publish/diss2/images/w
age-energy.png used on input line 922.
(pdftex.def)             Requested size: 302.58766pt x 302.59708pt.

[56 <C:/Users/Steve/Documents/GitHub/publish/diss2/images/wage-energy.png>]

LaTeX Warning: Reference `tbl:EIRinventions' on page 57 undefined on input line
 930.


LaTeX Warning: Reference `eq:mrp2' on page 57 undefined on input line 932.


LaTeX Warning: Reference `eq:mrp2' on page 57 undefined on input line 941.

[57

]

LaTeX Warning: Reference `fig:wage-energy' on page 58 undefined on input line 9
48.


Package natbib Warning: Citation `allen_british_2009' on page 58 undefined on i
nput line 948.


LaTeX Warning: Reference `fig:allen_wages' on page 58 undefined on input line 9
51.


<C:/Users/Steve/Documents/GitHub/publish/1310utahSoc/images/gworldwages.png, id
=442, 505.6491pt x 505.6491pt>
File: C:/Users/Steve/Documents/GitHub/publish/1310utahSoc/images/gworldwages.pn
g Graphic file (type png)

<use C:/Users/Steve/Documents/GitHub/publish/1310utahSoc/images/gworldwages.png
>
Package pdftex.def Info: C:/Users/Steve/Documents/GitHub/publish/1310utahSoc/im
ages/gworldwages.png used on input line 957.
(pdftex.def)             Requested size: 259.36462pt x 259.37444pt.


LaTeX Warning: `!h' float specifier changed to `!ht'.


Package natbib Warning: Citation `allen_british_2009' on page 58 undefined on i
nput line 961.


LaTeX Warning: Reference `fig:allen_energy' on page 58 undefined on input line 
961.


Package natbib Warning: Citation `allen_british_2009' on page 58 undefined on i
nput line 966.


Package natbib Warning: Citation `allen_british_2009' on page 58 undefined on i
nput line 966.


<C:/Users/Steve/Documents/GitHub/publish/1310utahSoc/images/allen_energy.png, i
d=443, 655.44875pt x 655.44875pt>
File: C:/Users/Steve/Documents/GitHub/publish/1310utahSoc/images/allen_energy.p
ng Graphic file (type png)

<use C:/Users/Steve/Documents/GitHub/publish/1310utahSoc/images/allen_energy.pn
g>
Package pdftex.def Info: C:/Users/Steve/Documents/GitHub/publish/1310utahSoc/im
ages/allen_energy.png used on input line 967.
(pdftex.def)             Requested size: 259.36462pt x 259.36447pt.


LaTeX Warning: `!h' float specifier changed to `!ht'.


LaTeX Warning: Reference `fig:wage-energy' on page 58 undefined on input line 9
71.

[58]

LaTeX Warning: Text page 59 contains only floats.

[59 <C:/Users/Steve/Documents/GitHub/publish/1310utahSoc/images/gworldwages.png
> <C:/Users/Steve/Documents/GitHub/publish/1310utahSoc/images/allen_energy.png>
] (C:\Users\Steve\Documents\GitHub\publish\paper1\paper1.bbl
LaTeX Font Info:    Try loading font information for OT1+txtt on input line 16.


(D:\LaTeX-Portable\miktex-portable\tex\latex\txfonts\ot1txtt.fd
File: ot1txtt.fd 2000/12/15 v3.1
) [60] [61]
LaTeX Font Info:    Try loading font information for OMS+txr on input line 124.


(D:\LaTeX-Portable\miktex-portable\tex\latex\txfonts\omstxr.fd
File: omstxr.fd 2000/12/15 v3.1
)
LaTeX Font Info:    Font shape `OMS/txr/m/n' in size <10.95> not available
(Font)              Font shape `OMS/txsy/m/n' tried instead on input line 124.
 [62]
Underfull \hbox (badness 2913) in paragraph at lines 218--225
[]\OT1/txr/m/n/10.95 Roger Fou-quet and Pe-ter J. G. Pear-son.  A Thou-sand Yea
rs of En-ergy Use in the
 []


Underfull \hbox (badness 1789) in paragraph at lines 218--225
\OT1/txr/m/n/10.95 United King-dom.  \OT1/txr/m/it/10.95 En-ergy Jour-nal\OT1/t
xr/m/n/10.95 , 19(4):1, Oc-to-ber 1998.  ISSN 01956574.  doi:
 []

[63] [64] [65] [66]
Underfull \hbox (badness 10000) in paragraph at lines 493--501
[]$\OT1/txtt/m/n/10.95 http : / / www . nature . com . ezproxy . lib . utah . e
du / scientificamerican / journal /
 []

[67]
Underfull \hbox (badness 2469) in paragraph at lines 521--524
[]\OT1/txr/m/n/10.95 Lawrence H. Of-fi-cer.  What Was the U.K. GDP Then?, 2009.
  URL []$\OT1/txtt/m/n/10.95 http : / / www .
 []

[68] [69]
Underfull \hbox (badness 2762) in paragraph at lines 674--682
\OT1/txr/m/n/10.95 pact of nat-u-ral re-source con-sump-tion and tech-no-log-i-
cal change on eco-nomic growth.
 []


Underfull \hbox (badness 3396) in paragraph at lines 674--682
\OT1/txr/m/it/10.95 Struc-tural Change and Eco-nomic Dy-nam-ics\OT1/txr/m/n/10.
95 , 17(3):329--378, Septem-ber 2006.  doi:
 []


Underfull \hbox (badness 2717) in paragraph at lines 674--682
\OT1/txr/m/n/10.95 10 . 1016 / j . strueco . 2005 . 04 . 004$.  URL []$\OT1/txt
t/m/n/10.95 http : / / www . sciencedirect . com / science ? _ob =
 []


Underfull \hbox (badness 10000) in paragraph at lines 674--682
\OT1/txtt/m/n/10.95 ArticleURL & _udi = B6VFN-[]4HTCTG6-[]1 & _user = 722937 & 
_rdoc = 1 & _fmt = & _ orig = search &
 []


Underfull \hbox (badness 10000) in paragraph at lines 674--682
\OT1/txtt/m/n/10.95 _sort = d & view = c & _acct = C000040378 & _version = 1 & 
_urlVersion = 0 & _userid = 722937 &
 []

[70]) [71]

Package glossaries Warning: No \printglossary or \printglossaries found.
(Remove \makeglossaries if you don't want any glossaries.)
This document will not have a glossary.


Package natbib Warning: There were undefined citations.

Package atveryend Info: Empty hook `BeforeClearDocument' on input line 975.
Package atveryend Info: Empty hook `AfterLastShipout' on input line 975.
(C:\Users\Steve\Documents\GitHub\publish\paper1\paper1.aux

Package natbib Warning: Citation(s) may have changed.
(natbib)                Rerun to get citations correct.

)
Package atveryend Info: Executing hook `AtVeryEndDocument' on input line 975.
Package atveryend Info: Executing hook `AtEndAfterFileList' on input line 975.
Package rerunfilecheck Info: File `paper1.out' has not changed.
(rerunfilecheck)             Checksum: 983FCA7888554CEBCC8E886FC53821FF;1739.


LaTeX Warning: There were undefined references.


LaTeX Warning: Label(s) may have changed. Rerun to get cross-references right.

 )
(\end occurred inside a group at level 2)

### simple group (level 2) entered at line 975 ({)
### semi simple group (level 1) entered at line 975 (\begingroup)
### bottom level
(\end occurred when \ifdim on line 975 was incomplete) 
Here is how much of TeX's memory you used:
 19911 strings out of 493921
 348232 string characters out of 3144900
 442724 words of memory out of 3000000
 22522 multiletter control sequences out of 15000+200000
 51693 words of font info for 119 fonts, out of 3000000 for 9000
 841 hyphenation exceptions out of 8191
 48i,9n,75p,1739b,711s stack positions out of 5000i,500n,10000p,200000b,50000s
{D:/LaTeX-Portable/miktex
-portable/fonts/enc/dvips/fontname/8r.enc}<D:/LaTeX-Portable/miktex-portable/fo
nts/type1/public/txfonts/rtxi.pfb><D:/LaTeX-Portable/miktex-portable/fonts/type
1/public/txfonts/rtxmi.pfb><D:/LaTeX-Portable/miktex-portable/fonts/type1/publi
c/txfonts/rtxr.pfb><D:/LaTeX-Portable/miktex-portable/fonts/type1/public/txfont
s/txsy.pfb><D:/LaTeX-Portable/miktex-portable/fonts/type1/public/txfonts/txtt.p
fb><D:/LaTeX-Portable/miktex-portable/fonts/type1/urw/times/utmb8a.pfb><D:/LaTe
X-Portable/miktex-portable/fonts/type1/urw/times/utmr8a.pfb><D:/LaTeX-Portable/
miktex-portable/fonts/type1/urw/times/utmri8a.pfb>
Output written on paper1.pdf (71 pages, 1728192 bytes).
PDF statistics:
 743 PDF objects out of 1000 (max. 8388607)
 233 named destinations out of 1000 (max. 500000)
 367 words of extra memory for PDF output out of 10000 (max. 10000000)

