\BOOKMARK [1][-]{section.1}{Introduction}{}% 1
\BOOKMARK [2][-]{subsection.1.1}{English energy data}{section.1}% 2
\BOOKMARK [2][-]{subsection.1.2}{New institutionalists}{section.1}% 3
\BOOKMARK [2][-]{subsection.1.3}{Chinese energy data}{section.1}% 4
\BOOKMARK [2][-]{subsection.1.4}{Chinese institutions}{section.1}% 5
\BOOKMARK [2][-]{subsection.1.5}{Chinese science and invention}{section.1}% 6
\BOOKMARK [2][-]{subsection.1.6}{Growth theory}{section.1}% 7
\BOOKMARK [1][-]{section.2}{English data, econometrics, and economics}{}% 8
\BOOKMARK [2][-]{subsection.2.1}{A first look at the data}{section.2}% 9
\BOOKMARK [3][-]{subsubsection.2.1.1}{Sources and methods}{subsection.2.1}% 10
\BOOKMARK [3][-]{subsubsection.2.1.2}{Modern economic growth}{subsection.2.1}% 11
\BOOKMARK [3][-]{subsubsection.2.1.3}{An energy revolution}{subsection.2.1}% 12
\BOOKMARK [2][-]{subsection.2.2}{Econometric and economic analyses}{section.2}% 13
\BOOKMARK [3][-]{subsubsection.2.2.1}{Econometric analysis}{subsection.2.2}% 14
\BOOKMARK [3][-]{subsubsection.2.2.2}{Economic analysis}{subsection.2.2}% 15
\BOOKMARK [1][-]{section.3}{Chinese comparative data and institutions}{}% 16
\BOOKMARK [2][-]{subsection.3.1}{Preamble to Chinese growth}{section.3}% 17
\BOOKMARK [2][-]{subsection.3.2}{A first look at data and institutions}{section.3}% 18
\BOOKMARK [3][-]{subsubsection.3.2.1}{Sources and methods}{subsection.3.2}% 19
\BOOKMARK [3][-]{subsubsection.3.2.2}{Regional population and GDP dynamics}{subsection.3.2}% 20
\BOOKMARK [3][-]{subsubsection.3.2.3}{Comparative institutions}{subsection.3.2}% 21
\BOOKMARK [1][-]{section.4}{Toward a theory of industrial revolutions}{}% 22
\BOOKMARK [1][-]{section.5}{Conclusion}{}% 23
